1
15858.8
0
60 48 59
1
9510	4.18879	0
6798	4.18879	0
6796	4.18879	0
12460	4.18879	0
4024	4.18879	0
6739	4.18879	0
1194	4.18879	0
1074	4.18879	0
12343	4.18879	0
15114	4.18879	0
18006	4.18879	0
15232	4.18879	0
9393	4.18879	0
9512	4.18879	0
15117	4.18879	0
20953	4.18879	0
15230	4.18879	0
20836	4.18879	0
23725	4.18879	0
18062	4.18879	0
15287	4.18879	0
12337	4.18879	0
9566	4.18879	0
18300	4.18879	0
15349	4.18879	0
18239	4.18879	0
20954	4.18879	0
21015	4.18879	0
18123	4.18879	0
15351	4.18879	0
18126	4.18879	0
12642	4.18879	0
15591	4.18879	0
15534	4.18879	0
18307	4.18879	0
15416	4.18879	0
18250	4.18879	0
21021	4.18879	0
21140	4.18879	0
24086	4.18879	0
21371	4.18879	0
15589	4.18879	0
18423	4.18879	0
21256	4.18879	0
24087	4.18879	0
23969	4.18879	0
24030	4.18879	0
18187	4.18879	0
18129	4.18879	0
20959	4.18879	0
12464	4.18879	0
20843	4.18879	0
26624	4.18879	0
23614	4.18879	0
12519	4.18879	0
15352	4.18879	0
15292	4.18879	0
12462	4.18879	0
18245	4.18879	0
18185	4.18879	0
12580	4.18879	0
18127	4.18879	0
26330	4.18879	0
31936	4.18879	0
32054	4.18879	0
26391	4.18879	0
26271	4.18879	0
20666	4.18879	0
23441	4.18879	0
23558	4.18879	0
32171	4.18879	0
29280	4.18879	0
32228	4.18879	0
32289	4.18879	0
34946	4.18879	0
32174	4.18879	0
29340	4.18879	0
35120	4.18879	0
32230	4.18879	0
29458	4.18879	0
37895	4.18879	0
35004	4.18879	0
35065	4.18879	0
37779	4.18879	0
43441	4.18879	0
40670	4.18879	0
46333	4.18879	0
46276	4.18879	0
43499	4.18879	0
46390	4.18879	0
40784	4.18879	0
43501	4.18879	0
26625	4.18879	0
26743	4.18879	0
23851	4.18879	0
29574	4.18879	0
26803	4.18879	0
21138	4.18879	0
23854	4.18879	0
32468	4.18879	0
35239	4.18879	0
29517	4.18879	0
26802	4.18879	0
38189	4.18879	0
35238	4.18879	0
40902	4.18879	0
38131	4.18879	0
35179	4.18879	0
35298	4.18879	0
29575	4.18879	0
32405	4.18879	0
35294	4.18879	0
35355	4.18879	0
29631	4.18879	0
38069	4.18879	0
40958	4.18879	0
38007	4.18879	0
38065	4.18879	0
43671	4.18879	0
38125	4.18879	0
35353	4.18879	0
41018	4.18879	0
41075	4.18879	0
32177	4.18879	0
35070	4.18879	0
32295	4.18879	0
29465	4.18879	0
29406	4.18879	0
23800	4.18879	0
23743	4.18879	0
26693	4.18879	0
34896	4.18879	0
32063	4.18879	0
35014	4.18879	0
35012	4.18879	0
29408	4.18879	0
35072	4.18879	0
32358	4.18879	0
43210	4.18879	0
43330	4.18879	0
40555	4.18879	0
37666	4.18879	0
40499	4.18879	0
43448	4.18879	0
49054	4.18879	0
46220	4.18879	0
34950	4.18879	0
32060	4.18879	0
34834	4.18879	0
31999	4.18879	0
34836	4.18879	0
31944	4.18879	0
32062	4.18879	0
46694	4.18879	0
43863	4.18879	0
43921	4.18879	0
43744	4.18879	0
40854	4.18879	0
38139	4.18879	0
40852	4.18879	0
43507	4.18879	0
37844	4.18879	0
40677	4.18879	0
43626	4.18879	0
35189	4.18879	0
40794	4.18879	0
35131	4.18879	0
40912	4.18879	0
52182	4.18879	0
54955	4.18879	0
57905	4.18879	0
57844	4.18879	0
57789	4.18879	0
57670	4.18879	0
54896	4.18879	0
60619	4.18879	0
46399	4.18879	0
49292	4.18879	0
46342	4.18879	0
40736	4.18879	0
52062	4.18879	0
49350	4.18879	0
49289	4.18879	0
49172	4.18879	0
37780	4.18879	0
37899	4.18879	0
32115	4.18879	0
37778	4.18879	0
37896	4.18879	0
40727	4.18879	0
32172	4.18879	0
43384	4.18879	0
40495	4.18879	0
46099	4.18879	0
40613	4.18879	0
43445	4.18879	0
40673	4.18879	0
46337	4.18879	0
40730	4.18879	0
40315	4.18879	0
40434	4.18879	0
37541	4.18879	0
43204	4.18879	0
37659	4.18879	0
40552	4.18879	0
37602	4.18879	0
40550	4.18879	0
51760	4.18879	0
54711	4.18879	0
57482	4.18879	0
48987	4.18879	0
46097	4.18879	0
43264	4.18879	0
45979	4.18879	0
46154	4.18879	0
32291	4.18879	0
29402	4.18879	0
35005	4.18879	0
32352	4.18879	0
26628	4.18879	0
26570	4.18879	0
20965	4.18879	0
26689	4.18879	0
23621	4.18879	0
23738	4.18879	0
26510	4.18879	0
29284	4.18879	0
20789	4.18879	0
20849	4.18879	0
23622	4.18879	0
20731	4.18879	0
34886	4.18879	0
32111	4.18879	0
37776	4.18879	0
26389	4.18879	0
32052	4.18879	0
29161	4.18879	0
29218	4.18879	0
26507	4.18879	0
23617	4.18879	0
26568	4.18879	0
20962	4.18879	0
26566	4.18879	0
32348	4.18879	0
32229	4.18879	0
29459	4.18879	0
49871	4.18879	0
52819	4.18879	0
55653	4.18879	0
55535	4.18879	0
55713	4.18879	0
52880	4.18879	0
50109	4.18879	0
52823	4.18879	0
44443	4.18879	0
47156	4.18879	0
47158	4.18879	0
50106	4.18879	0
47214	4.18879	0
41551	4.18879	0
41490	4.18879	0
44440	4.18879	0
46983	4.18879	0
46981	4.18879	0
41376	4.18879	0
44269	4.18879	0
41256	4.18879	0
44148	4.18879	0
41374	4.18879	0
46920	4.18879	0
32817	4.18879	0
38423	4.18879	0
38540	4.18879	0
35530	4.18879	0
38483	4.18879	0
44206	4.18879	0
41313	4.18879	0
38601	4.18879	0
47279	4.18879	0
50053	4.18879	0
53003	4.18879	0
50169	4.18879	0
49935	4.18879	0
47220	4.18879	0
47101	4.18879	0
52884	4.18879	0
52763	4.18879	0
52765	4.18879	0
58487	4.18879	0
58309	4.18879	0
49876	4.18879	0
49815	4.18879	0
52705	4.18879	0
46928	4.18879	0
49758	4.18879	0
44094	4.18879	0
47045	4.18879	0
41201	4.18879	0
44035	4.18879	0
44152	4.18879	0
38429	4.18879	0
44274	4.18879	0
49998	4.18879	0
44276	4.18879	0
49879	4.18879	0
49936	4.18879	0
46986	4.18879	0
52650	4.18879	0
47047	4.18879	0
72943	4.18879	0
75717	4.18879	0
75836	4.18879	0
70112	4.18879	0
64506	4.18879	0
70170	4.18879	0
67220	4.18879	0
67336	4.18879	0
64391	4.18879	0
67281	4.18879	0
61557	4.18879	0
58785	4.18879	0
58903	4.18879	0
61674	4.18879	0
61792	4.18879	0
64507	4.18879	0
61676	4.18879	0
56011	4.18879	0
55951	4.18879	0
58901	4.18879	0
55833	4.18879	0
55952	4.18879	0
53059	4.18879	0
50229	4.18879	0
52941	4.18879	0
50167	4.18879	0
55831	4.18879	0
55771	4.18879	0
61612	4.18879	0
61496	4.18879	0
61494	4.18879	0
55948	4.18879	0
47519	4.18879	0
50234	4.18879	0
44570	4.18879	0
44568	4.18879	0
47463	4.18879	0
47345	4.18879	0
53069	4.18879	0
53067	4.18879	0
53125	4.18879	0
56075	4.18879	0
58790	4.18879	0
56014	4.18879	0
58671	4.18879	0
55896	4.18879	0
58728	4.18879	0
61620	4.18879	0
50231	4.18879	0
53065	4.18879	0
53181	4.18879	0
55894	4.18879	0
47283	4.18879	0
47400	4.18879	0
50172	4.18879	0
44508	4.18879	0
47338	4.18879	0
47395	4.18879	0
44386	4.18879	0
47280	4.18879	0
47340	4.18879	0
44506	4.18879	0
50170	4.18879	0
32882	4.18879	0
35773	4.18879	0
35655	4.18879	0
38544	4.18879	0
33002	4.18879	0
30051	4.18879	0
35715	4.18879	0
32944	4.18879	0
24387	4.18879	0
24270	4.18879	0
29992	4.18879	0
30052	4.18879	0
29816	4.18879	0
27045	4.18879	0
32709	4.18879	0
29934	4.18879	0
24151	4.18879	0
18488	4.18879	0
21438	4.18879	0
18486	4.18879	0
26867	4.18879	0
24033	4.18879	0
21262	4.18879	0
29756	4.18879	0
26982	4.18879	0
29813	4.18879	0
29815	4.18879	0
26864	4.18879	0
26980	4.18879	0
27040	4.18879	0
29930	4.18879	0
27037	4.18879	0
30167	4.18879	0
35772	4.18879	0
30106	4.18879	0
30049	4.18879	0
35774	4.18879	0
35713	4.18879	0
35657	4.18879	0
35829	4.18879	0
32937	4.18879	0
32995	4.18879	0
38542	4.18879	0
32819	4.18879	0
27214	4.18879	0
29989	4.18879	0
41377	4.18879	0
47043	4.18879	0
38547	4.18879	0
41614	4.18879	0
38665	4.18879	0
44330	4.18879	0
41495	4.18879	0
47097	4.18879	0
47275	4.18879	0
44325	4.18879	0
44265	4.18879	0
41435	4.18879	0
47039	4.18879	0
35363	4.18879	0
38194	4.18879	0
41027	4.18879	0
35245	4.18879	0
46630	4.18879	0
40907	4.18879	0
41025	4.18879	0
40909	4.18879	0
35126	4.18879	0
29520	4.18879	0
35243	4.18879	0
38016	4.18879	0
38014	4.18879	0
35064	4.18879	0
40729	4.18879	0
35066	4.18879	0
32534	4.18879	0
26928	4.18879	0
29762	4.18879	0
26809	4.18879	0
32415	4.18879	0
35309	4.18879	0
38022	4.18879	0
35129	4.18879	0
40911	4.18879	0
35128	4.18879	0
29464	4.18879	0
32354	4.18879	0
38078	4.18879	0
41023	4.18879	0
43913	4.18879	0
41080	4.18879	0
41141	4.18879	0
41083	4.18879	0
38134	4.18879	0
38311	4.18879	0
43858	4.18879	0
52586	4.18879	0
46864	4.18879	0
52530	4.18879	0
55301	4.18879	0
49579	4.18879	0
43975	4.18879	0
49697	4.18879	0
49581	4.18879	0
43677	4.18879	0
46391	4.18879	0
43557	4.18879	0
46507	4.18879	0
43733	4.18879	0
43794	4.18879	0
40843	4.18879	0
38070	4.18879	0
43853	4.18879	0
43736	4.18879	0
35302	4.18879	0
35300	4.18879	0
38192	4.18879	0
40906	4.18879	0
74165	4.18879	0
77115	4.18879	0
76998	4.18879	0
77117	4.18879	0
82839	4.18879	0
82722	4.18879	0
82782	4.18879	0
88386	4.18879	0
80188	4.18879	0
74466	4.18879	0
80069	4.18879	0
77295	4.18879	0
82783	4.18879	0
82840	4.18879	0
80068	4.18879	0
82959	4.18879	0
79652	4.18879	0
76881	4.18879	0
82603	4.18879	0
79595	4.18879	0
79592	4.18879	0
82484	4.18879	0
76878	4.18879	0
82541	4.18879	0
79888	4.18879	0
82778	4.18879	0
82544	4.18879	0
85436	4.18879	0
85493	4.18879	0
79830	4.18879	0
68266	4.18879	0
68383	4.18879	0
71217	4.18879	0
65611	4.18879	0
65494	4.18879	0
62779	4.18879	0
65613	4.18879	0
59888	4.18879	0
76819	4.18879	0
76880	4.18879	0
73930	4.18879	0
76702	4.18879	0
74048	4.18879	0
76999	4.18879	0
71158	4.18879	0
65558	4.18879	0
65675	4.18879	0
71341	4.18879	0
68388	4.18879	0
62726	4.18879	0
65500	4.18879	0
65498	4.18879	0
59777	4.18879	0
62723	4.18879	0
65497	4.18879	0
68327	4.18879	0
62663	4.18879	0
74109	4.18879	0
71161	4.18879	0
71159	4.18879	0
68446	4.18879	0
80310	4.18879	0
83024	4.18879	0
77418	4.18879	0
80312	4.18879	0
83199	4.18879	0
86033	4.18879	0
83319	4.18879	0
85855	4.18879	0
80249	4.18879	0
85912	4.18879	0
80131	4.18879	0
80248	4.18879	0
74525	4.18879	0
74643	4.18879	0
83021	4.18879	0
83138	4.18879	0
77415	4.18879	0
80186	4.18879	0
85911	4.18879	0
88860	4.18879	0
91634	4.18879	0
83198	4.18879	0
80363	4.18879	0
77649	4.18879	0
80424	4.18879	0
83195	4.18879	0
83193	4.18879	0
86084	4.18879	0
88857	4.18879	0
83254	4.18879	0
80007	4.18879	0
82838	4.18879	0
79946	4.18879	0
74401	4.18879	0
79950	4.18879	0
77058	4.18879	0
79948	4.18879	0
74286	4.18879	0
77353	4.18879	0
80183	4.18879	0
80126	4.18879	0
77235	4.18879	0
80241	4.18879	0
80122	4.18879	0
85906	4.18879	0
68623	4.18879	0
68741	4.18879	0
65848	4.18879	0
71454	4.18879	0
68625	4.18879	0
65911	4.18879	0
63078	4.18879	0
74582	4.18879	0
74580	4.18879	0
77354	4.18879	0
74463	4.18879	0
71574	4.18879	0
68859	4.18879	0
68740	4.18879	0
74523	4.18879	0
54173	4.18879	0
56947	4.18879	0
51342	4.18879	0
57064	4.18879	0
54408	4.18879	0
57123	4.18879	0
54292	4.18879	0
54231	4.18879	0
62845	4.18879	0
60011	4.18879	0
57181	4.18879	0
65795	4.18879	0
62963	4.18879	0
62847	4.18879	0
59957	4.18879	0
65563	4.18879	0
68453	4.18879	0
59839	4.18879	0
65445	4.18879	0
68279	4.18879	0
62614	4.18879	0
62554	4.18879	0
68333	4.18879	0
68394	4.18879	0
73998	4.18879	0
71108	4.18879	0
65440	4.18879	0
71105	4.18879	0
65443	4.18879	0
71103	4.18879	0
65499	4.18879	0
71045	4.18879	0
73995	4.18879	0
73759	4.18879	0
76652	4.18879	0
73877	4.18879	0
79541	4.18879	0
65380	4.18879	0
62608	4.18879	0
68330	4.18879	0
65616	4.18879	0
71220	4.18879	0
65614	4.18879	0
68505	4.18879	0
65672	4.18879	0
74049	4.18879	0
74051	4.18879	0
71336	4.18879	0
68386	4.18879	0
74170	4.18879	0
77059	4.18879	0
79893	4.18879	0
71395	4.18879	0
76944	4.18879	0
82668	4.18879	0
77061	4.18879	0
82606	4.18879	0
54530	4.18879	0
57245	4.18879	0
51641	4.18879	0
57306	4.18879	0
51697	4.18879	0
57302	4.18879	0
57420	4.18879	0
54590	4.18879	0
60256	4.18879	0
63087	4.18879	0
57363	4.18879	0
60138	4.18879	0
63090	4.18879	0
57486	4.18879	0
57425	4.18879	0
57542	4.18879	0
62909	4.18879	0
59959	4.18879	0
62848	4.18879	0
62732	4.18879	0
68455	4.18879	0
68395	4.18879	0
65565	4.18879	0
71229	4.18879	0
60073	4.18879	0
62965	4.18879	0
60076	4.18879	0
63026	4.18879	0
46095	4.18879	0
43203	4.18879	0
46152	4.18879	0
40429	4.18879	0
48809	4.18879	0
48749	4.18879	0
48867	4.18879	0
45916	4.18879	0
40310	4.18879	0
43082	4.18879	0
43201	4.18879	0
40368	4.18879	0
46089	4.18879	0
48862	4.18879	0
43139	4.18879	0
46091	4.18879	0
48509	4.18879	0
45678	4.18879	0
48570	4.18879	0
54174	4.18879	0
54171	4.18879	0
51457	4.18879	0
48508	4.18879	0
51459	4.18879	0
48686	4.18879	0
45737	4.18879	0
43022	4.18879	0
51519	4.18879	0
48744	4.18879	0
51637	4.18879	0
45973	4.18879	0
31932	4.18879	0
37596	4.18879	0
31874	4.18879	0
31813	4.18879	0
31930	4.18879	0
37595	4.18879	0
37653	4.18879	0
34820	4.18879	0
43321	4.18879	0
46093	4.18879	0
34765	4.18879	0
40369	4.18879	0
40430	4.18879	0
34707	4.18879	0
49044	4.18879	0
49105	4.18879	0
43381	4.18879	0
51818	4.18879	0
54826	4.18879	0
49103	4.18879	0
52052	4.18879	0
51933	4.18879	0
43145	4.18879	0
46096	4.18879	0
40373	4.18879	0
40490	4.18879	0
43382	4.18879	0
46212	4.18879	0
40607	4.18879	0
57241	4.18879	0
57298	4.18879	0
54349	4.18879	0
51636	4.18879	0
57299	4.18879	0
54525	4.18879	0
60249	4.18879	0
54586	4.18879	0
51756	4.18879	0
48922	4.18879	0
51873	4.18879	0
57478	4.18879	0
45972	4.18879	0
46090	4.18879	0
43200	4.18879	0
48805	4.18879	0
66037	4.18879	0
60372	4.18879	0
60432	4.18879	0
66094	4.18879	0
54707	4.18879	0
60431	4.18879	0
57656	4.18879	0
60309	4.18879	0
60427	4.18879	0
63202	4.18879	0
54587	4.18879	0
54469	4.18879	0
60251	4.18879	0
23669	4.18879	0
26442	4.18879	0
20719	4.18879	0
26503	4.18879	0
17945	4.18879	0
23608	4.18879	0
17943	4.18879	0
20718	4.18879	0
23553	4.18879	0
26504	4.18879	0
23670	4.18879	0
23495	4.18879	0
26266	4.18879	0
26209	4.18879	0
26385	4.18879	0
26148	4.18879	0
29098	4.18879	0
23315	4.18879	0
28920	4.18879	0
26203	4.18879	0
23372	4.18879	0
26322	4.18879	0
26146	4.18879	0
14762	4.18879	0
14819	4.18879	0
17534	4.18879	0
14880	4.18879	0
20485	4.18879	0
20424	4.18879	0
23374	4.18879	0
48743	4.18879	0
46031	4.18879	0
51694	4.18879	0
46088	4.18879	0
40366	4.18879	0
46033	4.18879	0
40426	4.18879	0
43376	4.18879	0
37654	4.18879	0
40483	4.18879	0
40486	4.18879	0
43320	4.18879	0
37715	4.18879	0
43437	4.18879	0
32045	4.18879	0
34995	4.18879	0
37709	4.18879	0
34997	4.18879	0
34879	4.18879	0
37772	4.18879	0
40544	4.18879	0
40660	4.18879	0
32044	4.18879	0
34878	4.18879	0
34817	4.18879	0
34760	4.18879	0
29096	4.18879	0
31868	4.18879	0
31986	4.18879	0
60374	4.18879	0
65978	4.18879	0
63207	4.18879	0
60257	4.18879	0
65920	4.18879	0
62969	4.18879	0
60255	4.18879	0
62971	4.18879	0
63266	4.18879	0
63209	4.18879	0
57484	4.18879	0
66099	4.18879	0
63327	4.18879	0
66102	4.18879	0
71527	4.18879	0
77251	4.18879	0
74476	4.18879	0
74478	4.18879	0
74419	4.18879	0
80084	4.18879	0
77135	4.18879	0
82857	4.18879	0
74477	4.18879	0
68871	4.18879	0
68753	4.18879	0
68873	4.18879	0
71764	4.18879	0
71821	4.18879	0
74536	4.18879	0
74714	4.18879	0
48989	4.18879	0
43266	4.18879	0
48929	4.18879	0
46215	4.18879	0
43383	4.18879	0
37719	4.18879	0
48871	4.18879	0
54534	4.18879	0
51643	4.18879	0
51640	4.18879	0
48927	4.18879	0
54592	4.18879	0
57483	4.18879	0
60317	4.18879	0
63088	4.18879	0
54709	4.18879	0
60437	4.18879	0
57487	4.18879	0
57603	4.18879	0
63150	4.18879	0
54536	4.18879	0
60200	4.18879	0
57429	4.18879	0
49104	4.18879	0
46273	4.18879	0
49046	4.18879	0
54769	4.18879	0
54830	4.18879	0
51938	4.18879	0
49107	4.18879	0
55008	4.18879	0
60614	4.18879	0
54889	4.18879	0
60612	4.18879	0
54890	4.18879	0
49227	4.18879	0
51998	4.18879	0
54892	4.18879	0
46278	4.18879	0
49170	4.18879	0
43565	4.18879	0
49110	4.18879	0
54775	4.18879	0
57664	4.18879	0
43563	4.18879	0
43385	4.18879	0
43388	4.18879	0
40674	4.18879	0
37784	4.18879	0
37841	4.18879	0
32117	4.18879	0
34889	4.18879	0
29165	4.18879	0
31996	4.18879	0
29283	4.18879	0
31998	4.18879	0
37720	4.18879	0
37837	4.18879	0
37603	4.18879	0
37660	4.18879	0
40316	4.18879	0
37723	4.18879	0
40438	4.18879	0
32059	4.18879	0
29229	4.18879	0
29227	4.18879	0
31942	4.18879	0
32118	4.18879	0
43271	4.18879	0
43213	4.18879	0
46104	4.18879	0
37608	4.18879	0
34775	4.18879	0
37489	4.18879	0
37605	4.18879	0
78921	4.18879	0
78981	4.18879	0
78863	4.18879	0
73257	4.18879	0
79099	4.18879	0
81930	4.18879	0
79041	4.18879	0
81812	4.18879	0
84583	4.18879	0
84526	4.18879	0
78861	4.18879	0
84407	4.18879	0
90131	4.18879	0
84467	4.18879	0
90189	4.18879	0
84465	4.18879	0
78801	4.18879	0
78919	4.18879	0
84463	4.18879	0
90126	4.18879	0
87236	4.18879	0
84521	4.18879	0
87413	4.18879	0
87296	4.18879	0
84346	4.18879	0
84406	4.18879	0
90011	4.18879	0
84170	4.18879	0
87121	4.18879	0
89893	4.18879	0
90010	4.18879	0
87007	4.18879	0
81342	4.18879	0
87005	4.18879	0
84293	4.18879	0
84294	4.18879	0
81403	4.18879	0
87009	4.18879	0
81346	4.18879	0
87242	4.18879	0
90015	4.18879	0
90133	4.18879	0
87303	4.18879	0
89899	4.18879	0
90016	4.18879	0
92788	4.18879	0
89955	4.18879	0
72787	4.18879	0
75738	4.18879	0
78453	4.18879	0
69957	4.18879	0
75856	4.18879	0
72904	4.18879	0
72906	4.18879	0
78568	4.18879	0
78685	4.18879	0
81400	4.18879	0
75796	4.18879	0
78508	4.18879	0
81397	4.18879	0
75733	4.18879	0
78567	4.18879	0
75615	4.18879	0
84698	4.18879	0
81805	4.18879	0
81924	4.18879	0
84755	4.18879	0
78915	4.18879	0
76201	4.18879	0
73309	4.18879	0
81864	4.18879	0
84462	4.18879	0
81749	4.18879	0
78799	4.18879	0
81633	4.18879	0
81747	4.18879	0
84578	4.18879	0
87353	4.18879	0
93370	4.18879	0
87646	4.18879	0
93368	4.18879	0
96083	4.18879	0
93251	4.18879	0
96024	4.18879	0
90300	4.18879	0
93131	4.18879	0
87649	4.18879	0
84815	4.18879	0
90598	4.18879	0
84935	4.18879	0
87706	4.18879	0
84813	4.18879	0
87587	4.18879	0
81983	4.18879	0
70364	4.18879	0
64701	4.18879	0
64817	4.18879	0
61808	4.18879	0
70480	4.18879	0
64758	4.18879	0
67708	4.18879	0
73314	4.18879	0
73255	4.18879	0
70306	4.18879	0
73376	4.18879	0
76089	4.18879	0
79038	4.18879	0
73132	4.18879	0
67528	4.18879	0
70418	4.18879	0
70361	4.18879	0
70416	4.18879	0
70359	4.18879	0
76140	4.18879	0
70534	4.18879	0
73311	4.18879	0
76145	4.18879	0
78858	4.18879	0
81807	4.18879	0
75908	4.18879	0
73194	4.18879	0
78857	4.18879	0
73075	4.18879	0
87467	4.18879	0
90182	4.18879	0
93013	4.18879	0
87291	4.18879	0
95845	4.18879	0
98737	4.18879	0
93070	4.18879	0
98563	4.18879	0
92898	4.18879	0
95791	4.18879	0
98680	4.18879	0
95729	4.18879	0
93015	4.18879	0
92896	4.18879	0
98678	4.18879	0
78911	4.18879	0
81625	4.18879	0
76020	4.18879	0
81686	4.18879	0
84573	4.18879	0
87407	4.18879	0
84456	4.18879	0
81802	4.18879	0
87584	4.18879	0
90359	4.18879	0
84636	4.18879	0
93189	4.18879	0
90355	4.18879	0
90238	4.18879	0
84692	4.18879	0
90236	4.18879	0
95611	4.18879	0
95493	4.18879	0
98385	4.18879	0
92780	4.18879	0
95731	4.18879	0
90007	4.18879	0
92841	4.18879	0
95613	4.18879	0
98445	4.18879	0
95615	4.18879	0
101220	4.18879	0
98565	4.18879	0
101280	4.18879	0
98329	4.18879	0
103994	4.18879	0
103992	4.18879	0
87231	4.18879	0
89945	4.18879	0
84282	4.18879	0
89947	4.18879	0
95491	4.18879	0
92719	4.18879	0
95552	4.18879	0
89829	4.18879	0
92777	4.18879	0
98501	4.18879	0
92894	4.18879	0
101511	4.18879	0
101392	4.18879	0
95786	4.18879	0
101449	4.18879	0
78434	4.18879	0
78493	4.18879	0
75601	4.18879	0
78491	4.18879	0
84216	4.18879	0
81323	4.18879	0
87046	4.18879	0
81266	4.18879	0
78730	4.18879	0
81502	4.18879	0
81620	4.18879	0
87226	4.18879	0
81444	4.18879	0
84275	4.18879	0
87049	4.18879	0
87167	4.18879	0
70117	4.18879	0
67346	4.18879	0
70237	4.18879	0
72952	4.18879	0
70058	4.18879	0
70116	4.18879	0
75722	4.18879	0
67344	4.18879	0
75487	4.18879	0
72774	4.18879	0
72773	4.18879	0
75545	4.18879	0
75603	4.18879	0
78436	4.18879	0
75721	4.18879	0
72890	4.18879	0
92420	4.18879	0
95370	4.18879	0
89706	4.18879	0
92536	4.18879	0
98205	4.18879	0
95371	4.18879	0
95254	4.18879	0
89649	4.18879	0
92716	4.18879	0
95666	4.18879	0
98380	4.18879	0
95667	4.18879	0
95549	4.18879	0
89826	4.18879	0
95430	4.18879	0
95492	4.18879	0
87050	4.18879	0
81388	4.18879	0
81269	4.18879	0
92771	4.18879	0
92773	4.18879	0
87109	4.18879	0
92890	4.18879	0
90000	4.18879	0
92950	4.18879	0
95665	4.18879	0
92770	4.18879	0
95661	4.18879	0
89940	4.18879	0
98436	4.18879	0
42036	4.18879	0
44808	4.18879	0
50532	4.18879	0
47758	4.18879	0
47641	4.18879	0
44811	4.18879	0
50475	4.18879	0
47524	4.18879	0
38969	4.18879	0
38851	4.18879	0
44573	4.18879	0
41801	4.18879	0
47583	4.18879	0
41920	4.18879	0
41918	4.18879	0
47465	4.18879	0
56135	4.18879	0
56133	4.18879	0
50410	4.18879	0
56015	4.18879	0
55899	4.18879	0
55956	4.18879	0
53185	4.18879	0
50235	4.18879	0
53188	4.18879	0
50238	4.18879	0
47523	4.18879	0
53068	4.18879	0
55782	4.18879	0
58673	4.18879	0
55843	4.18879	0
42039	4.18879	0
39149	4.18879	0
36315	4.18879	0
30770	4.18879	0
36493	4.18879	0
36374	4.18879	0
36491	4.18879	0
39322	4.18879	0
33599	4.18879	0
36608	4.18879	0
39320	4.18879	0
39143	4.18879	0
36430	4.18879	0
42095	4.18879	0
42093	4.18879	0
33714	4.18879	0
30764	4.18879	0
33597	4.18879	0
30822	4.18879	0
36369	4.18879	0
30646	4.18879	0
36311	4.18879	0
30765	4.18879	0
39201	4.18879	0
39140	4.18879	0
36250	4.18879	0
33476	4.18879	0
44746	4.18879	0
44864	4.18879	0
44744	4.18879	0
39141	4.18879	0
50350	4.18879	0
44567	4.18879	0
50232	4.18879	0
44687	4.18879	0
53183	4.18879	0
56013	4.18879	0
50349	4.18879	0
53066	4.18879	0
47403	4.18879	0
50353	4.18879	0
55959	4.18879	0
56016	4.18879	0
53182	4.18879	0
56072	4.18879	0
58786	4.18879	0
56074	4.18879	0
61735	4.18879	0
61617	4.18879	0
58843	4.18879	0
58846	4.18879	0
64684	4.18879	0
61912	4.18879	0
58962	4.18879	0
64567	4.18879	0
64805	4.18879	0
64687	4.18879	0
59082	4.18879	0
59080	4.18879	0
50758	4.18879	0
53533	4.18879	0
47809	4.18879	0
50639	4.18879	0
47748	4.18879	0
47808	4.18879	0
42085	4.18879	0
44798	4.18879	0
53475	4.18879	0
47870	4.18879	0
50761	4.18879	0
50700	4.18879	0
56306	4.18879	0
59257	4.18879	0
56423	4.18879	0
53592	4.18879	0
50401	4.18879	0
44797	4.18879	0
50462	4.18879	0
53351	4.18879	0
44739	4.18879	0
47689	4.18879	0
44858	4.18879	0
47573	4.18879	0
50406	4.18879	0
53180	4.18879	0
53299	4.18879	0
53237	4.18879	0
47455	4.18879	0
41851	4.18879	0
47516	4.18879	0
75485	4.18879	0
75604	4.18879	0
78378	4.18879	0
78260	4.18879	0
72656	4.18879	0
75486	4.18879	0
69764	4.18879	0
72650	4.18879	0
69936	4.18879	0
69819	4.18879	0
78494	4.18879	0
75660	4.18879	0
72770	4.18879	0
69942	4.18879	0
75665	4.18879	0
72772	4.18879	0
72891	4.18879	0
64397	4.18879	0
67169	4.18879	0
67171	4.18879	0
72893	4.18879	0
69884	4.18879	0
72718	4.18879	0
72777	4.18879	0
78381	4.18879	0
81093	4.18879	0
75488	4.18879	0
78322	4.18879	0
78379	4.18879	0
84340	4.18879	0
84280	4.18879	0
78674	4.18879	0
84397	4.18879	0
89825	4.18879	0
89944	4.18879	0
87054	4.18879	0
84161	4.18879	0
90183	4.18879	0
84460	4.18879	0
90066	4.18879	0
87290	4.18879	0
92954	4.18879	0
87232	4.18879	0
92836	4.18879	0
87171	4.18879	0
78552	4.18879	0
78671	4.18879	0
81501	4.18879	0
84100	4.18879	0
81386	4.18879	0
86991	4.18879	0
81384	4.18879	0
84218	4.18879	0
81329	4.18879	0
86992	4.18879	0
87053	4.18879	0
87110	4.18879	0
55897	4.18879	0
50233	4.18879	0
47341	4.18879	0
50290	4.18879	0
53063	4.18879	0
55778	4.18879	0
50115	4.18879	0
50054	4.18879	0
58550	4.18879	0
61380	4.18879	0
55835	4.18879	0
58669	4.18879	0
61624	4.18879	0
61741	4.18879	0
61563	4.18879	0
52950	4.18879	0
55898	4.18879	0
53127	4.18879	0
58498	4.18879	0
58616	4.18879	0
61328	4.18879	0
64279	4.18879	0
58555	4.18879	0
55780	4.18879	0
55664	4.18879	0
55841	4.18879	0
75777	4.18879	0
72944	4.18879	0
70172	4.18879	0
75834	4.18879	0
75716	4.18879	0
75599	4.18879	0
75718	4.18879	0
69993	4.18879	0
67165	4.18879	0
61502	4.18879	0
70115	4.18879	0
69938	4.18879	0
72827	4.18879	0
72888	4.18879	0
67163	4.18879	0
64451	4.18879	0
70174	4.18879	0
61680	4.18879	0
67286	4.18879	0
70175	4.18879	0
59024	4.18879	0
59022	4.18879	0
56132	4.18879	0
61795	4.18879	0
67519	4.18879	0
67400	4.18879	0
64744	4.18879	0
67212	4.18879	0
72818	4.18879	0
67155	4.18879	0
69868	4.18879	0
70046	4.18879	0
64382	4.18879	0
67331	4.18879	0
67216	4.18879	0
72881	4.18879	0
67159	4.18879	0
69930	4.18879	0
67215	4.18879	0
78368	4.18879	0
72822	4.18879	0
78486	4.18879	0
75534	4.18879	0
75598	4.18879	0
75479	4.18879	0
72647	4.18879	0
75596	4.18879	0
75482	4.18879	0
81144	4.18879	0
72589	4.18879	0
81204	4.18879	0
75654	4.18879	0
69931	4.18879	0
72703	4.18879	0
72761	4.18879	0
81260	4.18879	0
78545	4.18879	0
78426	4.18879	0
75537	4.18879	0
81670	4.18879	0
84619	4.18879	0
76064	4.18879	0
78895	4.18879	0
76005	4.18879	0
73115	4.18879	0
76007	4.18879	0
78719	4.18879	0
75827	4.18879	0
70163	4.18879	0
73112	4.18879	0
70103	4.18879	0
78776	4.18879	0
75884	4.18879	0
73170	4.18879	0
64500	4.18879	0
61610	4.18879	0
58835	4.18879	0
58718	4.18879	0
64503	4.18879	0
61553	4.18879	0
58837	4.18879	0
58898	4.18879	0
67509	4.18879	0
70223	4.18879	0
67392	4.18879	0
70104	4.18879	0
75828	4.18879	0
70165	4.18879	0
70106	4.18879	0
83860	4.18879	0
83862	4.18879	0
78197	4.18879	0
80910	4.18879	0
75426	4.18879	0
75424	4.18879	0
75543	4.18879	0
81147	4.18879	0
86928	4.18879	0
84038	4.18879	0
89643	4.18879	0
86809	4.18879	0
84097	4.18879	0
81145	4.18879	0
84154	4.18879	0
75540	4.18879	0
95485	4.18879	0
89822	4.18879	0
92652	4.18879	0
92712	4.18879	0
86930	4.18879	0
86987	4.18879	0
92651	4.18879	0
95481	4.18879	0
92647	4.18879	0
92707	4.18879	0
89758	4.18879	0
86984	4.18879	0
84035	4.18879	0
87281	4.18879	0
87163	4.18879	0
84389	4.18879	0
87279	4.18879	0
95777	4.18879	0
95719	4.18879	0
90056	4.18879	0
90054	4.18879	0
84333	4.18879	0
81382	4.18879	0
84331	4.18879	0
78728	4.18879	0
86986	4.18879	0
84214	4.18879	0
87104	4.18879	0
81380	4.18879	0
84328	4.18879	0
78663	4.18879	0
78665	4.18879	0
81377	4.18879	0
87102	4.18879	0
84153	4.18879	0
84213	4.18879	0
81497	4.18879	0
75888	4.18879	0
78780	4.18879	0
78662	4.18879	0
78778	4.18879	0
84445	4.18879	0
87159	4.18879	0
81555	4.18879	0
81493	4.18879	0
49878	4.18879	0
47103	4.18879	0
47105	4.18879	0
55600	4.18879	0
55540	4.18879	0
58315	4.18879	0
52948	4.18879	0
52832	4.18879	0
50059	4.18879	0
52887	4.18879	0
55661	4.18879	0
52771	4.18879	0
44331	4.18879	0
47161	4.18879	0
41557	4.18879	0
52942	4.18879	0
55715	4.18879	0
55772	4.18879	0
61319	4.18879	0
52882	4.18879	0
52706	4.18879	0
58429	4.18879	0
52825	4.18879	0
55655	4.18879	0
38782	4.18879	0
38843	4.18879	0
35952	4.18879	0
36009	4.18879	0
38781	4.18879	0
41496	4.18879	0
41673	4.18879	0
41553	4.18879	0
44446	4.18879	0
41674	4.18879	0
41617	4.18879	0
44626	4.18879	0
47456	4.18879	0
53239	4.18879	0
53121	4.18879	0
47513	4.18879	0
44624	4.18879	0
47575	4.18879	0
47514	4.18879	0
47633	4.18879	0
41847	4.18879	0
44621	4.18879	0
44740	4.18879	0
47510	4.18879	0
53115	4.18879	0
53231	4.18879	0
47509	4.18879	0
50279	4.18879	0
47390	4.18879	0
47507	4.18879	0
53053	4.18879	0
41727	4.18879	0
41788	4.18879	0
44677	4.18879	0
44500	4.18879	0
41789	4.18879	0
47512	4.18879	0
44738	4.18879	0
47452	4.18879	0
58720	4.18879	0
61492	4.18879	0
61434	4.18879	0
58600	4.18879	0
55889	4.18879	0
53055	4.18879	0
58778	4.18879	0
56006	4.18879	0
52995	4.18879	0
55767	4.18879	0
58658	4.18879	0
50221	4.18879	0
52874	4.18879	0
58539	4.18879	0
52817	4.18879	0
64505	4.18879	0
61730	4.18879	0
67394	4.18879	0
56126	4.18879	0
59015	4.18879	0
61849	4.18879	0
56123	4.18879	0
53350	4.18879	0
53410	4.18879	0
53232	4.18879	0
55946	4.18879	0
58897	4.18879	0
58894	4.18879	0
67395	4.18879	0
73002	4.18879	0
70167	4.18879	0
67279	4.18879	0
67280	4.18879	0
73003	4.18879	0
67397	4.18879	0
70232	4.18879	0
67276	4.18879	0
61611	4.18879	0
64562	4.18879	0
64560	4.18879	0
70226	4.18879	0
70168	4.18879	0
73119	4.18879	0
44503	4.18879	0
47278	4.18879	0
50049	4.18879	0
53000	4.18879	0
50286	4.18879	0
53178	4.18879	0
38840	4.18879	0
35891	4.18879	0
33176	4.18879	0
38721	4.18879	0
38957	4.18879	0
41791	4.18879	0
38897	4.18879	0
33293	4.18879	0
36123	4.18879	0
33232	4.18879	0
33115	4.18879	0
33233	4.18879	0
27450	4.18879	0
33117	4.18879	0
30462	4.18879	0
27570	4.18879	0
24739	4.18879	0
30345	4.18879	0
44384	4.18879	0
41434	4.18879	0
38662	4.18879	0
35888	4.18879	0
41316	4.18879	0
44267	4.18879	0
32879	4.18879	0
32940	4.18879	0
38545	4.18879	0
32822	4.18879	0
32760	4.18879	0
32820	4.18879	0
32703	4.18879	0
35592	4.18879	0
21670	4.18879	0
18720	4.18879	0
18781	4.18879	0
24383	4.18879	0
24442	4.18879	0
21551	4.18879	0
24323	4.18879	0
18776	4.18879	0
30165	4.18879	0
33057	4.18879	0
33114	4.18879	0
27452	4.18879	0
30047	4.18879	0
32939	4.18879	0
49992	4.18879	0
55658	4.18879	0
61379	4.18879	0
58431	4.18879	0
55656	4.18879	0
55717	4.18879	0
52647	4.18879	0
58312	4.18879	0
49874	4.18879	0
49817	4.18879	0
49700	4.18879	0
55362	4.18879	0
49756	4.18879	0
64331	4.18879	0
67044	4.18879	0
64269	4.18879	0
55774	4.18879	0
58726	4.18879	0
61498	4.18879	0
64091	4.18879	0
64210	4.18879	0
58544	4.18879	0
61261	4.18879	0
61435	4.18879	0
58485	4.18879	0
58664	4.18879	0
52651	4.18879	0
52769	4.18879	0
52649	4.18879	0
52770	4.18879	0
52827	4.18879	0
52590	4.18879	0
46867	4.18879	0
46984	4.18879	0
49760	4.18879	0
49762	4.18879	0
55365	4.18879	0
52474	4.18879	0
35539	4.18879	0
38489	4.18879	0
41261	4.18879	0
35596	4.18879	0
32767	4.18879	0
38432	4.18879	0
35423	4.18879	0
38488	4.18879	0
44033	4.18879	0
38369	4.18879	0
44150	4.18879	0
46925	4.18879	0
44091	4.18879	0
49814	4.18879	0
21660	4.18879	0
21718	4.18879	0
15996	4.18879	0
21779	4.18879	0
18829	4.18879	0
24435	4.18879	0
18772	4.18879	0
21722	4.18879	0
18891	4.18879	0
13287	4.18879	0
16177	4.18879	0
16179	4.18879	0
18950	4.18879	0
16116	4.18879	0
18830	4.18879	0
24554	4.18879	0
24551	4.18879	0
30274	4.18879	0
24608	4.18879	0
30213	4.18879	0
33167	4.18879	0
30215	4.18879	0
27444	4.18879	0
33049	4.18879	0
30155	4.18879	0
27380	4.18879	0
30272	4.18879	0
21717	4.18879	0
18885	4.18879	0
18824	4.18879	0
24490	4.18879	0
18827	4.18879	0
30099	4.18879	0
35823	4.18879	0
30218	4.18879	0
32930	4.18879	0
33046	4.18879	0
35820	4.18879	0
30097	4.18879	0
27384	4.18879	0
32872	4.18879	0
32873	4.18879	0
27268	4.18879	0
27148	4.18879	0
24200	4.18879	0
27150	4.18879	0
29924	4.18879	0
27030	4.18879	0
38651	4.18879	0
35761	4.18879	0
38534	4.18879	0
32927	4.18879	0
38474	4.18879	0
38416	4.18879	0
44139	4.18879	0
41366	4.18879	0
38298	4.18879	0
35406	4.18879	0
35523	4.18879	0
35467	4.18879	0
44079	4.18879	0
41248	4.18879	0
41129	4.18879	0
43962	4.18879	0
18896	4.18879	0
24561	4.18879	0
18898	4.18879	0
21847	4.18879	0
18780	4.18879	0
13176	4.18879	0
18957	4.18879	0
13232	4.18879	0
24560	4.18879	0
24617	4.18879	0
27332	4.18879	0
21610	4.18879	0
27274	4.18879	0
27334	4.18879	0
27157	4.18879	0
32821	4.18879	0
29871	4.18879	0
24206	4.18879	0
27096	4.18879	0
26977	4.18879	0
18716	4.18879	0
21666	4.18879	0
21548	4.18879	0
24441	4.18879	0
21489	4.18879	0
18599	4.18879	0
27036	4.18879	0
35711	4.18879	0
35712	4.18879	0
41552	4.18879	0
44266	4.18879	0
44382	4.18879	0
38660	4.18879	0
38480	4.18879	0
44145	4.18879	0
38541	4.18879	0
38365	4.18879	0
44030	4.18879	0
35593	4.18879	0
38421	4.18879	0
35649	4.18879	0
35531	4.18879	0
41315	4.18879	0
32815	4.18879	0
32876	4.18879	0
29985	4.18879	0
32818	4.18879	0
35528	4.18879	0
41133	4.18879	0
41250	4.18879	0
41310	4.18879	0
35705	4.18879	0
35586	4.18879	0
32756	4.18879	0
29982	4.18879	0
36139	4.18879	0
39032	4.18879	0
38913	4.18879	0
41861	4.18879	0
44691	4.18879	0
44575	4.18879	0
47525	4.18879	0
41977	4.18879	0
44868	4.18879	0
39205	4.18879	0
44752	4.18879	0
47644	4.18879	0
44810	4.18879	0
50592	4.18879	0
41567	4.18879	0
38792	4.18879	0
41684	4.18879	0
44456	4.18879	0
44574	4.18879	0
41685	4.18879	0
47349	4.18879	0
47467	4.18879	0
41682	4.18879	0
44512	4.18879	0
47404	4.18879	0
50176	4.18879	0
50178	4.18879	0
50058	4.18879	0
56022	4.18879	0
61687	4.18879	0
61626	4.18879	0
58797	4.18879	0
55906	4.18879	0
58680	4.18879	0
61569	4.18879	0
61452	4.18879	0
64344	4.18879	0
64462	4.18879	0
61513	4.18879	0
64405	4.18879	0
67176	4.18879	0
72899	4.18879	0
69949	4.18879	0
69947	4.18879	0
50296	4.18879	0
50298	4.18879	0
56021	4.18879	0
53191	4.18879	0
50417	4.18879	0
53071	4.18879	0
55847	4.18879	0
53017	4.18879	0
50124	4.18879	0
55729	4.18879	0
55846	4.18879	0
50181	4.18879	0
55786	4.18879	0
53130	4.18879	0
61864	4.18879	0
64756	4.18879	0
59092	4.18879	0
62041	4.18879	0
59153	4.18879	0
62102	4.18879	0
56439	4.18879	0
56320	4.18879	0
61924	4.18879	0
59090	4.18879	0
67587	4.18879	0
61804	4.18879	0
64577	4.18879	0
67468	4.18879	0
67525	4.18879	0
70125	4.18879	0
67409	4.18879	0
64520	4.18879	0
67232	4.18879	0
64639	4.18879	0
67470	4.18879	0
67353	4.18879	0
64637	4.18879	0
58678	4.18879	0
61512	4.18879	0
53074	4.18879	0
61746	4.18879	0
61628	4.18879	0
56024	4.18879	0
64643	4.18879	0
64704	4.18879	0
67477	4.18879	0
61754	4.18879	0
64763	4.18879	0
67655	4.18879	0
67537	4.18879	0
61874	4.18879	0
61872	4.18879	0
61990	4.18879	0
59159	4.18879	0
59097	4.18879	0
59155	4.18879	0
56383	4.18879	0
56322	4.18879	0
53372	4.18879	0
50597	4.18879	0
50479	4.18879	0
56202	4.18879	0
56205	4.18879	0
61809	4.18879	0
59154	4.18879	0
62044	4.18879	0
64815	4.18879	0
59096	4.18879	0
59214	4.18879	0
64819	4.18879	0
59212	4.18879	0
63989	4.18879	0
58384	4.18879	0
64047	4.18879	0
58265	4.18879	0
55609	4.18879	0
58500	4.18879	0
61214	4.18879	0
52660	4.18879	0
55494	4.18879	0
49830	4.18879	0
52542	4.18879	0
49948	4.18879	0
52722	4.18879	0
47057	4.18879	0
55612	4.18879	0
44401	4.18879	0
47173	4.18879	0
47116	4.18879	0
52896	4.18879	0
47352	4.18879	0
44403	4.18879	0
41628	4.18879	0
50008	4.18879	0
50069	4.18879	0
55732	4.18879	0
50067	4.18879	0
47118	4.18879	0
47177	4.18879	0
41455	4.18879	0
49951	4.18879	0
52963	4.18879	0
50190	4.18879	0
47299	4.18879	0
52961	4.18879	0
50189	4.18879	0
55852	4.18879	0
50246	4.18879	0
55792	4.18879	0
50013	4.18879	0
44407	4.18879	0
47298	4.18879	0
44350	4.18879	0
52847	4.18879	0
47182	4.18879	0
50074	4.18879	0
49897	4.18879	0
44464	4.18879	0
41750	4.18879	0
38860	4.18879	0
41631	4.18879	0
41634	4.18879	0
35911	4.18879	0
41636	4.18879	0
44283	4.18879	0
44285	4.18879	0
41571	4.18879	0
38621	4.18879	0
44465	4.18879	0
41513	4.18879	0
72553	4.18879	0
66831	4.18879	0
66948	4.18879	0
64057	4.18879	0
72613	4.18879	0
72670	4.18879	0
69780	4.18879	0
72730	4.18879	0
81047	4.18879	0
81108	4.18879	0
83822	4.18879	0
78157	4.18879	0
78277	4.18879	0
75504	4.18879	0
75443	4.18879	0
75327	4.18879	0
66770	4.18879	0
69720	4.18879	0
72433	4.18879	0
64055	4.18879	0
69546	4.18879	0
69663	4.18879	0
72376	4.18879	0
66771	4.18879	0
66828	4.18879	0
61104	4.18879	0
66710	4.18879	0
66826	4.18879	0
60926	4.18879	0
63819	4.18879	0
63817	4.18879	0
58214	4.18879	0
61284	4.18879	0
61401	4.18879	0
61282	4.18879	0
67007	4.18879	0
63996	4.18879	0
58332	4.18879	0
61283	4.18879	0
61221	4.18879	0
61047	4.18879	0
63936	4.18879	0
58273	4.18879	0
58212	4.18879	0
58271	4.18879	0
58389	4.18879	0
52608	4.18879	0
52724	4.18879	0
52960	4.18879	0
47297	4.18879	0
50010	4.18879	0
50186	4.18879	0
50070	4.18879	0
55734	4.18879	0
52845	4.18879	0
49952	4.18879	0
58508	4.18879	0
58625	4.18879	0
61396	4.18879	0
52843	4.18879	0
64289	4.18879	0
61397	4.18879	0
64287	4.18879	0
64169	4.18879	0
69535	4.18879	0
72248	4.18879	0
66584	4.18879	0
72306	4.18879	0
66645	4.18879	0
69417	4.18879	0
66528	4.18879	0
63753	4.18879	0
69413	4.18879	0
75136	4.18879	0
72244	4.18879	0
72187	4.18879	0
66524	4.18879	0
66581	4.18879	0
60918	4.18879	0
66700	4.18879	0
66702	4.18879	0
66819	4.18879	0
66759	4.18879	0
61155	4.18879	0
69652	4.18879	0
69654	4.18879	0
69771	4.18879	0
64048	4.18879	0
78147	4.18879	0
75257	4.18879	0
75376	4.18879	0
83812	4.18879	0
72604	4.18879	0
69711	4.18879	0
72661	4.18879	0
75374	4.18879	0
83809	4.18879	0
83867	4.18879	0
78204	4.18879	0
83928	4.18879	0
86697	4.18879	0
83747	4.18879	0
86640	4.18879	0
81035	4.18879	0
80858	4.18879	0
83688	4.18879	0
77966	4.18879	0
83572	4.18879	0
80860	4.18879	0
83631	4.18879	0
83692	4.18879	0
83575	4.18879	0
77905	4.18879	0
77965	4.18879	0
83628	4.18879	0
77847	4.18879	0
80619	4.18879	0
83394	4.18879	0
77730	4.18879	0
69352	4.18879	0
72302	4.18879	0
72304	4.18879	0
77908	4.18879	0
74959	4.18879	0
80741	4.18879	0
57912	4.18879	0
60805	4.18879	0
55198	4.18879	0
55081	4.18879	0
55316	4.18879	0
52425	4.18879	0
55318	4.18879	0
58209	4.18879	0
61040	4.18879	0
61158	4.18879	0
66764	4.18879	0
52544	4.18879	0
58149	4.18879	0
55319	4.18879	0
58208	4.18879	0
69657	4.18879	0
69537	4.18879	0
63874	4.18879	0
63931	4.18879	0
75202	4.18879	0
69597	4.18879	0
72489	4.18879	0
69599	4.18879	0
63877	4.18879	0
63875	4.18879	0
63758	4.18879	0
58269	4.18879	0
60982	4.18879	0
52547	4.18879	0
58499	4.18879	0
61390	4.18879	0
64105	4.18879	0
64162	4.18879	0
69707	4.18879	0
66936	4.18879	0
64102	4.18879	0
61212	4.18879	0
63986	4.18879	0
58323	4.18879	0
63870	4.18879	0
58442	4.18879	0
61276	4.18879	0
58325	4.18879	0
58444	4.18879	0
55554	4.18879	0
61217	4.18879	0
52720	4.18879	0
52543	4.18879	0
55435	4.18879	0
49771	4.18879	0
55788	4.18879	0
55731	4.18879	0
50125	4.18879	0
52840	4.18879	0
49946	4.18879	0
47174	4.18879	0
52897	4.18879	0
47172	4.18879	0
103750	4.18879	0
98026	4.18879	0
103631	4.18879	0
98028	4.18879	0
95135	4.18879	0
92364	4.18879	0
92362	4.18879	0
97969	4.18879	0
103578	4.18879	0
103694	4.18879	0
100923	4.18879	0
97971	4.18879	0
100860	4.18879	0
95257	4.18879	0
92307	4.18879	0
100806	4.18879	0
100687	4.18879	0
97857	4.18879	0
97972	4.18879	0
92189	4.18879	0
94903	4.18879	0
97854	4.18879	0
100626	4.18879	0
92130	4.18879	0
89180	4.18879	0
89241	4.18879	0
86584	4.18879	0
89299	4.18879	0
89476	4.18879	0
86527	4.18879	0
105936	4.18879	0
108829	4.18879	0
106055	4.18879	0
100332	4.18879	0
105993	4.18879	0
105876	4.18879	0
103163	4.18879	0
100211	4.18879	0
94723	4.18879	0
100446	4.18879	0
97673	4.18879	0
100507	4.18879	0
103279	4.18879	0
100389	4.18879	0
106053	4.18879	0
105992	4.18879	0
100686	4.18879	0
97973	4.18879	0
97912	4.18879	0
100567	4.18879	0
100569	4.18879	0
106291	4.18879	0
109003	4.18879	0
108886	4.18879	0
106173	4.18879	0
100449	4.18879	0
97677	4.18879	0
103401	4.18879	0
103340	4.18879	0
100452	4.18879	0
81099	4.18879	0
83873	4.18879	0
86645	4.18879	0
78149	4.18879	0
80983	4.18879	0
80922	4.18879	0
75200	4.18879	0
75318	4.18879	0
81158	4.18879	0
75554	4.18879	0
81278	4.18879	0
78268	4.18879	0
83992	4.18879	0
89654	4.18879	0
83931	4.18879	0
84107	4.18879	0
72657	4.18879	0
69827	4.18879	0
72540	4.18879	0
67052	4.18879	0
78263	4.18879	0
75373	4.18879	0
75492	4.18879	0
72539	4.18879	0
78148	4.18879	0
78266	4.18879	0
80978	4.18879	0
80921	4.18879	0
78029	4.18879	0
92308	4.18879	0
86644	4.18879	0
89478	4.18879	0
89595	4.18879	0
89597	4.18879	0
86823	4.18879	0
86704	4.18879	0
89655	4.18879	0
97974	4.18879	0
92312	4.18879	0
95261	4.18879	0
89538	4.18879	0
98267	4.18879	0
95494	4.18879	0
98327	4.18879	0
103990	4.18879	0
100982	4.18879	0
103933	4.18879	0
103931	4.18879	0
106647	4.18879	0
95200	4.18879	0
98149	4.18879	0
95140	4.18879	0
92486	4.18879	0
95378	4.18879	0
98151	4.18879	0
89656	4.18879	0
98218	4.18879	0
100990	4.18879	0
103824	4.18879	0
98099	4.18879	0
103762	4.18879	0
100932	4.18879	0
103645	4.18879	0
109426	4.18879	0
103881	4.18879	0
103939	4.18879	0
101047	4.18879	0
101108	4.18879	0
106828	4.18879	0
103998	4.18879	0
109721	4.18879	0
106772	4.18879	0
95089	4.18879	0
98040	4.18879	0
97979	4.18879	0
92374	4.18879	0
98158	4.18879	0
95267	4.18879	0
95384	4.18879	0
100929	4.18879	0
89545	4.18879	0
95210	4.18879	0
92379	4.18879	0
92261	4.18879	0
89543	4.18879	0
83881	4.18879	0
92435	4.18879	0
106246	4.18879	0
103356	4.18879	0
100641	4.18879	0
106307	4.18879	0
103531	4.18879	0
97867	4.18879	0
100642	4.18879	0
100818	4.18879	0
103587	4.18879	0
106361	4.18879	0
100638	4.18879	0
103648	4.18879	0
106303	4.18879	0
109017	4.18879	0
109134	4.18879	0
103411	4.18879	0
92260	4.18879	0
97866	4.18879	0
92142	4.18879	0
97864	4.18879	0
89546	4.18879	0
92262	4.18879	0
95092	4.18879	0
86656	4.18879	0
97927	4.18879	0
95096	4.18879	0
92204	4.18879	0
95212	4.18879	0
92439	4.18879	0
95213	4.18879	0
89549	4.18879	0
98105	4.18879	0
109662	4.18879	0
103940	4.18879	0
109544	4.18879	0
109723	4.18879	0
112553	4.18879	0
112672	4.18879	0
106830	4.18879	0
98276	4.18879	0
98278	4.18879	0
92672	4.18879	0
98395	4.18879	0
101286	4.18879	0
98335	4.18879	0
104057	4.18879	0
104060	4.18879	0
98452	4.18879	0
104058	4.18879	0
95622	4.18879	0
98512	4.18879	0
95740	4.18879	0
92789	4.18879	0
92848	4.18879	0
89781	4.18879	0
89900	4.18879	0
89898	4.18879	0
92670	4.18879	0
87124	4.18879	0
84351	4.18879	0
84234	4.18879	0
112431	4.18879	0
118094	4.18879	0
115144	4.18879	0
120868	4.18879	0
109542	4.18879	0
115206	4.18879	0
112255	4.18879	0
109540	4.18879	0
109718	4.18879	0
109835	4.18879	0
106884	4.18879	0
104054	4.18879	0
115322	4.18879	0
115264	4.18879	0
118214	4.18879	0
109722	4.18879	0
106892	4.18879	0
112556	4.18879	0
112673	4.18879	0
109838	4.18879	0
112552	4.18879	0
109781	4.18879	0
115503	4.18879	0
109663	4.18879	0
115326	4.18879	0
115148	4.18879	0
112435	4.18879	0
112374	4.18879	0
109543	4.18879	0
109491	4.18879	0
106599	4.18879	0
106542	4.18879	0
112263	4.18879	0
114978	4.18879	0
115036	4.18879	0
112206	4.18879	0
112086	4.18879	0
103710	4.18879	0
100997	4.18879	0
106659	4.18879	0
106662	4.18879	0
103885	4.18879	0
103945	4.18879	0
109608	4.18879	0
106719	4.18879	0
101231	4.18879	0
98281	4.18879	0
104002	4.18879	0
106832	4.18879	0
103941	4.18879	0
101170	4.18879	0
106775	4.18879	0
100992	4.18879	0
103942	4.18879	0
98217	4.18879	0
106773	4.18879	0
109603	4.18879	0
106654	4.18879	0
103656	4.18879	0
106429	4.18879	0
100706	4.18879	0
103599	4.18879	0
109439	4.18879	0
106489	4.18879	0
106605	4.18879	0
103776	4.18879	0
95100	4.18879	0
97930	4.18879	0
100822	4.18879	0
100704	4.18879	0
100821	4.18879	0
106545	4.18879	0
106426	4.18879	0
103652	4.18879	0
112266	4.18879	0
106603	4.18879	0
109377	4.18879	0
109256	4.18879	0
103591	4.18879	0
106485	4.18879	0
106543	4.18879	0
100879	4.18879	0
103828	4.18879	0
103768	4.18879	0
95389	4.18879	0
100995	4.18879	0
98103	4.18879	0
95273	4.18879	0
120591	4.18879	0
120708	4.18879	0
120589	4.18879	0
126314	4.18879	0
126193	4.18879	0
123304	4.18879	0
120469	4.18879	0
123483	4.18879	0
120650	4.18879	0
117761	4.18879	0
126255	4.18879	0
117762	4.18879	0
117760	4.18879	0
117643	4.18879	0
112037	4.18879	0
109263	4.18879	0
109323	4.18879	0
109206	4.18879	0
112154	4.18879	0
117819	4.18879	0
114926	4.18879	0
117700	4.18879	0
117876	4.18879	0
103777	4.18879	0
100943	4.18879	0
103834	4.18879	0
109322	4.18879	0
103657	4.18879	0
109319	4.18879	0
103540	4.18879	0
112031	4.18879	0
114805	4.18879	0
109142	4.18879	0
112091	4.18879	0
109084	4.18879	0
111915	4.18879	0
106251	4.18879	0
106309	4.18879	0
103300	4.18879	0
106134	4.18879	0
103361	4.18879	0
103418	4.18879	0
100529	4.18879	0
103480	4.18879	0
97758	4.18879	0
97814	4.18879	0
111853	4.18879	0
108963	4.18879	0
114568	4.18879	0
114687	4.18879	0
114746	4.18879	0
120468	4.18879	0
117517	4.18879	0
120352	4.18879	0
117575	4.18879	0
114800	4.18879	0
114683	4.18879	0
111911	4.18879	0
112028	4.18879	0
112030	4.18879	0
109079	4.18879	0
109246	4.18879	0
109304	4.18879	0
106414	4.18879	0
109365	4.18879	0
106533	4.18879	0
106652	4.18879	0
106591	4.18879	0
103700	4.18879	0
112139	4.18879	0
109366	4.18879	0
109248	4.18879	0
106417	4.18879	0
106300	4.18879	0
103526	4.18879	0
120990	4.18879	0
118039	4.18879	0
118041	4.18879	0
123645	4.18879	0
115210	4.18879	0
115091	4.18879	0
117983	4.18879	0
115149	4.18879	0
106478	4.18879	0
109428	4.18879	0
112141	4.18879	0
109367	4.18879	0
120697	4.18879	0
117863	4.18879	0
117745	4.18879	0
112142	4.18879	0
109658	4.18879	0
112432	4.18879	0
106827	4.18879	0
112550	4.18879	0
115145	4.18879	0
115147	4.18879	0
118095	4.18879	0
109602	4.18879	0
106889	4.18879	0
103997	4.18879	0
115267	4.18879	0
112433	4.18879	0
109545	4.18879	0
123878	4.18879	0
126711	4.18879	0
120988	4.18879	0
129482	4.18879	0
132196	4.18879	0
126590	4.18879	0
129483	4.18879	0
123701	4.18879	0
118152	4.18879	0
115438	4.18879	0
115321	4.18879	0
118154	4.18879	0
118216	4.18879	0
118273	4.18879	0
115323	4.18879	0
120928	4.18879	0
94908	4.18879	0
94969	4.18879	0
97859	4.18879	0
97682	4.18879	0
95029	4.18879	0
94911	4.18879	0
100634	4.18879	0
97745	4.18879	0
94793	4.18879	0
94854	4.18879	0
89189	4.18879	0
97803	4.18879	0
94855	4.18879	0
92024	4.18879	0
92082	4.18879	0
86359	4.18879	0
92136	4.18879	0
86473	4.18879	0
89422	4.18879	0
89306	4.18879	0
89424	4.18879	0
86534	4.18879	0
86652	4.18879	0
83759	4.18879	0
95201	4.18879	0
92311	4.18879	0
89539	4.18879	0
97975	4.18879	0
89363	4.18879	0
92194	4.18879	0
95085	4.18879	0
86589	4.18879	0
103701	4.18879	0
106416	4.18879	0
112257	4.18879	0
112199	4.18879	0
115150	4.18879	0
114970	4.18879	0
115026	4.18879	0
109421	4.18879	0
112313	4.18879	0
103641	4.18879	0
109187	4.18879	0
112196	4.18879	0
92192	4.18879	0
97856	4.18879	0
95082	4.18879	0
95084	4.18879	0
103519	4.18879	0
106469	4.18879	0
100748	4.18879	0
100805	4.18879	0
100866	4.18879	0
100809	4.18879	0
98095	4.18879	0
103817	4.18879	0
100751	4.18879	0
100690	4.18879	0
98036	4.18879	0
120567	4.18879	0
123340	4.18879	0
123459	4.18879	0
123456	4.18879	0
120803	4.18879	0
123517	4.18879	0
123578	4.18879	0
117853	4.18879	0
117973	4.18879	0
117855	4.18879	0
117916	4.18879	0
123520	4.18879	0
114905	4.18879	0
114966	4.18879	0
109301	4.18879	0
115023	4.18879	0
112426	4.18879	0
118030	4.18879	0
112308	4.18879	0
115082	4.18879	0
114961	4.18879	0
112190	4.18879	0
109415	4.18879	0
115138	4.18879	0
103692	4.18879	0
106584	4.18879	0
109297	4.18879	0
103867	4.18879	0
106641	4.18879	0
106581	4.18879	0
114848	4.18879	0
114731	4.18879	0
109186	4.18879	0
109184	4.18879	0
111837	4.18879	0
111957	4.18879	0
111839	4.18879	0
106174	4.18879	0
100628	4.18879	0
103521	4.18879	0
103579	4.18879	0
106411	4.18879	0
106413	4.18879	0
109303	4.18879	0
100684	4.18879	0
106349	4.18879	0
103456	4.18879	0
97853	4.18879	0
103399	4.18879	0
97911	4.18879	0
95077	4.18879	0
95138	4.18879	0
100742	4.18879	0
100922	4.18879	0
100802	4.18879	0
100745	4.18879	0
95198	4.18879	0
97675	4.18879	0
92010	4.18879	0
100624	4.18879	0
94841	4.18879	0
91949	4.18879	0
89235	4.18879	0
89237	4.18879	0
100627	4.18879	0
103398	4.18879	0
109063	4.18879	0
97734	4.18879	0
100683	4.18879	0
94961	4.18879	0
108998	4.18879	0
108879	4.18879	0
103333	4.18879	0
103276	4.18879	0
103218	4.18879	0
97554	4.18879	0
103216	4.18879	0
94838	4.18879	0
94781	4.18879	0
89175	4.18879	0
92125	4.18879	0
97612	4.18879	0
94720	4.18879	0
100385	4.18879	0
106228	4.18879	0
111833	4.18879	0
106109	4.18879	0
108943	4.18879	0
106171	4.18879	0
109062	4.18879	0
111836	4.18879	0
106231	4.18879	0
111718	4.18879	0
114608	4.18879	0
114611	4.18879	0
108828	4.18879	0
111658	4.18879	0
111541	4.18879	0
105815	4.18879	0
102925	4.18879	0
100151	4.18879	0
105697	4.18879	0
111539	4.18879	0
108649	4.18879	0
108647	4.18879	0
111362	4.18879	0
108710	4.18879	0
105935	4.18879	0
105817	4.18879	0
111600	4.18879	0
111657	4.18879	0
117323	4.18879	0
108768	4.18879	0
105932	4.18879	0
105990	4.18879	0
108822	4.18879	0
108883	4.18879	0
114485	4.18879	0
111654	4.18879	0
114487	4.18879	0
114604	4.18879	0
106169	4.18879	0
103336	4.18879	0
106108	4.18879	0
100388	4.18879	0
103277	4.18879	0
103334	4.18879	0
97552	4.18879	0
114425	4.18879	0
114486	4.18879	0
114368	4.18879	0
120090	4.18879	0
120033	4.18879	0
122923	4.18879	0
119973	4.18879	0
117261	4.18879	0
111716	4.18879	0
114547	4.18879	0
117322	4.18879	0
108765	4.18879	0
119976	4.18879	0
120094	4.18879	0
117264	4.18879	0
114371	4.18879	0
117670	4.18879	0
123216	4.18879	0
117551	4.18879	0
120500	4.18879	0
120384	4.18879	0
125988	4.18879	0
126049	4.18879	0
123214	4.18879	0
120207	4.18879	0
120146	4.18879	0
125870	4.18879	0
125753	4.18879	0
120266	4.18879	0
117374	4.18879	0
117493	4.18879	0
120264	4.18879	0
114660	4.18879	0
114661	4.18879	0
111709	4.18879	0
106162	4.18879	0
111826	4.18879	0
108936	4.18879	0
109055	4.18879	0
106283	4.18879	0
109054	4.18879	0
103449	4.18879	0
111947	4.18879	0
109173	4.18879	0
109291	4.18879	0
114955	4.18879	0
106340	4.18879	0
140100	4.18879	0
134494	4.18879	0
137387	4.18879	0
143051	4.18879	0
134436	4.18879	0
134493	4.18879	0
128830	4.18879	0
128712	4.18879	0
131540	4.18879	0
128769	4.18879	0
131483	4.18879	0
131543	4.18879	0
131719	4.18879	0
131662	4.18879	0
125996	4.18879	0
134433	4.18879	0
123102	4.18879	0
120211	4.18879	0
122985	4.18879	0
117440	4.18879	0
123046	4.18879	0
117382	4.18879	0
123106	4.18879	0
120332	4.18879	0
126174	4.18879	0
126054	4.18879	0
120449	4.18879	0
123224	4.18879	0
120392	4.18879	0
117502	4.18879	0
117621	4.18879	0
126058	4.18879	0
117437	4.18879	0
120330	4.18879	0
117380	4.18879	0
117262	4.18879	0
111598	4.18879	0
117319	4.18879	0
114549	4.18879	0
111719	4.18879	0
106112	4.18879	0
111660	4.18879	0
108767	4.18879	0
114374	4.18879	0
111544	4.18879	0
114258	4.18879	0
119981	4.18879	0
117149	4.18879	0
122873	4.18879	0
125644	4.18879	0
119864	4.18879	0
120095	4.18879	0
114490	4.18879	0
114372	4.18879	0
117265	4.18879	0
111601	4.18879	0
108652	4.18879	0
140106	4.18879	0
142937	4.18879	0
140163	4.18879	0
142998	4.18879	0
145767	4.18879	0
142995	4.18879	0
142876	4.18879	0
142993	4.18879	0
137328	4.18879	0
137211	4.18879	0
142992	4.18879	0
145942	4.18879	0
140218	4.18879	0
140279	4.18879	0
148773	4.18879	0
148830	4.18879	0
145999	4.18879	0
148891	4.18879	0
154673	4.18879	0
151783	4.18879	0
151722	4.18879	0
146118	4.18879	0
145883	4.18879	0
143169	4.18879	0
143049	4.18879	0
154379	4.18879	0
148655	4.18879	0
151489	4.18879	0
148419	4.18879	0
145585	4.18879	0
142755	4.18879	0
142636	4.18879	0
142873	4.18879	0
142812	4.18879	0
148536	4.18879	0
140039	4.18879	0
154261	4.18879	0
154142	4.18879	0
154259	4.18879	0
148538	4.18879	0
145825	4.18879	0
142932	4.18879	0
145706	4.18879	0
145406	4.18879	0
145349	4.18879	0
145466	4.18879	0
139801	4.18879	0
136970	4.18879	0
139860	4.18879	0
142694	4.18879	0
134256	4.18879	0
134316	4.18879	0
134314	4.18879	0
140038	4.18879	0
139980	4.18879	0
145701	4.18879	0
142809	4.18879	0
142751	4.18879	0
140096	4.18879	0
123108	4.18879	0
125823	4.18879	0
125941	4.18879	0
120159	4.18879	0
117445	4.18879	0
120218	4.18879	0
117384	4.18879	0
114555	4.18879	0
131487	4.18879	0
128594	4.18879	0
125765	4.18879	0
131370	4.18879	0
122932	4.18879	0
122815	4.18879	0
125766	4.18879	0
120101	4.18879	0
111841	4.18879	0
114556	4.18879	0
117446	4.18879	0
117565	4.18879	0
111900	4.18879	0
109068	4.18879	0
109066	4.18879	0
111842	4.18879	0
120220	4.18879	0
117271	4.18879	0
114557	4.18879	0
120163	4.18879	0
114675	4.18879	0
120280	4.18879	0
117567	4.18879	0
114558	4.18879	0
134262	4.18879	0
134319	4.18879	0
131489	4.18879	0
128659	4.18879	0
125826	4.18879	0
131372	4.18879	0
134381	4.18879	0
122755	4.18879	0
125705	4.18879	0
119984	4.18879	0
125707	4.18879	0
125588	4.18879	0
128538	4.18879	0
131430	4.18879	0
142696	4.18879	0
136974	4.18879	0
137091	4.18879	0
139804	4.18879	0
134083	4.18879	0
139806	4.18879	0
136917	4.18879	0
136855	4.18879	0
139982	4.18879	0
142754	4.18879	0
137149	4.18879	0
142872	4.18879	0
134258	4.18879	0
134318	4.18879	0
119792	4.18879	0
125456	4.18879	0
119790	4.18879	0
122684	4.18879	0
119970	4.18879	0
114247	4.18879	0
117077	4.18879	0
117021	4.18879	0
111181	4.18879	0
105634	4.18879	0
114130	4.18879	0
114012	4.18879	0
117080	4.18879	0
111416	4.18879	0
114188	4.18879	0
108526	4.18879	0
108702	4.18879	0
105812	4.18879	0
102979	4.18879	0
105930	4.18879	0
108644	4.18879	0
111358	4.18879	0
108587	4.18879	0
114307	4.18879	0
108705	4.18879	0
114429	4.18879	0
111479	4.18879	0
111421	4.18879	0
117084	4.18879	0
114310	4.18879	0
117025	4.18879	0
108881	4.18879	0
106168	4.18879	0
109058	4.18879	0
106286	4.18879	0
108766	4.18879	0
111655	4.18879	0
106051	4.18879	0
103161	4.18879	0
103159	4.18879	0
100387	4.18879	0
108650	4.18879	0
111422	4.18879	0
114373	4.18879	0
108648	4.18879	0
105814	4.18879	0
111420	4.18879	0
111599	4.18879	0
117146	4.18879	0
114431	4.18879	0
111597	4.18879	0
114488	4.18879	0
111717	4.18879	0
100205	4.18879	0
105927	4.18879	0
102918	4.18879	0
97371	4.18879	0
108699	4.18879	0
105809	4.18879	0
105807	4.18879	0
108581	4.18879	0
100380	4.18879	0
106044	4.18879	0
103272	4.18879	0
105986	4.18879	0
100261	4.18879	0
103210	4.18879	0
105982	4.18879	0
108875	4.18879	0
103332	4.18879	0
100501	4.18879	0
100559	4.18879	0
100620	4.18879	0
106224	4.18879	0
106281	4.18879	0
100618	4.18879	0
109174	4.18879	0
108818	4.18879	0
106104	4.18879	0
108935	4.18879	0
111769	4.18879	0
103214	4.18879	0
97609	4.18879	0
117195	4.18879	0
111471	4.18879	0
117193	4.18879	0
114481	4.18879	0
117075	4.18879	0
117135	4.18879	0
122799	4.18879	0
117133	4.18879	0
117074	4.18879	0
117131	4.18879	0
120024	4.18879	0
122795	4.18879	0
114299	4.18879	0
111408	4.18879	0
117071	4.18879	0
114182	4.18879	0
111588	4.18879	0
108698	4.18879	0
105865	4.18879	0
108637	4.18879	0
106042	4.18879	0
103212	4.18879	0
108817	4.18879	0
103092	4.18879	0
103149	4.18879	0
105863	4.18879	0
103147	4.18879	0
100200	4.18879	0
108812	4.18879	0
108694	4.18879	0
111583	4.18879	0
103088	4.18879	0
133830	4.18879	0
133832	4.18879	0
128168	4.18879	0
136604	4.18879	0
139378	4.18879	0
133714	4.18879	0
136488	4.18879	0
139497	4.18879	0
139498	4.18879	0
139381	4.18879	0
142332	4.18879	0
136609	4.18879	0
142387	4.18879	0
145102	4.18879	0
139439	4.18879	0
148053	4.18879	0
148051	4.18879	0
145277	4.18879	0
150881	4.18879	0
142327	4.18879	0
150765	4.18879	0
145100	4.18879	0
150647	4.18879	0
142444	4.18879	0
142384	4.18879	0
142501	4.18879	0
148048	4.18879	0
145157	4.18879	0
150761	4.18879	0
147928	4.18879	0
150879	4.18879	0
122504	4.18879	0
125394	4.18879	0
125276	4.18879	0
122621	4.18879	0
125338	4.18879	0
125457	4.18879	0
125455	4.18879	0
128228	4.18879	0
133773	4.18879	0
133833	4.18879	0
136663	4.18879	0
130998	4.18879	0
130880	4.18879	0
125216	4.18879	0
128108	4.18879	0
130997	4.18879	0
119668	4.18879	0
125273	4.18879	0
125392	4.18879	0
122617	4.18879	0
128167	4.18879	0
131115	4.18879	0
125452	4.18879	0
125388	4.18879	0
128279	4.18879	0
131110	4.18879	0
130994	4.18879	0
131055	4.18879	0
133885	4.18879	0
128221	4.18879	0
136660	4.18879	0
119849	4.18879	0
122624	4.18879	0
125454	4.18879	0
119733	4.18879	0
116898	4.18879	0
119847	4.18879	0
122561	4.18879	0
125335	4.18879	0
122443	4.18879	0
119613	4.18879	0
122560	4.18879	0
116837	4.18879	0
122441	4.18879	0
119552	4.18879	0
116776	4.18879	0
131177	4.18879	0
128462	4.18879	0
134066	4.18879	0
131353	4.18879	0
131354	4.18879	0
131414	4.18879	0
125808	4.18879	0
128464	4.18879	0
125510	4.18879	0
122739	4.18879	0
125512	4.18879	0
125572	4.18879	0
122741	4.18879	0
122623	4.18879	0
119851	4.18879	0
119848	4.18879	0
125864	4.18879	0
128578	4.18879	0
128639	4.18879	0
128754	4.18879	0
120139	4.18879	0
122913	4.18879	0
120200	4.18879	0
125803	4.18879	0
131531	4.18879	0
125926	4.18879	0
128818	4.18879	0
120085	4.18879	0
125749	4.18879	0
123035	4.18879	0
125806	4.18879	0
114538	4.18879	0
108874	4.18879	0
111767	4.18879	0
111647	4.18879	0
114362	4.18879	0
117192	4.18879	0
120088	4.18879	0
122918	4.18879	0
119969	4.18879	0
114484	4.18879	0
120087	4.18879	0
114482	4.18879	0
114601	4.18879	0
134153	4.18879	0
128430	4.18879	0
131379	4.18879	0
128428	4.18879	0
131200	4.18879	0
128367	4.18879	0
128311	4.18879	0
131376	4.18879	0
128605	4.18879	0
131494	4.18879	0
134328	4.18879	0
125833	4.18879	0
125775	4.18879	0
131498	4.18879	0
131438	4.18879	0
134035	4.18879	0
134037	4.18879	0
131146	4.18879	0
136751	4.18879	0
128316	4.18879	0
128435	4.18879	0
128433	4.18879	0
134038	4.18879	0
136809	4.18879	0
133975	4.18879	0
139698	4.18879	0
133916	4.18879	0
139818	4.18879	0
134094	4.18879	0
136984	4.18879	0
139700	4.18879	0
145300	4.18879	0
142585	4.18879	0
145360	4.18879	0
148190	4.18879	0
145416	4.18879	0
139751	4.18879	0
139694	4.18879	0
142703	4.18879	0
137101	4.18879	0
139873	4.18879	0
142765	4.18879	0
139931	4.18879	0
145595	4.18879	0
142761	4.18879	0
142705	4.18879	0
148134	4.18879	0
145362	4.18879	0
148253	4.18879	0
148136	4.18879	0
145477	4.18879	0
148369	4.18879	0
148252	4.18879	0
142648	4.18879	0
156632	4.18879	0
151027	4.18879	0
150908	4.18879	0
151025	4.18879	0
156510	4.18879	0
156571	4.18879	0
150906	4.18879	0
153856	4.18879	0
165125	4.18879	0
165243	4.18879	0
159580	4.18879	0
162409	4.18879	0
156688	4.18879	0
162291	4.18879	0
159577	4.18879	0
153854	4.18879	0
162528	4.18879	0
159635	4.18879	0
156805	4.18879	0
156923	4.18879	0
159816	4.18879	0
156926	4.18879	0
157042	4.18879	0
156865	4.18879	0
159346	4.18879	0
162236	4.18879	0
165009	4.18879	0
167960	4.18879	0
165130	4.18879	0
159525	4.18879	0
162355	4.18879	0
162180	4.18879	0
159461	4.18879	0
162293	4.18879	0
159579	4.18879	0
156687	4.18879	0
159462	4.18879	0
162174	4.18879	0
165008	4.18879	0
162117	4.18879	0
145117	4.18879	0
145235	4.18879	0
147948	4.18879	0
150841	4.18879	0
148067	4.18879	0
153790	4.18879	0
148186	4.18879	0
150960	4.18879	0
153910	4.18879	0
151020	4.18879	0
153850	4.18879	0
151076	4.18879	0
145297	4.18879	0
150963	4.18879	0
153734	4.18879	0
151137	4.18879	0
156682	4.18879	0
156740	4.18879	0
156802	4.18879	0
153971	4.18879	0
153913	4.18879	0
162410	4.18879	0
162408	4.18879	0
159696	4.18879	0
151082	4.18879	0
156748	4.18879	0
156746	4.18879	0
153796	4.18879	0
125235	4.18879	0
130900	4.18879	0
130899	4.18879	0
125353	4.18879	0
130960	4.18879	0
128188	4.18879	0
125355	4.18879	0
128245	4.18879	0
133673	4.18879	0
136387	4.18879	0
130780	4.18879	0
130724	4.18879	0
136505	4.18879	0
136566	4.18879	0
133792	4.18879	0
130843	4.18879	0
125468	4.18879	0
125351	4.18879	0
125470	4.18879	0
119805	4.18879	0
131131	4.18879	0
133906	4.18879	0
131133	4.18879	0
128181	4.18879	0
139453	4.18879	0
139511	4.18879	0
136739	4.18879	0
139572	4.18879	0
133847	4.18879	0
133908	4.18879	0
128184	4.18879	0
131135	4.18879	0
125583	4.18879	0
125585	4.18879	0
122694	4.18879	0
125465	4.18879	0
122809	4.18879	0
120097	4.18879	0
119979	4.18879	0
125703	4.18879	0
128417	4.18879	0
128299	4.18879	0
134023	4.18879	0
128360	4.18879	0
131368	4.18879	0
128478	4.18879	0
131250	4.18879	0
131311	4.18879	0
131309	4.18879	0
128537	4.18879	0
128420	4.18879	0
122756	4.18879	0
122875	4.18879	0
128480	4.18879	0
125531	4.18879	0
134204	4.18879	0
139809	4.18879	0
137095	4.18879	0
134206	4.18879	0
131195	4.18879	0
134085	4.18879	0
136859	4.18879	0
136977	4.18879	0
125006	4.18879	0
125004	4.18879	0
127720	4.18879	0
122055	4.18879	0
125002	4.18879	0
124885	4.18879	0
127835	4.18879	0
125063	4.18879	0
124882	4.18879	0
124884	4.18879	0
127834	4.18879	0
127657	4.18879	0
121993	4.18879	0
119220	4.18879	0
121991	4.18879	0
116327	4.18879	0
141995	4.18879	0
136389	4.18879	0
142112	4.18879	0
139161	4.18879	0
133617	4.18879	0
133556	4.18879	0
133734	4.18879	0
139339	4.18879	0
130726	4.18879	0
127954	4.18879	0
125064	4.18879	0
125121	4.18879	0
128069	4.18879	0
127951	4.18879	0
128012	4.18879	0
133616	4.18879	0
130783	4.18879	0
127952	4.18879	0
133498	4.18879	0
127891	4.18879	0
133554	4.18879	0
130782	4.18879	0
127948	4.18879	0
139338	4.18879	0
142230	4.18879	0
145061	4.18879	0
139396	4.18879	0
136567	4.18879	0
133676	4.18879	0
133733	4.18879	0
139455	4.18879	0
142286	4.18879	0
145119	4.18879	0
139573	4.18879	0
142229	4.18879	0
147891	4.18879	0
144942	4.18879	0
142227	4.18879	0
145115	4.18879	0
144998	4.18879	0
139392	4.18879	0
147828	4.18879	0
136619	4.18879	0
136562	4.18879	0
142285	4.18879	0
119508	4.18879	0
113902	4.18879	0
116674	4.18879	0
113844	4.18879	0
111189	4.18879	0
108240	4.18879	0
111132	4.18879	0
105585	4.18879	0
105584	4.18879	0
111308	4.18879	0
102811	4.18879	0
111190	4.18879	0
108298	4.18879	0
108415	4.18879	0
113961	4.18879	0
113966	4.18879	0
119572	4.18879	0
116800	4.18879	0
119691	4.18879	0
122520	4.18879	0
119689	4.18879	0
125413	4.18879	0
119808	4.18879	0
108361	4.18879	0
108419	4.18879	0
114083	4.18879	0
111133	4.18879	0
113848	4.18879	0
108302	4.18879	0
108182	4.18879	0
113964	4.18879	0
117154	4.18879	0
111431	4.18879	0
117037	4.18879	0
117035	4.18879	0
122820	4.18879	0
119929	4.18879	0
122701	4.18879	0
122818	4.18879	0
122580	4.18879	0
122641	4.18879	0
119866	4.18879	0
117092	4.18879	0
119807	4.18879	0
114325	4.18879	0
111433	4.18879	0
114207	4.18879	0
114205	4.18879	0
111315	4.18879	0
111197	4.18879	0
116919	4.18879	0
116980	4.18879	0
105532	4.18879	0
105534	4.18879	0
111256	4.18879	0
108307	4.18879	0
113969	4.18879	0
111254	4.18879	0
111077	4.18879	0
117336	4.18879	0
123001	4.18879	0
120051	4.18879	0
120112	4.18879	0
128606	4.18879	0
122942	4.18879	0
128548	4.18879	0
125776	4.18879	0
120108	4.18879	0
120168	4.18879	0
125831	4.18879	0
117394	4.18879	0
114385	4.18879	0
120166	4.18879	0
114503	4.18879	0
114442	4.18879	0
111609	4.18879	0
108658	4.18879	0
111492	4.18879	0
105829	4.18879	0
117334	4.18879	0
111612	4.18879	0
117158	4.18879	0
111844	4.18879	0
111726	4.18879	0
117449	4.18879	0
114559	4.18879	0
114441	4.18879	0
117274	4.18879	0
114561	4.18879	0
122823	4.18879	0
125594	4.18879	0
125537	4.18879	0
119932	4.18879	0
122706	4.18879	0
117101	4.18879	0
116983	4.18879	0
119814	4.18879	0
125535	4.18879	0
125652	4.18879	0
125534	4.18879	0
119930	4.18879	0
122879	4.18879	0
119987	4.18879	0
117214	4.18879	0
117097	4.18879	0
136921	4.18879	0
131258	4.18879	0
136803	4.18879	0
131139	4.18879	0
134148	4.18879	0
136978	4.18879	0
139752	4.18879	0
131313	4.18879	0
128247	4.18879	0
128366	4.18879	0
131080	4.18879	0
125417	4.18879	0
131081	4.18879	0
133914	4.18879	0
131024	4.18879	0
134032	4.18879	0
97095	4.18879	0
94323	4.18879	0
99929	4.18879	0
100045	4.18879	0
99984	4.18879	0
97212	4.18879	0
102934	4.18879	0
100104	4.18879	0
105592	4.18879	0
108542	4.18879	0
105653	4.18879	0
102818	4.18879	0
105769	4.18879	0
108603	4.18879	0
108543	4.18879	0
88779	4.18879	0
94442	4.18879	0
91730	4.18879	0
91668	4.18879	0
91788	4.18879	0
88899	4.18879	0
86124	4.18879	0
91849	4.18879	0
94384	4.18879	0
97156	4.18879	0
100048	4.18879	0
97333	4.18879	0
100283	4.18879	0
102998	4.18879	0
100105	4.18879	0
99804	4.18879	0
99806	4.18879	0
94082	4.18879	0
99688	4.18879	0
96974	4.18879	0
97035	4.18879	0
94144	4.18879	0
99924	4.18879	0
91191	4.18879	0
91309	4.18879	0
94083	4.18879	0
85587	4.18879	0
91253	4.18879	0
88304	4.18879	0
91134	4.18879	0
85530	4.18879	0
91313	4.18879	0
91432	4.18879	0
88539	4.18879	0
97036	4.18879	0
82935	4.18879	0
85769	4.18879	0
88540	4.18879	0
85825	4.18879	0
88717	4.18879	0
91489	4.18879	0
91547	4.18879	0
91664	4.18879	0
94498	4.18879	0
85942	4.18879	0
96680	4.18879	0
99631	4.18879	0
99513	4.18879	0
91135	4.18879	0
99511	4.18879	0
96796	4.18879	0
96677	4.18879	0
93846	4.18879	0
96741	4.18879	0
99455	4.18879	0
99516	4.18879	0
93791	4.18879	0
102286	4.18879	0
105060	4.18879	0
105178	4.18879	0
99161	4.18879	0
104824	4.18879	0
102110	4.18879	0
102050	4.18879	0
99277	4.18879	0
96328	4.18879	0
93614	4.18879	0
93616	4.18879	0
93675	4.18879	0
93673	4.18879	0
96624	4.18879	0
99338	4.18879	0
96626	4.18879	0
99340	4.18879	0
102291	4.18879	0
96566	4.18879	0
102700	4.18879	0
99987	4.18879	0
99985	4.18879	0
102582	4.18879	0
102639	4.18879	0
102699	4.18879	0
99866	4.18879	0
93965	4.18879	0
94026	4.18879	0
96857	4.18879	0
91251	4.18879	0
99747	4.18879	0
102638	4.18879	0
102580	4.18879	0
96975	4.18879	0
91074	4.18879	0
91193	4.18879	0
93967	4.18879	0
88185	4.18879	0
96859	4.18879	0
96916	4.18879	0
96740	4.18879	0
91196	4.18879	0
88248	4.18879	0
85474	4.18879	0
91078	4.18879	0
88362	4.18879	0
82639	4.18879	0
82700	4.18879	0
88364	4.18879	0
