1
1993.86
7590
28 32 20
1
9293	4.18879	0
9272	4.18879	0
8614	4.18879	0
8632	4.18879	0
10552	4.18879	0
9271	4.18879	0
10592	4.18879	0
9950	4.18879	0
8689	4.18879	0
8671	4.18879	0
9351	4.18879	0
9970	4.18879	0
8713	4.18879	0
8732	4.18879	0
9352	4.18879	0
9974	4.18879	0
9227	4.18879	0
9889	4.18879	0
9849	4.18879	0
8590	4.18879	0
9206	4.18879	0
10506	4.18879	0
9887	4.18879	0
10467	4.18879	0
9231	4.18879	0
9910	4.18879	0
8610	4.18879	0
9268	4.18879	0
10568	4.18879	0
9310	4.18879	0
11150	4.18879	0
11169	4.18879	0
10489	4.18879	0
12409	4.18879	0
11107	4.18879	0
10488	4.18879	0
10486	4.18879	0
11147	4.18879	0
11687	4.18879	0
11066	4.18879	0
10428	4.18879	0
11726	4.18879	0
10427	4.18879	0
9789	4.18879	0
10468	4.18879	0
9167	4.18879	0
13789	4.18879	0
13110	4.18879	0
13127	4.18879	0
12508	4.18879	0
12429	4.18879	0
13710	4.18879	0
13109	4.18879	0
13727	4.18879	0
13685	4.18879	0
13085	4.18879	0
13043	4.18879	0
12406	4.18879	0
12426	4.18879	0
11826	4.18879	0
12448	4.18879	0
11146	4.18879	0
10989	4.18879	0
12249	4.18879	0
10949	4.18879	0
11611	4.18879	0
12169	4.18879	0
11570	4.18879	0
12208	4.18879	0
11548	4.18879	0
12910	4.18879	0
12309	4.18879	0
12951	4.18879	0
11651	4.18879	0
11632	4.18879	0
11011	4.18879	0
11650	4.18879	0
10972	4.18879	0
11689	4.18879	0
12331	4.18879	0
12371	4.18879	0
12969	4.18879	0
13632	4.18879	0
13592	4.18879	0
14250	4.18879	0
12332	4.18879	0
14230	4.18879	0
13572	4.18879	0
14190	4.18879	0
12930	4.18879	0
15488	4.18879	0
15469	4.18879	0
14850	4.18879	0
14229	4.18879	0
10430	4.18879	0
9771	4.18879	0
9811	4.18879	0
10433	4.18879	0
11092	4.18879	0
11714	4.18879	0
10474	4.18879	0
8552	4.18879	0
9831	4.18879	0
8530	4.18879	0
7931	4.18879	0
8534	4.18879	0
9193	4.18879	0
8532	4.18879	0
7934	4.18879	0
9729	4.18879	0
8449	4.18879	0
9130	4.18879	0
9067	4.18879	0
8453	4.18879	0
8471	4.18879	0
9071	4.18879	0
9750	4.18879	0
11031	4.18879	0
11071	4.18879	0
11049	4.18879	0
12330	4.18879	0
11028	4.18879	0
10369	4.18879	0
9768	4.18879	0
11027	4.18879	0
4556	4.18879	0
5157	4.18879	0
3898	4.18879	0
4535	4.18879	0
5778	4.18879	0
6437	4.18879	0
5179	4.18879	0
4558	4.18879	0
3278	4.18879	0
3296	4.18879	0
2617	4.18879	0
4618	4.18879	0
4579	4.18879	0
3319	4.18879	0
3337	4.18879	0
5916	4.18879	0
5315	4.18879	0
5957	4.18879	0
4636	4.18879	0
7195	4.18879	0
7237	4.18879	0
7198	4.18879	0
6536	4.18879	0
5215	4.18879	0
5895	4.18879	0
5256	4.18879	0
6537	4.18879	0
4614	4.18879	0
3934	4.18879	0
4573	4.18879	0
4576	4.18879	0
4014	4.18879	0
2735	4.18879	0
3413	4.18879	0
4012	4.18879	0
4011	4.18879	0
2732	4.18879	0
2730	4.18879	0
4051	4.18879	0
1451	4.18879	0
152	4.18879	0
1412	4.18879	0
790	4.18879	0
813	4.18879	0
1472	4.18879	0
1433	4.18879	0
2753	4.18879	0
4594	4.18879	0
5274	4.18879	0
3995	4.18879	0
5232	4.18879	0
3952	4.18879	0
4611	4.18879	0
5355	4.18879	0
4714	4.18879	0
4675	4.18879	0
4673	4.18879	0
5954	4.18879	0
6553	4.18879	0
6613	4.18879	0
6614	4.18879	0
5333	4.18879	0
6654	4.18879	0
5334	4.18879	0
5956	4.18879	0
4655	4.18879	0
5293	4.18879	0
4691	4.18879	0
4713	4.18879	0
3411	4.18879	0
5372	4.18879	0
4032	4.18879	0
2733	4.18879	0
4653	4.18879	0
5272	4.18879	0
6531	4.18879	0
5270	4.18879	0
6571	4.18879	0
7851	4.18879	0
7170	4.18879	0
7832	4.18879	0
7871	4.18879	0
9172	4.18879	0
7872	4.18879	0
7253	4.18879	0
7214	4.18879	0
8514	4.18879	0
7932	4.18879	0
7911	4.18879	0
9212	4.18879	0
7893	4.18879	0
7333	4.18879	0
6673	4.18879	0
7314	4.18879	0
7291	4.18879	0
9853	4.18879	0
8554	4.18879	0
9855	4.18879	0
9192	4.18879	0
9773	4.18879	0
9174	4.18879	0
9812	4.18879	0
8493	4.18879	0
9233	4.18879	0
8612	4.18879	0
9211	4.18879	0
7953	4.18879	0
7353	4.18879	0
7351	4.18879	0
7311	4.18879	0
8012	4.18879	0
8674	4.18879	0
8652	4.18879	0
9273	4.18879	0
9953	4.18879	0
8672	4.18879	0
8051	4.18879	0
9971	4.18879	0
10170	4.18879	0
10831	4.18879	0
10829	4.18879	0
10789	4.18879	0
11489	4.18879	0
12770	4.18879	0
12111	4.18879	0
10870	4.18879	0
12109	4.18879	0
12788	4.18879	0
13388	4.18879	0
13430	4.18879	0
12747	4.18879	0
13366	4.18879	0
12105	4.18879	0
12126	4.18879	0
9512	4.18879	0
9553	4.18879	0
8873	4.18879	0
8273	4.18879	0
8889	4.18879	0
9551	4.18879	0
8290	4.18879	0
8230	4.18879	0
9489	4.18879	0
10148	4.18879	0
8868	4.18879	0
10150	4.18879	0
10130	4.18879	0
11449	4.18879	0
10771	4.18879	0
12050	4.18879	0
11306	4.18879	0
11288	4.18879	0
11926	4.18879	0
10007	4.18879	0
11987	4.18879	0
11948	4.18879	0
12609	4.18879	0
12586	4.18879	0
10027	4.18879	0
10068	4.18879	0
10046	4.18879	0
8788	4.18879	0
10070	4.18879	0
11349	4.18879	0
10109	4.18879	0
11990	4.18879	0
11992	4.18879	0
10691	4.18879	0
10731	4.18879	0
12008	4.18879	0
12649	4.18879	0
12030	4.18879	0
12630	4.18879	0
12032	4.18879	0
10733	4.18879	0
11373	4.18879	0
10754	4.18879	0
10735	4.18879	0
12034	4.18879	0
17110	4.18879	0
17129	4.18879	0
15829	4.18879	0
17069	4.18879	0
17730	4.18879	0
17050	4.18879	0
16431	4.18879	0
16410	4.18879	0
15173	4.18879	0
15132	4.18879	0
14531	4.18879	0
15831	4.18879	0
13852	4.18879	0
15131	4.18879	0
14471	4.18879	0
15752	4.18879	0
15828	4.18879	0
16448	4.18879	0
16446	4.18879	0
15148	4.18879	0
16464	4.18879	0
17725	4.18879	0
17766	4.18879	0
16447	4.18879	0
14507	4.18879	0
15788	4.18879	0
15188	4.18879	0
15165	4.18879	0
13226	4.18879	0
14485	4.18879	0
14506	4.18879	0
13827	4.18879	0
13825	4.18879	0
13186	4.18879	0
12564	4.18879	0
12506	4.18879	0
11267	4.18879	0
11887	4.18879	0
12566	4.18879	0
11226	4.18879	0
11869	4.18879	0
13129	4.18879	0
13169	4.18879	0
12511	4.18879	0
10589	4.18879	0
11888	4.18879	0
13168	4.18879	0
13190	4.18879	0
13208	4.18879	0
11930	4.18879	0
12629	4.18879	0
12589	4.18879	0
13247	4.18879	0
13269	4.18879	0
12650	4.18879	0
11968	4.18879	0
11347	4.18879	0
12028	4.18879	0
12647	4.18879	0
10747	4.18879	0
8122	4.18879	0
8082	4.18879	0
6801	4.18879	0
7444	4.18879	0
6762	4.18879	0
6802	4.18879	0
5502	4.18879	0
6780	4.18879	0
7423	4.18879	0
8041	4.18879	0
8683	4.18879	0
8723	4.18879	0
9940	4.18879	0
9320	4.18879	0
9322	4.18879	0
8641	4.18879	0
9964	4.18879	0
8665	4.18879	0
8703	4.18879	0
9284	4.18879	0
8704	4.18879	0
8083	4.18879	0
7424	4.18879	0
9365	4.18879	0
10648	4.18879	0
9367	4.18879	0
9967	4.18879	0
10667	4.18879	0
8687	4.18879	0
8709	4.18879	0
7426	4.18879	0
12443	4.18879	0
11784	4.18879	0
13064	4.18879	0
11783	4.18879	0
12461	4.18879	0
11181	4.18879	0
11781	4.18879	0
11843	4.18879	0
11861	4.18879	0
11902	4.18879	0
12503	4.18879	0
13182	4.18879	0
13784	4.18879	0
12484	4.18879	0
13743	4.18879	0
9923	4.18879	0
11223	4.18879	0
9962	4.18879	0
10604	4.18879	0
11265	4.18879	0
11246	4.18879	0
11884	4.18879	0
11866	4.18879	0
12527	4.18879	0
11247	4.18879	0
11905	4.18879	0
10609	4.18879	0
11908	4.18879	0
9267	4.18879	0
10567	4.18879	0
9929	4.18879	0
9946	4.18879	0
10550	4.18879	0
11208	4.18879	0
11149	4.18879	0
8586	4.18879	0
8584	4.18879	0
9245	4.18879	0
9866	4.18879	0
10526	4.18879	0
9864	4.18879	0
10551	4.18879	0
11811	4.18879	0
11212	4.18879	0
11829	4.18879	0
10533	4.18879	0
9872	4.18879	0
11152	4.18879	0
11769	4.18879	0
12388	4.18879	0
11128	4.18879	0
11787	4.18879	0
12411	4.18879	0
11810	4.18879	0
11706	4.18879	0
12348	4.18879	0
12307	4.18879	0
12987	4.18879	0
12948	4.18879	0
12989	4.18879	0
14248	4.18879	0
13569	4.18879	0
13666	4.18879	0
14288	4.18879	0
13028	4.18879	0
13627	4.18879	0
12427	4.18879	0
13687	4.18879	0
13046	4.18879	0
11824	4.18879	0
11785	4.18879	0
11744	4.18879	0
12386	4.18879	0
10464	4.18879	0
13063	4.18879	0
13663	4.18879	0
13045	4.18879	0
12384	4.18879	0
14943	4.18879	0
14282	4.18879	0
13681	4.18879	0
747	1	1
748	1	1
749	1	1
750	1	1
751	1	1
752	1	1
753	1	1
754	1	1
755	1	1
756	1	1
767	1	1
768	1	1
769	1	1
770	1	1
771	1	1
772	1	1
773	1	1
774	1	1
775	1	1
776	1	1
791	1	1
795	1	1
796	1	1
847	1	1
848	1	1
849	1	1
850	1	1
851	1	1
852	1	1
853	1	1
854	1	1
855	1	1
856	1	1
867	1	1
868	1	1
869	1	1
870	1	1
871	1	1
872	1	1
873	1	1
874	1	1
875	1	1
876	1	1
890	1	1
891	1	1
895	1	1
896	1	1
1387	1	1
1388	1	1
1389	1	1
1390	1	1
1391	1	1
1392	1	1
1393	1	1
1394	1	1
1395	1	1
1396	1	1
1407	1	1
1408	1	1
1409	1	1
1410	1	1
1411	1	1
1413	1	1
1414	1	1
1415	1	1
1416	1	1
1428	1	1
1429	1	1
1430	1	1
1431	1	1
1434	1	1
1435	1	1
1436	1	1
1448	1	1
1449	1	1
1450	1	1
1453	1	1
1454	1	1
1455	1	1
1456	1	1
1487	1	1
1488	1	1
1489	1	1
1490	1	1
1491	1	1
1492	1	1
1493	1	1
1494	1	1
1495	1	1
1496	1	1
1507	1	1
1508	1	1
1509	1	1
1510	1	1
1511	1	1
1512	1	1
1513	1	1
1514	1	1
1515	1	1
1516	1	1
1528	1	1
1529	1	1
1530	1	1
1531	1	1
1533	1	1
1534	1	1
1535	1	1
1536	1	1
1548	1	1
1549	1	1
1550	1	1
1551	1	1
1553	1	1
1554	1	1
1555	1	1
1556	1	1
2012	1	1
2013	1	1
2017	1	1
2018	1	1
2028	1	1
2029	1	1
2030	1	1
2031	1	1
2032	1	1
2033	1	1
2034	1	1
2035	1	1
2036	1	1
2037	1	1
2038	1	1
2048	1	1
2049	1	1
2050	1	1
2051	1	1
2052	1	1
2053	1	1
2054	1	1
2055	1	1
2056	1	1
2057	1	1
2068	1	1
2069	1	1
2070	1	1
2071	1	1
2073	1	1
2074	1	1
2075	1	1
2076	1	1
2088	1	1
2089	1	1
2090	1	1
2091	1	1
2093	1	1
2094	1	1
2095	1	1
2096	1	1
2112	1	1
2113	1	1
2117	1	1
2118	1	1
2128	1	1
2129	1	1
2130	1	1
2131	1	1
2132	1	1
2133	1	1
2134	1	1
2135	1	1
2136	1	1
2137	1	1
2138	1	1
2148	1	1
2149	1	1
2150	1	1
2151	1	1
2152	1	1
2153	1	1
2154	1	1
2155	1	1
2156	1	1
2157	1	1
2168	1	1
2169	1	1
2170	1	1
2171	1	1
2173	1	1
2174	1	1
2175	1	1
2176	1	1
2188	1	1
2189	1	1
2190	1	1
2191	1	1
2193	1	1
2194	1	1
2195	1	1
2196	1	1
2628	1	1
2629	1	1
2631	1	1
2632	1	1
2633	1	1
2634	1	1
2636	1	1
2637	1	1
2648	1	1
2649	1	1
2651	1	1
2652	1	1
2653	1	1
2654	1	1
2656	1	1
2657	1	1
2658	1	1
2659	1	1
2668	1	1
2669	1	1
2670	1	1
2671	1	1
2672	1	1
2673	1	1
2674	1	1
2675	1	1
2676	1	1
2677	1	1
2678	1	1
2679	1	1
2688	1	1
2689	1	1
2690	1	1
2691	1	1
2692	1	1
2693	1	1
2694	1	1
2695	1	1
2696	1	1
2697	1	1
2698	1	1
2708	1	1
2709	1	1
2710	1	1
2711	1	1
2712	1	1
2713	1	1
2714	1	1
2715	1	1
2716	1	1
2717	1	1
2718	1	1
2728	1	1
2729	1	1
2731	1	1
2734	1	1
2736	1	1
2737	1	1
2748	1	1
2749	1	1
2750	1	1
2751	1	1
2752	1	1
2754	1	1
2755	1	1
2756	1	1
2757	1	1
2758	1	1
2759	1	1
2768	1	1
2769	1	1
2770	1	1
2771	1	1
2772	1	1
2773	1	1
2774	1	1
2775	1	1
2776	1	1
2777	1	1
2778	1	1
2779	1	1
2788	1	1
2789	1	1
2790	1	1
2791	1	1
2792	1	1
2793	1	1
2794	1	1
2795	1	1
2796	1	1
2797	1	1
2798	1	1
2808	1	1
2809	1	1
2810	1	1
2811	1	1
2812	1	1
2813	1	1
2814	1	1
2815	1	1
2816	1	1
2817	1	1
2818	1	1
2828	1	1
2829	1	1
2830	1	1
2831	1	1
2832	1	1
2833	1	1
2834	1	1
2835	1	1
2836	1	1
2837	1	1
2850	1	1
2851	1	1
2852	1	1
2855	1	1
2856	1	1
2857	1	1
3249	1	1
3250	1	1
3254	1	1
3255	1	1
3268	1	1
3269	1	1
3270	1	1
3271	1	1
3272	1	1
3273	1	1
3274	1	1
3275	1	1
3276	1	1
3277	1	1
3279	1	1
3287	1	1
3288	1	1
3289	1	1
3290	1	1
3291	1	1
3292	1	1
3293	1	1
3294	1	1
3295	1	1
3297	1	1
3298	1	1
3299	1	1
3307	1	1
3308	1	1
3309	1	1
3310	1	1
3311	1	1
3312	1	1
3313	1	1
3314	1	1
3315	1	1
3316	1	1
3317	1	1
3318	1	1
3330	1	1
3331	1	1
3332	1	1
3333	1	1
3335	1	1
3336	1	1
3338	1	1
3348	1	1
3349	1	1
3350	1	1
3351	1	1
3352	1	1
3353	1	1
3354	1	1
3355	1	1
3356	1	1
3357	1	1
3358	1	1
3368	1	1
3369	1	1
3370	1	1
3371	1	1
3372	1	1
3373	1	1
3374	1	1
3375	1	1
3376	1	1
3377	1	1
3378	1	1
3379	1	1
3387	1	1
3388	1	1
3389	1	1
3390	1	1
3391	1	1
3392	1	1
3393	1	1
3394	1	1
3395	1	1
3396	1	1
3397	1	1
3398	1	1
3399	1	1
3407	1	1
3408	1	1
3409	1	1
3410	1	1
3412	1	1
3414	1	1
3415	1	1
3416	1	1
3417	1	1
3418	1	1
3419	1	1
3430	1	1
3431	1	1
3432	1	1
3433	1	1
3435	1	1
3436	1	1
3437	1	1
3438	1	1
3448	1	1
3449	1	1
3450	1	1
3451	1	1
3452	1	1
3453	1	1
3454	1	1
3455	1	1
3456	1	1
3457	1	1
3458	1	1
3468	1	1
3469	1	1
3470	1	1
3471	1	1
3472	1	1
3473	1	1
3474	1	1
3475	1	1
3476	1	1
3477	1	1
3478	1	1
3489	1	1
3490	1	1
3491	1	1
3492	1	1
3493	1	1
3494	1	1
3495	1	1
3496	1	1
3497	1	1
3498	1	1
3509	1	1
3510	1	1
3514	1	1
3515	1	1
3519	1	1
3520	1	1
3524	1	1
3525	1	1
3539	1	1
3540	1	1
3544	1	1
3545	1	1
3619	1	1
3620	1	1
3624	1	1
3625	1	1
3639	1	1
3640	1	1
3644	1	1
3645	1	1
3889	1	1
3890	1	1
3894	1	1
3895	1	1
3909	1	1
3910	1	1
3912	1	1
3913	1	1
3914	1	1
3915	1	1
3917	1	1
3918	1	1
3919	1	1
3927	1	1
3928	1	1
3929	1	1
3930	1	1
3931	1	1
3932	1	1
3933	1	1
3935	1	1
3936	1	1
3937	1	1
3938	1	1
3939	1	1
3947	1	1
3948	1	1
3949	1	1
3950	1	1
3951	1	1
3953	1	1
3954	1	1
3955	1	1
3956	1	1
3957	1	1
3958	1	1
3959	1	1
3967	1	1
3968	1	1
3969	1	1
3970	1	1
3971	1	1
3972	1	1
3973	1	1
3974	1	1
3975	1	1
3976	1	1
3977	1	1
3978	1	1
3979	1	1
3980	1	1
3989	1	1
3990	1	1
3991	1	1
3992	1	1
3993	1	1
3994	1	1
3996	1	1
3997	1	1
3998	1	1
3999	1	1
4000	1	1
4009	1	1
4010	1	1
4013	1	1
4015	1	1
4016	1	1
4017	1	1
4018	1	1
4019	1	1
4027	1	1
4028	1	1
4029	1	1
4030	1	1
4031	1	1
4033	1	1
4034	1	1
4035	1	1
4036	1	1
4037	1	1
4038	1	1
4039	1	1
4047	1	1
4048	1	1
4049	1	1
4050	1	1
4052	1	1
4053	1	1
4054	1	1
4055	1	1
4056	1	1
4057	1	1
4058	1	1
4059	1	1
4067	1	1
4068	1	1
4069	1	1
4070	1	1
4071	1	1
4072	1	1
4073	1	1
4074	1	1
4075	1	1
4076	1	1
4077	1	1
4078	1	1
4079	1	1
4080	1	1
4090	1	1
4091	1	1
4092	1	1
4093	1	1
4094	1	1
4095	1	1
4096	1	1
4097	1	1
4098	1	1
4099	1	1
4100	1	1
4110	1	1
4111	1	1
4112	1	1
4113	1	1
4115	1	1
4116	1	1
4117	1	1
4118	1	1
4129	1	1
4130	1	1
4132	1	1
4133	1	1
4134	1	1
4135	1	1
4137	1	1
4138	1	1
4149	1	1
4150	1	1
4154	1	1
4155	1	1
4159	1	1
4160	1	1
4164	1	1
4165	1	1
4179	1	1
4180	1	1
4184	1	1
4185	1	1
4259	1	1
4260	1	1
4264	1	1
4265	1	1
4279	1	1
4280	1	1
4284	1	1
4285	1	1
4548	1	1
4549	1	1
4552	1	1
4553	1	1
4554	1	1
4555	1	1
4557	1	1
4559	1	1
4560	1	1
4568	1	1
4569	1	1
4570	1	1
4571	1	1
4572	1	1
4574	1	1
4575	1	1
4577	1	1
4578	1	1
4580	1	1
4587	1	1
4588	1	1
4589	1	1
4590	1	1
4591	1	1
4592	1	1
4593	1	1
4595	1	1
4596	1	1
4598	1	1
4599	1	1
4607	1	1
4608	1	1
4609	1	1
4610	1	1
4612	1	1
4613	1	1
4615	1	1
4616	1	1
4617	1	1
4619	1	1
4620	1	1
4628	1	1
4629	1	1
4630	1	1
4631	1	1
4632	1	1
4633	1	1
4634	1	1
4635	1	1
4637	1	1
4638	1	1
4639	1	1
4640	1	1
4648	1	1
4649	1	1
4650	1	1
4651	1	1
4652	1	1
4654	1	1
4656	1	1
4657	1	1
4658	1	1
4659	1	1
4660	1	1
4668	1	1
4669	1	1
4670	1	1
4671	1	1
4672	1	1
4674	1	1
4676	1	1
4677	1	1
4678	1	1
4679	1	1
4680	1	1
4687	1	1
4688	1	1
4689	1	1
4690	1	1
4692	1	1
4693	1	1
4694	1	1
4695	1	1
4696	1	1
4697	1	1
4698	1	1
4699	1	1
4707	1	1
4708	1	1
4709	1	1
4710	1	1
4711	1	1
4712	1	1
4715	1	1
4716	1	1
4717	1	1
4718	1	1
4719	1	1
4720	1	1
4728	1	1
4729	1	1
4730	1	1
4731	1	1
4732	1	1
4733	1	1
4734	1	1
4735	1	1
4736	1	1
4737	1	1
4738	1	1
4739	1	1
4740	1	1
4748	1	1
4749	1	1
4750	1	1
4751	1	1
4752	1	1
4753	1	1
4754	1	1
4755	1	1
4756	1	1
4757	1	1
4771	1	1
4772	1	1
4776	1	1
4777	1	1
4779	1	1
4780	1	1
4784	1	1
4785	1	1
4790	1	1
4791	1	1
4792	1	1
4795	1	1
4796	1	1
4797	1	1
4798	1	1
4799	1	1
4800	1	1
4802	1	1
4803	1	1
4804	1	1
4805	1	1
4810	1	1
4811	1	1
4815	1	1
4816	1	1
4817	1	1
4818	1	1
4819	1	1
4820	1	1
4822	1	1
4823	1	1
4824	1	1
4825	1	1
4838	1	1
4839	1	1
4840	1	1
4843	1	1
4844	1	1
4845	1	1
4879	1	1
4880	1	1
4884	1	1
4885	1	1
4897	1	1
4898	1	1
4899	1	1
4900	1	1
4902	1	1
4903	1	1
4904	1	1
4905	1	1
4917	1	1
4918	1	1
4919	1	1
4920	1	1
4922	1	1
4923	1	1
4924	1	1
4925	1	1
4938	1	1
4939	1	1
4940	1	1
4943	1	1
4944	1	1
4945	1	1
5187	1	1
5188	1	1
5189	1	1
5192	1	1
5193	1	1
5194	1	1
5195	1	1
5198	1	1
5199	1	1
5200	1	1
5207	1	1
5208	1	1
5209	1	1
5210	1	1
5211	1	1
5212	1	1
5213	1	1
5214	1	1
5216	1	1
5217	1	1
5218	1	1
5219	1	1
5220	1	1
5221	1	1
5228	1	1
5229	1	1
5230	1	1
5231	1	1
5233	1	1
5234	1	1
5235	1	1
5236	1	1
5237	1	1
5238	1	1
5240	1	1
5241	1	1
5248	1	1
5249	1	1
5250	1	1
5251	1	1
5252	1	1
5253	1	1
5254	1	1
5255	1	1
5257	1	1
5259	1	1
5260	1	1
5268	1	1
5269	1	1
5271	1	1
5273	1	1
5275	1	1
5276	1	1
5277	1	1
5279	1	1
5280	1	1
5287	1	1
5288	1	1
5289	1	1
5290	1	1
5291	1	1
5292	1	1
5294	1	1
5295	1	1
5296	1	1
5297	1	1
5298	1	1
5299	1	1
5300	1	1
5307	1	1
5308	1	1
5309	1	1
5310	1	1
5311	1	1
5312	1	1
5313	1	1
5314	1	1
5316	1	1
5317	1	1
5318	1	1
5319	1	1
5320	1	1
5321	1	1
5328	1	1
5329	1	1
5330	1	1
5331	1	1
5332	1	1
5335	1	1
5336	1	1
5337	1	1
5338	1	1
5340	1	1
5341	1	1
5348	1	1
5349	1	1
5350	1	1
5351	1	1
5352	1	1
5353	1	1
5354	1	1
5356	1	1
5357	1	1
5359	1	1
5360	1	1
5368	1	1
5369	1	1
5370	1	1
5371	1	1
5373	1	1
5374	1	1
5375	1	1
5376	1	1
5377	1	1
5379	1	1
5380	1	1
5388	1	1
5389	1	1
5390	1	1
5391	1	1
5392	1	1
5393	1	1
5394	1	1
5395	1	1
5396	1	1
5397	1	1
5408	1	1
5409	1	1
5411	1	1
5412	1	1
5413	1	1
5414	1	1
5416	1	1
5417	1	1
5419	1	1
5420	1	1
5424	1	1
5425	1	1
5428	1	1
5429	1	1
5430	1	1
5431	1	1
5432	1	1
5433	1	1
5434	1	1
5435	1	1
5436	1	1
5437	1	1
5438	1	1
5439	1	1
5440	1	1
5441	1	1
5442	1	1
5443	1	1
5444	1	1
5445	1	1
5446	1	1
5447	1	1
5448	1	1
5449	1	1
5450	1	1
5451	1	1
5452	1	1
5453	1	1
5454	1	1
5455	1	1
5456	1	1
5457	1	1
5458	1	1
5459	1	1
5460	1	1
5461	1	1
5462	1	1
5463	1	1
5464	1	1
5465	1	1
5466	1	1
5467	1	1
5468	1	1
5469	1	1
5470	1	1
5471	1	1
5473	1	1
5474	1	1
5475	1	1
5476	1	1
5478	1	1
5479	1	1
5480	1	1
5481	1	1
5482	1	1
5483	1	1
5484	1	1
5485	1	1
5486	1	1
5487	1	1
5488	1	1
5489	1	1
5490	1	1
5491	1	1
5493	1	1
5494	1	1
5495	1	1
5496	1	1
5519	1	1
5520	1	1
5524	1	1
5525	1	1
5537	1	1
5538	1	1
5539	1	1
5540	1	1
5541	1	1
5542	1	1
5543	1	1
5544	1	1
5545	1	1
5546	1	1
5547	1	1
5548	1	1
5549	1	1
5557	1	1
5558	1	1
5559	1	1
5560	1	1
5561	1	1
5562	1	1
5563	1	1
5564	1	1
5565	1	1
5566	1	1
5567	1	1
5568	1	1
5569	1	1
5578	1	1
5579	1	1
5580	1	1
5581	1	1
5582	1	1
5583	1	1
5584	1	1
5585	1	1
5586	1	1
5587	1	1
5827	1	1
5828	1	1
5829	1	1
5831	1	1
5832	1	1
5833	1	1
5834	1	1
5836	1	1
5837	1	1
5847	1	1
5848	1	1
5849	1	1
5850	1	1
5851	1	1
5852	1	1
5853	1	1
5854	1	1
5855	1	1
5856	1	1
5857	1	1
5858	1	1
5859	1	1
5860	1	1
5861	1	1
5868	1	1
5869	1	1
5870	1	1
5871	1	1
5872	1	1
5873	1	1
5874	1	1
5875	1	1
5876	1	1
5877	1	1
5878	1	1
5879	1	1
5880	1	1
5881	1	1
5888	1	1
5889	1	1
5890	1	1
5891	1	1
5892	1	1
5893	1	1
5894	1	1
5896	1	1
5897	1	1
5898	1	1
5899	1	1
5900	1	1
5908	1	1
5909	1	1
5910	1	1
5911	1	1
5912	1	1
5913	1	1
5914	1	1
5915	1	1
5917	1	1
5918	1	1
5919	1	1
5920	1	1
5927	1	1
5928	1	1
5929	1	1
5930	1	1
5931	1	1
5932	1	1
5933	1	1
5934	1	1
5935	1	1
5936	1	1
5937	1	1
5947	1	1
5948	1	1
5949	1	1
5950	1	1
5951	1	1
5952	1	1
5953	1	1
5955	1	1
5958	1	1
5959	1	1
5960	1	1
5961	1	1
5968	1	1
5969	1	1
5970	1	1
5971	1	1
5972	1	1
5973	1	1
5974	1	1
5975	1	1
5976	1	1
5977	1	1
5978	1	1
5979	1	1
5980	1	1
5981	1	1
5988	1	1
5989	1	1
5990	1	1
5991	1	1
5992	1	1
5993	1	1
5994	1	1
5995	1	1
5996	1	1
5997	1	1
5998	1	1
5999	1	1
6000	1	1
6008	1	1
6009	1	1
6010	1	1
6011	1	1
6012	1	1
6013	1	1
6014	1	1
6015	1	1
6016	1	1
6017	1	1
6018	1	1
6019	1	1
6020	1	1
6028	1	1
6029	1	1
6030	1	1
6031	1	1
6032	1	1
6033	1	1
6034	1	1
6035	1	1
6036	1	1
6037	1	1
6048	1	1
6049	1	1
6050	1	1
6051	1	1
6052	1	1
6053	1	1
6054	1	1
6055	1	1
6056	1	1
6057	1	1
6058	1	1
6059	1	1
6063	1	1
6064	1	1
6068	1	1
6069	1	1
6070	1	1
6071	1	1
6072	1	1
6073	1	1
6074	1	1
6075	1	1
6076	1	1
6077	1	1
6078	1	1
6079	1	1
6080	1	1
6081	1	1
6082	1	1
6083	1	1
6084	1	1
6085	1	1
6086	1	1
6087	1	1
6088	1	1
6089	1	1
6090	1	1
6091	1	1
6092	1	1
6093	1	1
6094	1	1
6095	1	1
6096	1	1
6097	1	1
6099	1	1
6100	1	1
6101	1	1
6102	1	1
6103	1	1
6104	1	1
6105	1	1
6106	1	1
6107	1	1
6108	1	1
6109	1	1
6110	1	1
6111	1	1
6113	1	1
6114	1	1
6115	1	1
6116	1	1
6119	1	1
6120	1	1
6121	1	1
6122	1	1
6124	1	1
6125	1	1
6126	1	1
6127	1	1
6128	1	1
6129	1	1
6130	1	1
6131	1	1
6133	1	1
6134	1	1
6135	1	1
6136	1	1
6139	1	1
6140	1	1
6144	1	1
6145	1	1
6149	1	1
6150	1	1
6154	1	1
6155	1	1
6158	1	1
6159	1	1
6160	1	1
6163	1	1
6164	1	1
6165	1	1
6168	1	1
6169	1	1
6173	1	1
6174	1	1
6178	1	1
6179	1	1
6180	1	1
6181	1	1
6182	1	1
6183	1	1
6184	1	1
6185	1	1
6186	1	1
6187	1	1
6188	1	1
6189	1	1
6193	1	1
6194	1	1
6199	1	1
6200	1	1
6201	1	1
6202	1	1
6203	1	1
6204	1	1
6205	1	1
6206	1	1
6207	1	1
6208	1	1
6209	1	1
6219	1	1
6220	1	1
6221	1	1
6222	1	1
6224	1	1
6225	1	1
6226	1	1
6227	1	1
6239	1	1
6240	1	1
6244	1	1
6245	1	1
6247	1	1
6248	1	1
6252	1	1
6253	1	1
6259	1	1
6260	1	1
6264	1	1
6265	1	1
6267	1	1
6268	1	1
6272	1	1
6273	1	1
6347	1	1
6348	1	1
6352	1	1
6353	1	1
6367	1	1
6368	1	1
6372	1	1
6373	1	1
6449	1	1
6450	1	1
6454	1	1
6455	1	1
6466	1	1
6467	1	1
6468	1	1
6469	1	1
6470	1	1
6471	1	1
6472	1	1
6473	1	1
6474	1	1
6475	1	1
6476	1	1
6477	1	1
6478	1	1
6479	1	1
6486	1	1
6487	1	1
6488	1	1
6489	1	1
6490	1	1
6491	1	1
6492	1	1
6493	1	1
6494	1	1
6495	1	1
6496	1	1
6497	1	1
6498	1	1
6499	1	1
6507	1	1
6508	1	1
6509	1	1
6510	1	1
6511	1	1
6512	1	1
6513	1	1
6514	1	1
6515	1	1
6516	1	1
6517	1	1
6518	1	1
6519	1	1
6528	1	1
6529	1	1
6530	1	1
6532	1	1
6533	1	1
6534	1	1
6535	1	1
6538	1	1
6547	1	1
6548	1	1
6549	1	1
6550	1	1
6551	1	1
6552	1	1
6554	1	1
6555	1	1
6556	1	1
6557	1	1
6558	1	1
6566	1	1
6567	1	1
6568	1	1
6569	1	1
6570	1	1
6572	1	1
6573	1	1
6574	1	1
6575	1	1
6576	1	1
6577	1	1
6578	1	1
6579	1	1
6586	1	1
6587	1	1
6588	1	1
6589	1	1
6590	1	1
6591	1	1
6592	1	1
6593	1	1
6594	1	1
6595	1	1
6596	1	1
6597	1	1
6598	1	1
6599	1	1
6601	1	1
6602	1	1
6603	1	1
6604	1	1
6606	1	1
6607	1	1
6608	1	1
6609	1	1
6610	1	1
6611	1	1
6612	1	1
6615	1	1
6616	1	1
6617	1	1
6618	1	1
6619	1	1
6621	1	1
6622	1	1
6623	1	1
6624	1	1
6626	1	1
6627	1	1
6628	1	1
6629	1	1
6630	1	1
6631	1	1
6632	1	1
6633	1	1
6634	1	1
6635	1	1
6636	1	1
6637	1	1
6638	1	1
6647	1	1
6648	1	1
6649	1	1
6650	1	1
6651	1	1
6652	1	1
6653	1	1
6655	1	1
6656	1	1
6657	1	1
6658	1	1
6659	1	1
6663	1	1
6664	1	1
6667	1	1
6668	1	1
6669	1	1
6670	1	1
6671	1	1
6672	1	1
6674	1	1
6675	1	1
6676	1	1
6677	1	1
6678	1	1
6679	1	1
6682	1	1
6683	1	1
6684	1	1
6687	1	1
6688	1	1
6689	1	1
6690	1	1
6691	1	1
6692	1	1
6693	1	1
6694	1	1
6695	1	1
6696	1	1
6697	1	1
6698	1	1
6699	1	1
6700	1	1
6701	1	1
6702	1	1
6703	1	1
6704	1	1
6705	1	1
6706	1	1
6707	1	1
6708	1	1
6709	1	1
6710	1	1
6711	1	1
6712	1	1
6713	1	1
6714	1	1
6715	1	1
6716	1	1
6717	1	1
6718	1	1
6719	1	1
6720	1	1
6721	1	1
6722	1	1
6723	1	1
6724	1	1
6725	1	1
6726	1	1
6727	1	1
6728	1	1
6729	1	1
6730	1	1
6731	1	1
6732	1	1
6733	1	1
6734	1	1
6735	1	1
6736	1	1
6737	1	1
6739	1	1
6740	1	1
6741	1	1
6742	1	1
6744	1	1
6745	1	1
6746	1	1
6747	1	1
6748	1	1
6749	1	1
6750	1	1
6751	1	1
6752	1	1
6753	1	1
6754	1	1
6755	1	1
6756	1	1
6757	1	1
6758	1	1
6759	1	1
6760	1	1
6761	1	1
6763	1	1
6764	1	1
6765	1	1
6766	1	1
6769	1	1
6770	1	1
6774	1	1
6775	1	1
6778	1	1
6779	1	1
6782	1	1
6783	1	1
6784	1	1
6785	1	1
6787	1	1
6788	1	1
6789	1	1
6790	1	1
6791	1	1
6792	1	1
6793	1	1
6794	1	1
6795	1	1
6796	1	1
6797	1	1
6798	1	1
6799	1	1
6800	1	1
6803	1	1
6804	1	1
6805	1	1
6806	1	1
6807	1	1
6808	1	1
6809	1	1
6810	1	1
6811	1	1
6812	1	1
6813	1	1
6814	1	1
6815	1	1
6816	1	1
6817	1	1
6818	1	1
6819	1	1
6820	1	1
6821	1	1
6822	1	1
6823	1	1
6824	1	1
6825	1	1
6826	1	1
6827	1	1
6828	1	1
6829	1	1
6830	1	1
6831	1	1
6832	1	1
6833	1	1
6834	1	1
6835	1	1
6836	1	1
6839	1	1
6840	1	1
6841	1	1
6842	1	1
6844	1	1
6845	1	1
6846	1	1
6847	1	1
6849	1	1
6850	1	1
6851	1	1
6852	1	1
6854	1	1
6855	1	1
6856	1	1
6859	1	1
6860	1	1
6861	1	1
6864	1	1
6865	1	1
6866	1	1
6869	1	1
6870	1	1
6874	1	1
6875	1	1
6879	1	1
6880	1	1
6884	1	1
6885	1	1
6886	1	1
6887	1	1
6888	1	1
6890	1	1
6891	1	1
6892	1	1
6893	1	1
6895	1	1
6896	1	1
6899	1	1
6900	1	1
6904	1	1
6905	1	1
6906	1	1
6907	1	1
6908	1	1
6910	1	1
6911	1	1
6912	1	1
6913	1	1
6915	1	1
6916	1	1
6925	1	1
6926	1	1
6927	1	1
6930	1	1
6931	1	1
6932	1	1
6985	1	1
6986	1	1
6987	1	1
6988	1	1
6990	1	1
6991	1	1
6992	1	1
6993	1	1
6995	1	1
6996	1	1
7005	1	1
7006	1	1
7007	1	1
7008	1	1
7010	1	1
7011	1	1
7012	1	1
7013	1	1
7015	1	1
7016	1	1
7026	1	1
7027	1	1
7031	1	1
7032	1	1
7084	1	1
7085	1	1
7088	1	1
7089	1	1
7090	1	1
7093	1	1
7094	1	1
7095	1	1
7104	1	1
7105	1	1
7106	1	1
7107	1	1
7108	1	1
7109	1	1
7110	1	1
7111	1	1
7112	1	1
7113	1	1
7114	1	1
7115	1	1
7116	1	1
7117	1	1
7118	1	1
7119	1	1
7126	1	1
7127	1	1
7128	1	1
7129	1	1
7130	1	1
7131	1	1
7132	1	1
7133	1	1
7134	1	1
7135	1	1
7136	1	1
7137	1	1
7138	1	1
7139	1	1
7147	1	1
7148	1	1
7149	1	1
7150	1	1
7151	1	1
7152	1	1
7153	1	1
7154	1	1
7155	1	1
7156	1	1
7157	1	1
7158	1	1
7159	1	1
7167	1	1
7168	1	1
7171	1	1
7172	1	1
7173	1	1
7174	1	1
7175	1	1
7176	1	1
7177	1	1
7178	1	1
7179	1	1
7180	1	1
7184	1	1
7185	1	1
7187	1	1
7188	1	1
7189	1	1
7190	1	1
7191	1	1
7192	1	1
7193	1	1
7194	1	1
7196	1	1
7197	1	1
7199	1	1
7200	1	1
7204	1	1
7205	1	1
7206	1	1
7207	1	1
7208	1	1
7209	1	1
7210	1	1
7211	1	1
7212	1	1
7213	1	1
7215	1	1
7216	1	1
7217	1	1
7218	1	1
7219	1	1
7223	1	1
7224	1	1
7226	1	1
7227	1	1
7228	1	1
7229	1	1
7230	1	1
7231	1	1
7232	1	1
7233	1	1
7234	1	1
7235	1	1
7236	1	1
7238	1	1
7239	1	1
7241	1	1
7242	1	1
7243	1	1
7244	1	1
7245	1	1
7246	1	1
7247	1	1
7248	1	1
7249	1	1
7250	1	1
7251	1	1
7252	1	1
7254	1	1
7255	1	1
7256	1	1
7257	1	1
7258	1	1
7259	1	1
7261	1	1
7262	1	1
7263	1	1
7264	1	1
7265	1	1
7266	1	1
7267	1	1
7268	1	1
7269	1	1
7270	1	1
7271	1	1
7272	1	1
7273	1	1
7274	1	1
7275	1	1
7276	1	1
7277	1	1
7278	1	1
7279	1	1
7280	1	1
7282	1	1
7283	1	1
7284	1	1
7285	1	1
7286	1	1
7287	1	1
7288	1	1
7289	1	1
7290	1	1
7292	1	1
7293	1	1
7294	1	1
7295	1	1
7296	1	1
7297	1	1
7298	1	1
7299	1	1
7300	1	1
7301	1	1
7302	1	1
7303	1	1
7304	1	1
7305	1	1
7306	1	1
7307	1	1
7308	1	1
7309	1	1
7310	1	1
7312	1	1
7313	1	1
7315	1	1
7316	1	1
7317	1	1
7318	1	1
7319	1	1
7321	1	1
7322	1	1
7323	1	1
7324	1	1
7326	1	1
7327	1	1
7328	1	1
7329	1	1
7330	1	1
7331	1	1
7332	1	1
7334	1	1
7335	1	1
7336	1	1
7337	1	1
7338	1	1
7339	1	1
7340	1	1
7341	1	1
7342	1	1
7343	1	1
7344	1	1
7345	1	1
7346	1	1
7347	1	1
7348	1	1
7349	1	1
7350	1	1
7352	1	1
7354	1	1
7355	1	1
7356	1	1
7357	1	1
7358	1	1
7359	1	1
7360	1	1
7361	1	1
7362	1	1
7363	1	1
7364	1	1
7365	1	1
7366	1	1
7367	1	1
7368	1	1
7369	1	1
7370	1	1
7371	1	1
7372	1	1
7373	1	1
7374	1	1
7375	1	1
7376	1	1
7377	1	1
7379	1	1
7380	1	1
7381	1	1
7382	1	1
7383	1	1
7384	1	1
7385	1	1
7386	1	1
7387	1	1
7388	1	1
7389	1	1
7390	1	1
7391	1	1
7392	1	1
7393	1	1
7394	1	1
7395	1	1
7396	1	1
7397	1	1
7398	1	1
7399	1	1
7400	1	1
7401	1	1
7402	1	1
7403	1	1
7404	1	1
7405	1	1
7406	1	1
7407	1	1
7408	1	1
7409	1	1
7410	1	1
7411	1	1
7413	1	1
7414	1	1
7415	1	1
7416	1	1
7418	1	1
7419	1	1
7421	1	1
7422	1	1
7427	1	1
7428	1	1
7429	1	1
7430	1	1
7431	1	1
7432	1	1
7433	1	1
7434	1	1
7435	1	1
7436	1	1
7437	1	1
7438	1	1
7439	1	1
7440	1	1
7441	1	1
7442	1	1
7443	1	1
7445	1	1
7446	1	1
7447	1	1
7448	1	1
7449	1	1
7450	1	1
7451	1	1
7452	1	1
7453	1	1
7454	1	1
7455	1	1
7456	1	1
7457	1	1
7458	1	1
7459	1	1
7460	1	1
7461	1	1
7462	1	1
7463	1	1
7464	1	1
7465	1	1
7466	1	1
7467	1	1
7468	1	1
7469	1	1
7470	1	1
7471	1	1
7472	1	1
7473	1	1
7474	1	1
7475	1	1
7476	1	1
7479	1	1
7480	1	1
7481	1	1
7482	1	1
7483	1	1
7484	1	1
7485	1	1
7486	1	1
7487	1	1
7488	1	1
7489	1	1
7490	1	1
7491	1	1
7492	1	1
7493	1	1
7494	1	1
7495	1	1
7496	1	1
7500	1	1
7501	1	1
7502	1	1
7503	1	1
7504	1	1
7505	1	1
7506	1	1
7507	1	1
7508	1	1
7509	1	1
7510	1	1
7511	1	1
7512	1	1
7514	1	1
7515	1	1
7525	1	1
7526	1	1
7527	1	1
7529	1	1
7530	1	1
7531	1	1
7532	1	1
7534	1	1
7535	1	1
7536	1	1
7545	1	1
7546	1	1
7547	1	1
7549	1	1
7550	1	1
7551	1	1
7552	1	1
7554	1	1
7555	1	1
7556	1	1
7565	1	1
7566	1	1
7567	1	1
7570	1	1
7571	1	1
7572	1	1
7606	1	1
7607	1	1
7611	1	1
7612	1	1
7625	1	1
7626	1	1
7627	1	1
7629	1	1
7630	1	1
7631	1	1
7632	1	1
7634	1	1
7635	1	1
7636	1	1
7645	1	1
7646	1	1
7647	1	1
7649	1	1
7650	1	1
7651	1	1
7652	1	1
7654	1	1
7655	1	1
7656	1	1
7666	1	1
7667	1	1
7671	1	1
7672	1	1
7724	1	1
7725	1	1
7728	1	1
7729	1	1
7730	1	1
7733	1	1
7734	1	1
7744	1	1
7745	1	1
7746	1	1
7747	1	1
7748	1	1
7749	1	1
7750	1	1
7751	1	1
7752	1	1
7753	1	1
7754	1	1
7755	1	1
7757	1	1
7758	1	1
7759	1	1
7760	1	1
7766	1	1
7767	1	1
7768	1	1
7769	1	1
7770	1	1
7771	1	1
7772	1	1
7773	1	1
7774	1	1
7775	1	1
7776	1	1
7777	1	1
7778	1	1
7779	1	1
7780	1	1
7785	1	1
7786	1	1
7787	1	1
7788	1	1
7789	1	1
7790	1	1
7791	1	1
7792	1	1
7793	1	1
7794	1	1
7795	1	1
7796	1	1
7798	1	1
7799	1	1
7805	1	1
7806	1	1
7807	1	1
7808	1	1
7809	1	1
7810	1	1
7811	1	1
7812	1	1
7813	1	1
7814	1	1
7815	1	1
7816	1	1
7817	1	1
7818	1	1
7819	1	1
7820	1	1
7824	1	1
7825	1	1
7826	1	1
7827	1	1
7828	1	1
7829	1	1
7830	1	1
7831	1	1
7833	1	1
7834	1	1
7835	1	1
7836	1	1
7837	1	1
7838	1	1
7839	1	1
7840	1	1
7844	1	1
7845	1	1
7846	1	1
7847	1	1
7848	1	1
7849	1	1
7850	1	1
7852	1	1
7853	1	1
7854	1	1
7855	1	1
7856	1	1
7857	1	1
7858	1	1
7859	1	1
7860	1	1
7863	1	1
7864	1	1
7866	1	1
7867	1	1
7868	1	1
7869	1	1
7870	1	1
7873	1	1
7874	1	1
7875	1	1
7876	1	1
7877	1	1
7878	1	1
7879	1	1
7880	1	1
7881	1	1
7882	1	1
7883	1	1
7884	1	1
7885	1	1
7886	1	1
7887	1	1
7888	1	1
7889	1	1
7890	1	1
7891	1	1
7892	1	1
7894	1	1
7895	1	1
7896	1	1
7897	1	1
7898	1	1
7899	1	1
7901	1	1
7902	1	1
7903	1	1
7904	1	1
7905	1	1
7906	1	1
7907	1	1
7908	1	1
7909	1	1
7910	1	1
7912	1	1
7913	1	1
7914	1	1
7915	1	1
7916	1	1
7917	1	1
7918	1	1
7919	1	1
7920	1	1
7922	1	1
7923	1	1
7924	1	1
7925	1	1
7926	1	1
7927	1	1
7928	1	1
7929	1	1
7930	1	1
7933	1	1
7935	1	1
7936	1	1
7937	1	1
7938	1	1
7939	1	1
7940	1	1
7941	1	1
7942	1	1
7944	1	1
7945	1	1
7946	1	1
7947	1	1
7948	1	1
7949	1	1
7950	1	1
7951	1	1
7952	1	1
7954	1	1
7955	1	1
7956	1	1
7957	1	1
7958	1	1
7960	1	1
7961	1	1
7962	1	1
7963	1	1
7964	1	1
7965	1	1
7966	1	1
7967	1	1
7968	1	1
7969	1	1
7970	1	1
7971	1	1
7972	1	1
7973	1	1
7974	1	1
7975	1	1
7976	1	1
7977	1	1
7978	1	1
7979	1	1
7980	1	1
7981	1	1
7982	1	1
7983	1	1
7984	1	1
7985	1	1
7986	1	1
7987	1	1
7988	1	1
7989	1	1
7990	1	1
7991	1	1
7992	1	1
7993	1	1
7994	1	1
7995	1	1
7996	1	1
7997	1	1
7998	1	1
7999	1	1
8000	1	1
8001	1	1
8002	1	1
8003	1	1
8004	1	1
8005	1	1
8006	1	1
8007	1	1
8008	1	1
8009	1	1
8010	1	1
8011	1	1
8013	1	1
8014	1	1
8015	1	1
8016	1	1
8017	1	1
8018	1	1
8019	1	1
8020	1	1
8022	1	1
8023	1	1
8024	1	1
8025	1	1
8026	1	1
8027	1	1
8028	1	1
8029	1	1
8030	1	1
8031	1	1
8032	1	1
8033	1	1
8034	1	1
8035	1	1
8036	1	1
8038	1	1
8039	1	1
8040	1	1
8042	1	1
8043	1	1
8044	1	1
8045	1	1
8046	1	1
8047	1	1
8048	1	1
8049	1	1
8050	1	1
8052	1	1
8053	1	1
8054	1	1
8055	1	1
8056	1	1
8057	1	1
8058	1	1
8060	1	1
8061	1	1
8062	1	1
8063	1	1
8064	1	1
8065	1	1
8066	1	1
8067	1	1
8068	1	1
8069	1	1
8070	1	1
8071	1	1
8072	1	1
8073	1	1
8075	1	1
8076	1	1
8077	1	1
8078	1	1
8079	1	1
8080	1	1
8081	1	1
8084	1	1
8085	1	1
8086	1	1
8087	1	1
8088	1	1
8089	1	1
8090	1	1
8091	1	1
8092	1	1
8093	1	1
8094	1	1
8095	1	1
8096	1	1
8097	1	1
8098	1	1
8099	1	1
8100	1	1
8101	1	1
8102	1	1
8103	1	1
8104	1	1
8105	1	1
8106	1	1
8107	1	1
8108	1	1
8109	1	1
8110	1	1
8111	1	1
8112	1	1
8113	1	1
8114	1	1
8115	1	1
8116	1	1
8117	1	1
8118	1	1
8119	1	1
8120	1	1
8123	1	1
8124	1	1
8125	1	1
8126	1	1
8127	1	1
8128	1	1
8129	1	1
8130	1	1
8131	1	1
8132	1	1
8133	1	1
8134	1	1
8135	1	1
8138	1	1
8139	1	1
8140	1	1
8142	1	1
8143	1	1
8144	1	1
8145	1	1
8146	1	1
8147	1	1
8148	1	1
8149	1	1
8150	1	1
8151	1	1
8152	1	1
8153	1	1
8163	1	1
8164	1	1
8165	1	1
8166	1	1
8167	1	1
8168	1	1
8169	1	1
8170	1	1
8171	1	1
8172	1	1
8173	1	1
8174	1	1
8175	1	1
8183	1	1
8184	1	1
8185	1	1
8186	1	1
8187	1	1
8188	1	1
8189	1	1
8190	1	1
8191	1	1
8192	1	1
8193	1	1
8194	1	1
8195	1	1
8205	1	1
8206	1	1
8207	1	1
8208	1	1
8210	1	1
8211	1	1
8212	1	1
8213	1	1
8226	1	1
8227	1	1
8231	1	1
8232	1	1
8246	1	1
8247	1	1
8248	1	1
8251	1	1
8252	1	1
8253	1	1
8265	1	1
8266	1	1
8267	1	1
8268	1	1
8269	1	1
8270	1	1
8271	1	1
8272	1	1
8274	1	1
8275	1	1
8285	1	1
8286	1	1
8287	1	1
8288	1	1
8289	1	1
8291	1	1
8292	1	1
8293	1	1
8294	1	1
8295	1	1
8307	1	1
8308	1	1
8312	1	1
8313	1	1
8386	1	1
8387	1	1
8388	1	1
8389	1	1
8391	1	1
8392	1	1
8393	1	1
8394	1	1
8395	1	1
8398	1	1
8399	1	1
8400	1	1
8406	1	1
8407	1	1
8408	1	1
8409	1	1
8410	1	1
8411	1	1
8412	1	1
8413	1	1
8414	1	1
8415	1	1
8416	1	1
8417	1	1
8418	1	1
8419	1	1
8420	1	1
8421	1	1
8425	1	1
8426	1	1
8427	1	1
8428	1	1
8429	1	1
8430	1	1
8431	1	1
8432	1	1
8433	1	1
8434	1	1
8435	1	1
8436	1	1
8437	1	1
8438	1	1
8440	1	1
8441	1	1
8444	1	1
8445	1	1
8446	1	1
8447	1	1
8448	1	1
8450	1	1
8451	1	1
8452	1	1
8454	1	1
8455	1	1
8456	1	1
8457	1	1
8459	1	1
8460	1	1
8464	1	1
8465	1	1
8466	1	1
8467	1	1
8468	1	1
8469	1	1
8470	1	1
8472	1	1
8473	1	1
8474	1	1
8475	1	1
8476	1	1
8477	1	1
8479	1	1
8480	1	1
8481	1	1
8482	1	1
8484	1	1
8485	1	1
8486	1	1
8487	1	1
8488	1	1
8489	1	1
8490	1	1
8491	1	1
8492	1	1
8494	1	1
8495	1	1
8496	1	1
8497	1	1
8498	1	1
8499	1	1
8500	1	1
8501	1	1
8502	1	1
8503	1	1
8504	1	1
8505	1	1
8506	1	1
8507	1	1
8508	1	1
8509	1	1
8510	1	1
8511	1	1
8512	1	1
8513	1	1
8515	1	1
8516	1	1
8517	1	1
8518	1	1
8519	1	1
8520	1	1
8521	1	1
8522	1	1
8523	1	1
8524	1	1
8525	1	1
8526	1	1
8527	1	1
8528	1	1
8529	1	1
8531	1	1
8533	1	1
8535	1	1
8536	1	1
8537	1	1
8538	1	1
8540	1	1
8541	1	1
8542	1	1
8543	1	1
8544	1	1
8545	1	1
8546	1	1
8547	1	1
8548	1	1
8549	1	1
8550	1	1
8551	1	1
8553	1	1
8555	1	1
8556	1	1
8557	1	1
8559	1	1
8560	1	1
8563	1	1
8564	1	1
8565	1	1
8566	1	1
8567	1	1
8568	1	1
8569	1	1
8570	1	1
8571	1	1
8572	1	1
8573	1	1
8574	1	1
8575	1	1
8576	1	1
8577	1	1
8579	1	1
8580	1	1
8581	1	1
8582	1	1
8585	1	1
8587	1	1
8588	1	1
8589	1	1
8591	1	1
8592	1	1
8593	1	1
8594	1	1
8595	1	1
8596	1	1
8597	1	1
8598	1	1
8600	1	1
8601	1	1
8602	1	1
8603	1	1
8604	1	1
8605	1	1
8606	1	1
8607	1	1
8608	1	1
8609	1	1
8611	1	1
8613	1	1
8615	1	1
8616	1	1
8617	1	1
8618	1	1
8619	1	1
8620	1	1
8621	1	1
8622	1	1
8623	1	1
8624	1	1
8625	1	1
8626	1	1
8627	1	1
8628	1	1
8629	1	1
8630	1	1
8631	1	1
8633	1	1
8634	1	1
8635	1	1
8636	1	1
8637	1	1
8638	1	1
8639	1	1
8640	1	1
8642	1	1
8643	1	1
8644	1	1
8645	1	1
8646	1	1
8647	1	1
8648	1	1
8649	1	1
8650	1	1
8651	1	1
8653	1	1
8654	1	1
8655	1	1
8656	1	1
8657	1	1
8658	1	1
8659	1	1
8660	1	1
8661	1	1
8662	1	1
8663	1	1
8664	1	1
8666	1	1
8667	1	1
8668	1	1
8669	1	1
8670	1	1
8673	1	1
8675	1	1
8676	1	1
8678	1	1
8679	1	1
8680	1	1
8681	1	1
8682	1	1
8684	1	1
8685	1	1
8686	1	1
8688	1	1
8690	1	1
8691	1	1
8692	1	1
8693	1	1
8694	1	1
8695	1	1
8696	1	1
8697	1	1
8698	1	1
8700	1	1
8701	1	1
8702	1	1
8705	1	1
8706	1	1
8707	1	1
8708	1	1
8710	1	1
8711	1	1
8712	1	1
8714	1	1
8715	1	1
8716	1	1
8717	1	1
8718	1	1
8719	1	1
8720	1	1
8721	1	1
8722	1	1
8724	1	1
8725	1	1
8726	1	1
8727	1	1
8728	1	1
8729	1	1
8730	1	1
8731	1	1
8733	1	1
8734	1	1
8735	1	1
8736	1	1
8737	1	1
8738	1	1
8739	1	1
8740	1	1
8741	1	1
8742	1	1
8743	1	1
8744	1	1
8745	1	1
8746	1	1
8747	1	1
8748	1	1
8749	1	1
8750	1	1
8751	1	1
8752	1	1
8753	1	1
8754	1	1
8755	1	1
8756	1	1
8757	1	1
8758	1	1
8759	1	1
8760	1	1
8761	1	1
8762	1	1
8763	1	1
8764	1	1
8765	1	1
8766	1	1
8767	1	1
8768	1	1
8769	1	1
8770	1	1
8771	1	1
8772	1	1
8773	1	1
8774	1	1
8775	1	1
8776	1	1
8777	1	1
8778	1	1
8779	1	1
8780	1	1
8781	1	1
8782	1	1
8783	1	1
8784	1	1
8785	1	1
8786	1	1
8787	1	1
8789	1	1
8790	1	1
8791	1	1
8792	1	1
8793	1	1
8794	1	1
8796	1	1
8797	1	1
8803	1	1
8804	1	1
8805	1	1
8806	1	1
8807	1	1
8808	1	1
8809	1	1
8810	1	1
8811	1	1
8812	1	1
8813	1	1
8814	1	1
8823	1	1
8824	1	1
8825	1	1
8826	1	1
8827	1	1
8828	1	1
8829	1	1
8830	1	1
8831	1	1
8832	1	1
8833	1	1
8834	1	1
8845	1	1
8846	1	1
8847	1	1
8848	1	1
8849	1	1
8850	1	1
8851	1	1
8852	1	1
8853	1	1
8854	1	1
8855	1	1
8856	1	1
8857	1	1
8858	1	1
8864	1	1
8865	1	1
8866	1	1
8867	1	1
8869	1	1
8870	1	1
8871	1	1
8872	1	1
8874	1	1
8875	1	1
8876	1	1
8877	1	1
8878	1	1
8884	1	1
8885	1	1
8886	1	1
8887	1	1
8888	1	1
8890	1	1
8891	1	1
8892	1	1
8893	1	1
8894	1	1
8896	1	1
8897	1	1
8905	1	1
8906	1	1
8907	1	1
8908	1	1
8909	1	1
8910	1	1
8911	1	1
8912	1	1
8913	1	1
8914	1	1
8925	1	1
8926	1	1
8927	1	1
8928	1	1
8930	1	1
8931	1	1
8932	1	1
8933	1	1
8947	1	1
8948	1	1
8952	1	1
8953	1	1
8989	1	1
8990	1	1
8994	1	1
8995	1	1
9006	1	1
9007	1	1
9009	1	1
9010	1	1
9011	1	1
9012	1	1
9014	1	1
9015	1	1
9026	1	1
9027	1	1
9028	1	1
9029	1	1
9031	1	1
9032	1	1
9033	1	1
9034	1	1
9044	1	1
9045	1	1
9046	1	1
9047	1	1
9048	1	1
9049	1	1
9050	1	1
9051	1	1
9052	1	1
9053	1	1
9054	1	1
9055	1	1
9056	1	1
9057	1	1
9058	1	1
9060	1	1
9061	1	1
9064	1	1
9065	1	1
9066	1	1
9068	1	1
9069	1	1
9070	1	1
9072	1	1
9073	1	1
9074	1	1
9075	1	1
9076	1	1
9077	1	1
9078	1	1
9080	1	1
9081	1	1
9083	1	1
9084	1	1
9085	1	1
9086	1	1
9087	1	1
9088	1	1
9089	1	1
9090	1	1
9091	1	1
9092	1	1
9093	1	1
9094	1	1
9095	1	1
9096	1	1
9097	1	1
9099	1	1
9100	1	1
9103	1	1
9104	1	1
9105	1	1
9106	1	1
9107	1	1
9108	1	1
9109	1	1
9110	1	1
9111	1	1
9112	1	1
9113	1	1
9114	1	1
9115	1	1
9116	1	1
9119	1	1
9120	1	1
9121	1	1
9122	1	1
9124	1	1
9125	1	1
9126	1	1
9127	1	1
9128	1	1
9129	1	1
9131	1	1
9132	1	1
9133	1	1
9134	1	1
9135	1	1
9136	1	1
9137	1	1
9141	1	1
9142	1	1
9143	1	1
9144	1	1
9145	1	1
9146	1	1
9147	1	1
9148	1	1
9149	1	1
9150	1	1
9151	1	1
9152	1	1
9153	1	1
9154	1	1
9155	1	1
9156	1	1
9157	1	1
9158	1	1
9160	1	1
9161	1	1
9163	1	1
9164	1	1
9165	1	1
9166	1	1
9168	1	1
9169	1	1
9170	1	1
9171	1	1
9173	1	1
9175	1	1
9176	1	1
9177	1	1
9178	1	1
9180	1	1
9181	1	1
9183	1	1
9184	1	1
9185	1	1
9186	1	1
9187	1	1
9188	1	1
9189	1	1
9190	1	1
9191	1	1
9194	1	1
9195	1	1
9196	1	1
9197	1	1
9198	1	1
9199	1	1
9200	1	1
9203	1	1
9204	1	1
9205	1	1
9207	1	1
9208	1	1
9209	1	1
9210	1	1
9213	1	1
9214	1	1
9215	1	1
9216	1	1
9218	1	1
9219	1	1
9220	1	1
9221	1	1
9222	1	1
9223	1	1
9224	1	1
9225	1	1
9226	1	1
9228	1	1
9229	1	1
9230	1	1
9232	1	1
9234	1	1
9235	1	1
9236	1	1
9237	1	1
9240	1	1
9241	1	1
9242	1	1
9243	1	1
9244	1	1
9246	1	1
9247	1	1
9248	1	1
9249	1	1
9250	1	1
9251	1	1
9252	1	1
9253	1	1
9254	1	1
9255	1	1
9256	1	1
9257	1	1
9258	1	1
9259	1	1
9260	1	1
9261	1	1
9262	1	1
9263	1	1
9264	1	1
9265	1	1
9266	1	1
9269	1	1
9270	1	1
9274	1	1
9275	1	1
9276	1	1
9277	1	1
9278	1	1
9279	1	1
9280	1	1
9281	1	1
9282	1	1
9283	1	1
9285	1	1
9286	1	1
9287	1	1
9288	1	1
9289	1	1
9290	1	1
9291	1	1
9292	1	1
9294	1	1
9295	1	1
9296	1	1
9297	1	1
9298	1	1
9299	1	1
9300	1	1
9301	1	1
9302	1	1
9303	1	1
9304	1	1
9305	1	1
9306	1	1
9307	1	1
9308	1	1
9309	1	1
9311	1	1
9312	1	1
9313	1	1
9314	1	1
9315	1	1
9316	1	1
9318	1	1
9319	1	1
9321	1	1
9323	1	1
9324	1	1
9325	1	1
9326	1	1
9327	1	1
9328	1	1
9329	1	1
9330	1	1
9331	1	1
9332	1	1
9333	1	1
9334	1	1
9335	1	1
9336	1	1
9339	1	1
9340	1	1
9341	1	1
9343	1	1
9344	1	1
9345	1	1
9346	1	1
9347	1	1
9348	1	1
9349	1	1
9350	1	1
9353	1	1
9354	1	1
9355	1	1
9358	1	1
9359	1	1
9360	1	1
9361	1	1
9362	1	1
9363	1	1
9364	1	1
9366	1	1
9368	1	1
9369	1	1
9370	1	1
9371	1	1
9372	1	1
9373	1	1
9374	1	1
9375	1	1
9378	1	1
9379	1	1
9380	1	1
9381	1	1
9382	1	1
9383	1	1
9384	1	1
9385	1	1
9386	1	1
9387	1	1
9388	1	1
9389	1	1
9390	1	1
9391	1	1
9392	1	1
9393	1	1
9394	1	1
9395	1	1
9396	1	1
9397	1	1
9398	1	1
9399	1	1
9400	1	1
9401	1	1
9402	1	1
9403	1	1
9404	1	1
9405	1	1
9406	1	1
9407	1	1
9408	1	1
9409	1	1
9410	1	1
9411	1	1
9412	1	1
9413	1	1
9414	1	1
9415	1	1
9416	1	1
9417	1	1
9418	1	1
9419	1	1
9420	1	1
9421	1	1
9422	1	1
9423	1	1
9424	1	1
9425	1	1
9426	1	1
9427	1	1
9428	1	1
9429	1	1
9430	1	1
9431	1	1
9432	1	1
9433	1	1
9434	1	1
9436	1	1
9437	1	1
9439	1	1
9440	1	1
9443	1	1
9444	1	1
9445	1	1
9446	1	1
9447	1	1
9448	1	1
9449	1	1
9450	1	1
9451	1	1
9452	1	1
9453	1	1
9454	1	1
9459	1	1
9460	1	1
9464	1	1
9465	1	1
9466	1	1
9467	1	1
9468	1	1
9469	1	1
9470	1	1
9471	1	1
9472	1	1
9473	1	1
9474	1	1
9484	1	1
9485	1	1
9486	1	1
9487	1	1
9488	1	1
9490	1	1
9491	1	1
9492	1	1
9493	1	1
9494	1	1
9495	1	1
9496	1	1
9497	1	1
9498	1	1
9504	1	1
9505	1	1
9508	1	1
9509	1	1
9510	1	1
9511	1	1
9513	1	1
9514	1	1
9515	1	1
9516	1	1
9517	1	1
9518	1	1
9524	1	1
9525	1	1
9528	1	1
9529	1	1
9530	1	1
9531	1	1
9532	1	1
9533	1	1
9534	1	1
9536	1	1
9537	1	1
9546	1	1
9547	1	1
9548	1	1
9549	1	1
9552	1	1
9554	1	1
9566	1	1
9567	1	1
9568	1	1
9571	1	1
9572	1	1
9573	1	1
9628	1	1
9629	1	1
9630	1	1
9633	1	1
9634	1	1
9635	1	1
9646	1	1
9647	1	1
9648	1	1
9649	1	1
9650	1	1
9651	1	1
9652	1	1
9653	1	1
9654	1	1
9655	1	1
9666	1	1
9667	1	1
9668	1	1
9669	1	1
9670	1	1
9671	1	1
9672	1	1
9673	1	1
9674	1	1
9675	1	1
9676	1	1
9684	1	1
9685	1	1
9686	1	1
9687	1	1
9688	1	1
9689	1	1
9690	1	1
9691	1	1
9692	1	1
9693	1	1
9694	1	1
9695	1	1
9696	1	1
9704	1	1
9705	1	1
9706	1	1
9707	1	1
9708	1	1
9709	1	1
9710	1	1
9711	1	1
9712	1	1
9713	1	1
9714	1	1
9715	1	1
9716	1	1
9723	1	1
9724	1	1
9725	1	1
9726	1	1
9727	1	1
9728	1	1
9730	1	1
9731	1	1
9732	1	1
9733	1	1
9734	1	1
9735	1	1
9736	1	1
9737	1	1
9743	1	1
9744	1	1
9746	1	1
9747	1	1
9748	1	1
9749	1	1
9751	1	1
9752	1	1
9753	1	1
9754	1	1
9755	1	1
9756	1	1
9757	1	1
9761	1	1
9762	1	1
9763	1	1
9764	1	1
9765	1	1
9766	1	1
9767	1	1
9769	1	1
9770	1	1
9772	1	1
9774	1	1
9775	1	1
9776	1	1
9777	1	1
9781	1	1
9782	1	1
9784	1	1
9785	1	1
9786	1	1
9787	1	1
9788	1	1
9790	1	1
9791	1	1
9792	1	1
9793	1	1
9794	1	1
9795	1	1
9796	1	1
9797	1	1
9798	1	1
9799	1	1
9800	1	1
9801	1	1
9802	1	1
9803	1	1
9804	1	1
9805	1	1
9806	1	1
9807	1	1
9808	1	1
9809	1	1
9810	1	1
9813	1	1
9814	1	1
9815	1	1
9816	1	1
9817	1	1
9818	1	1
9819	1	1
9820	1	1
9821	1	1
9822	1	1
9823	1	1
9824	1	1
9825	1	1
9826	1	1
9827	1	1
9828	1	1
9829	1	1
9830	1	1
9832	1	1
9833	1	1
9834	1	1
9835	1	1
9836	1	1
9837	1	1
9838	1	1
9839	1	1
9841	1	1
9842	1	1
9843	1	1
9844	1	1
9846	1	1
9847	1	1
9848	1	1
9850	1	1
9851	1	1
9852	1	1
9854	1	1
9856	1	1
9857	1	1
9858	1	1
9859	1	1
9860	1	1
9861	1	1
9862	1	1
9863	1	1
9865	1	1
9867	1	1
9868	1	1
9869	1	1
9870	1	1
9871	1	1
9873	1	1
9874	1	1
9875	1	1
9876	1	1
9877	1	1
9878	1	1
9879	1	1
9880	1	1
9881	1	1
9882	1	1
9883	1	1
9884	1	1
9885	1	1
9886	1	1
9888	1	1
9890	1	1
9891	1	1
9892	1	1
9893	1	1
9894	1	1
9895	1	1
9896	1	1
9897	1	1
9898	1	1
9899	1	1
9900	1	1
9901	1	1
9902	1	1
9903	1	1
9904	1	1
9905	1	1
9906	1	1
9907	1	1
9908	1	1
9909	1	1
9911	1	1
9912	1	1
9913	1	1
9914	1	1
9915	1	1
9916	1	1
9917	1	1
9918	1	1
9919	1	1
9920	1	1
9921	1	1
9922	1	1
9924	1	1
9925	1	1
9926	1	1
9927	1	1
9928	1	1
9930	1	1
9931	1	1
9932	1	1
9933	1	1
9934	1	1
9935	1	1
9936	1	1
9937	1	1
9938	1	1
9939	1	1
9941	1	1
9942	1	1
9943	1	1
9944	1	1
9945	1	1
9947	1	1
9948	1	1
9949	1	1
9951	1	1
9952	1	1
9954	1	1
9955	1	1
9956	1	1
9957	1	1
9958	1	1
9959	1	1
9960	1	1
9961	1	1
9963	1	1
9965	1	1
9966	1	1
9968	1	1
9969	1	1
9972	1	1
9973	1	1
9975	1	1
9978	1	1
9979	1	1
9980	1	1
9981	1	1
9982	1	1
9983	1	1
9984	1	1
9985	1	1
9986	1	1
9987	1	1
9988	1	1
9989	1	1
9990	1	1
9991	1	1
9992	1	1
9993	1	1
9994	1	1
9995	1	1
9996	1	1
9997	1	1
9998	1	1
9999	1	1
10000	1	1
10001	1	1
10002	1	1
10003	1	1
10004	1	1
10005	1	1
10006	1	1
10008	1	1
10009	1	1
10010	1	1
10011	1	1
10012	1	1
10013	1	1
10014	1	1
10015	1	1
10016	1	1
10017	1	1
10018	1	1
10019	1	1
10020	1	1
10021	1	1
10022	1	1
10023	1	1
10024	1	1
10025	1	1
10026	1	1
10028	1	1
10029	1	1
10030	1	1
10031	1	1
10032	1	1
10033	1	1
10034	1	1
10035	1	1
10036	1	1
10039	1	1
10040	1	1
10041	1	1
10042	1	1
10043	1	1
10044	1	1
10045	1	1
10047	1	1
10048	1	1
10049	1	1
10050	1	1
10051	1	1
10052	1	1
10053	1	1
10054	1	1
10055	1	1
10056	1	1
10057	1	1
10059	1	1
10060	1	1
10061	1	1
10063	1	1
10064	1	1
10065	1	1
10066	1	1
10067	1	1
10069	1	1
10071	1	1
10072	1	1
10073	1	1
10074	1	1
10075	1	1
10076	1	1
10077	1	1
10079	1	1
10080	1	1
10083	1	1
10084	1	1
10085	1	1
10086	1	1
10087	1	1
10088	1	1
10089	1	1
10090	1	1
10091	1	1
10092	1	1
10093	1	1
10095	1	1
10096	1	1
10099	1	1
10100	1	1
10104	1	1
10105	1	1
10106	1	1
10107	1	1
10108	1	1
10110	1	1
10111	1	1
10112	1	1
10113	1	1
10114	1	1
10115	1	1
10116	1	1
10124	1	1
10125	1	1
10126	1	1
10127	1	1
10128	1	1
10129	1	1
10131	1	1
10132	1	1
10133	1	1
10134	1	1
10135	1	1
10136	1	1
10145	1	1
10146	1	1
10147	1	1
10149	1	1
10151	1	1
10152	1	1
10153	1	1
10154	1	1
10155	1	1
10156	1	1
10157	1	1
10165	1	1
10166	1	1
10167	1	1
10168	1	1
10169	1	1
10171	1	1
10172	1	1
10173	1	1
10174	1	1
10175	1	1
10176	1	1
10177	1	1
10185	1	1
10186	1	1
10187	1	1
10188	1	1
10190	1	1
10191	1	1
10192	1	1
10193	1	1
10195	1	1
10196	1	1
10205	1	1
10206	1	1
10207	1	1
10208	1	1
10210	1	1
10211	1	1
10212	1	1
10213	1	1
10215	1	1
10216	1	1
10226	1	1
10227	1	1
10231	1	1
10232	1	1
10266	1	1
10267	1	1
10268	1	1
10269	1	1
10271	1	1
10272	1	1
10273	1	1
10274	1	1
10284	1	1
10285	1	1
10286	1	1
10287	1	1
10288	1	1
10289	1	1
10290	1	1
10291	1	1
10292	1	1
10293	1	1
10294	1	1
10295	1	1
10304	1	1
10305	1	1
10306	1	1
10307	1	1
10308	1	1
10309	1	1
10310	1	1
10311	1	1
10312	1	1
10313	1	1
10314	1	1
10315	1	1
10316	1	1
10324	1	1
10325	1	1
10326	1	1
10327	1	1
10328	1	1
10329	1	1
10330	1	1
10331	1	1
10332	1	1
10333	1	1
10334	1	1
10335	1	1
10336	1	1
10344	1	1
10345	1	1
10346	1	1
10347	1	1
10348	1	1
10349	1	1
10350	1	1
10351	1	1
10352	1	1
10353	1	1
10354	1	1
10355	1	1
10356	1	1
10363	1	1
10364	1	1
10365	1	1
10366	1	1
10367	1	1
10368	1	1
10370	1	1
10371	1	1
10372	1	1
10373	1	1
10374	1	1
10375	1	1
10376	1	1
10377	1	1
10383	1	1
10384	1	1
10385	1	1
10386	1	1
10387	1	1
10388	1	1
10389	1	1
10390	1	1
10391	1	1
10392	1	1
10393	1	1
10394	1	1
10395	1	1
10396	1	1
10397	1	1
10401	1	1
10402	1	1
10403	1	1
10404	1	1
10405	1	1
10406	1	1
10407	1	1
10408	1	1
10409	1	1
10410	1	1
10411	1	1
10412	1	1
10413	1	1
10414	1	1
10415	1	1
10416	1	1
10417	1	1
10421	1	1
10422	1	1
10423	1	1
10424	1	1
10425	1	1
10426	1	1
10429	1	1
10431	1	1
10432	1	1
10434	1	1
10435	1	1
10436	1	1
10437	1	1
10438	1	1
10439	1	1
10440	1	1
10441	1	1
10442	1	1
10443	1	1
10444	1	1
10445	1	1
10446	1	1
10447	1	1
10448	1	1
10449	1	1
10450	1	1
10451	1	1
10452	1	1
10453	1	1
10454	1	1
10455	1	1
10456	1	1
10458	1	1
10459	1	1
10460	1	1
10461	1	1
10462	1	1
10463	1	1
10465	1	1
10466	1	1
10469	1	1
10470	1	1
10471	1	1
10472	1	1
10473	1	1
10475	1	1
10476	1	1
10477	1	1
10478	1	1
10479	1	1
10480	1	1
10481	1	1
10482	1	1
10483	1	1
10484	1	1
10485	1	1
10487	1	1
10490	1	1
10491	1	1
10492	1	1
10493	1	1
10494	1	1
10495	1	1
10496	1	1
10497	1	1
10498	1	1
10499	1	1
10500	1	1
10501	1	1
10502	1	1
10503	1	1
10504	1	1
10505	1	1
10507	1	1
10508	1	1
10509	1	1
10510	1	1
10511	1	1
10512	1	1
10513	1	1
10514	1	1
10515	1	1
10516	1	1
10517	1	1
10518	1	1
10519	1	1
10520	1	1
10521	1	1
10522	1	1
10523	1	1
10524	1	1
10525	1	1
10527	1	1
10528	1	1
10529	1	1
10530	1	1
10531	1	1
10532	1	1
10534	1	1
10535	1	1
10536	1	1
10537	1	1
10538	1	1
10539	1	1
10540	1	1
10541	1	1
10542	1	1
10543	1	1
10544	1	1
10545	1	1
10546	1	1
10547	1	1
10548	1	1
10549	1	1
10553	1	1
10554	1	1
10555	1	1
10556	1	1
10557	1	1
10558	1	1
10559	1	1
10560	1	1
10561	1	1
10562	1	1
10563	1	1
10564	1	1
10565	1	1
10566	1	1
10569	1	1
10570	1	1
10571	1	1
10572	1	1
10573	1	1
10574	1	1
10575	1	1
10576	1	1
10577	1	1
10578	1	1
10579	1	1
10580	1	1
10581	1	1
10582	1	1
10583	1	1
10584	1	1
10585	1	1
10586	1	1
10587	1	1
10588	1	1
10590	1	1
10591	1	1
10593	1	1
10594	1	1
10595	1	1
10596	1	1
10597	1	1
10598	1	1
10599	1	1
10600	1	1
10601	1	1
10602	1	1
10603	1	1
10605	1	1
10606	1	1
10607	1	1
10608	1	1
10610	1	1
10611	1	1
10612	1	1
10613	1	1
10614	1	1
10615	1	1
10616	1	1
10618	1	1
10619	1	1
10620	1	1
10621	1	1
10622	1	1
10623	1	1
10624	1	1
10625	1	1
10626	1	1
10627	1	1
10628	1	1
10629	1	1
10630	1	1
10631	1	1
10632	1	1
10633	1	1
10634	1	1
10635	1	1
10636	1	1
10637	1	1
10638	1	1
10639	1	1
10640	1	1
10641	1	1
10642	1	1
10643	1	1
10644	1	1
10645	1	1
10646	1	1
10647	1	1
10649	1	1
10650	1	1
10651	1	1
10652	1	1
10653	1	1
10654	1	1
10655	1	1
10656	1	1
10657	1	1
10658	1	1
10659	1	1
10660	1	1
10661	1	1
10662	1	1
10663	1	1
10664	1	1
10665	1	1
10666	1	1
10668	1	1
10669	1	1
10670	1	1
10671	1	1
10672	1	1
10673	1	1
10674	1	1
10675	1	1
10676	1	1
10679	1	1
10680	1	1
10681	1	1
10682	1	1
10683	1	1
10684	1	1
10685	1	1
10686	1	1
10687	1	1
10688	1	1
10689	1	1
10690	1	1
10692	1	1
10693	1	1
10694	1	1
10695	1	1
10696	1	1
10697	1	1
10700	1	1
10701	1	1
10702	1	1
10703	1	1
10704	1	1
10705	1	1
10706	1	1
10707	1	1
10708	1	1
10709	1	1
10710	1	1
10711	1	1
10712	1	1
10713	1	1
10714	1	1
10715	1	1
10716	1	1
10717	1	1
10723	1	1
10724	1	1
10725	1	1
10726	1	1
10727	1	1
10728	1	1
10729	1	1
10730	1	1
10732	1	1
10734	1	1
10736	1	1
10744	1	1
10745	1	1
10746	1	1
10748	1	1
10749	1	1
10750	1	1
10751	1	1
10752	1	1
10753	1	1
10755	1	1
10756	1	1
10764	1	1
10765	1	1
10766	1	1
10767	1	1
10768	1	1
10769	1	1
10770	1	1
10772	1	1
10773	1	1
10774	1	1
10775	1	1
10784	1	1
10785	1	1
10786	1	1
10787	1	1
10788	1	1
10790	1	1
10791	1	1
10792	1	1
10793	1	1
10794	1	1
10795	1	1
10796	1	1
10797	1	1
10805	1	1
10806	1	1
10807	1	1
10808	1	1
10809	1	1
10810	1	1
10811	1	1
10812	1	1
10813	1	1
10814	1	1
10815	1	1
10816	1	1
10817	1	1
10825	1	1
10826	1	1
10827	1	1
10828	1	1
10830	1	1
10832	1	1
10833	1	1
10834	1	1
10835	1	1
10836	1	1
10845	1	1
10846	1	1
10847	1	1
10849	1	1
10850	1	1
10851	1	1
10852	1	1
10854	1	1
10855	1	1
10856	1	1
10866	1	1
10867	1	1
10871	1	1
10872	1	1
10906	1	1
10907	1	1
10911	1	1
10912	1	1
10924	1	1
10925	1	1
10926	1	1
10927	1	1
10928	1	1
10929	1	1
10930	1	1
10931	1	1
10932	1	1
10933	1	1
10934	1	1
10944	1	1
10945	1	1
10946	1	1
10947	1	1
10948	1	1
10950	1	1
10951	1	1
10952	1	1
10953	1	1
10954	1	1
10964	1	1
10965	1	1
10966	1	1
10967	1	1
10968	1	1
10969	1	1
10970	1	1
10971	1	1
10973	1	1
10974	1	1
10984	1	1
10985	1	1
10986	1	1
10987	1	1
10988	1	1
10990	1	1
10991	1	1
10992	1	1
10993	1	1
10994	1	1
10995	1	1
10996	1	1
11004	1	1
11005	1	1
11006	1	1
11007	1	1
11008	1	1
11009	1	1
11010	1	1
11012	1	1
11013	1	1
11014	1	1
11015	1	1
11016	1	1
11024	1	1
11025	1	1
11026	1	1
11029	1	1
11030	1	1
11032	1	1
11033	1	1
11034	1	1
11035	1	1
11036	1	1
11037	1	1
11041	1	1
11042	1	1
11043	1	1
11044	1	1
11045	1	1
11046	1	1
11047	1	1
11048	1	1
11050	1	1
11051	1	1
11052	1	1
11053	1	1
11054	1	1
11055	1	1
11056	1	1
11057	1	1
11060	1	1
11061	1	1
11062	1	1
11063	1	1
11064	1	1
11065	1	1
11067	1	1
11068	1	1
11069	1	1
11070	1	1
11072	1	1
11073	1	1
11074	1	1
11075	1	1
11076	1	1
11077	1	1
11078	1	1
11080	1	1
11081	1	1
11082	1	1
11083	1	1
11084	1	1
11085	1	1
11086	1	1
11087	1	1
11088	1	1
11089	1	1
11090	1	1
11091	1	1
11093	1	1
11094	1	1
11095	1	1
11096	1	1
11097	1	1
11098	1	1
11100	1	1
11101	1	1
11102	1	1
11103	1	1
11104	1	1
11105	1	1
11106	1	1
11108	1	1
11109	1	1
11110	1	1
11111	1	1
11112	1	1
11113	1	1
11114	1	1
11115	1	1
11116	1	1
11118	1	1
11119	1	1
11120	1	1
11121	1	1
11122	1	1
11123	1	1
11124	1	1
11125	1	1
11126	1	1
11127	1	1
11129	1	1
11130	1	1
11131	1	1
11132	1	1
11133	1	1
11134	1	1
11135	1	1
11136	1	1
11137	1	1
11138	1	1
11139	1	1
11140	1	1
11141	1	1
11142	1	1
11143	1	1
11144	1	1
11145	1	1
11148	1	1
11151	1	1
11153	1	1
11154	1	1
11155	1	1
11156	1	1
11157	1	1
11158	1	1
11160	1	1
11161	1	1
11162	1	1
11163	1	1
11164	1	1
11165	1	1
11166	1	1
11167	1	1
11168	1	1
11170	1	1
11171	1	1
11172	1	1
11173	1	1
11174	1	1
11175	1	1
11176	1	1
11177	1	1
11178	1	1
11179	1	1
11180	1	1
11182	1	1
11183	1	1
11184	1	1
11185	1	1
11186	1	1
11187	1	1
11188	1	1
11189	1	1
11190	1	1
11191	1	1
11192	1	1
11193	1	1
11194	1	1
11195	1	1
11196	1	1
11197	1	1
11198	1	1
11199	1	1
11200	1	1
11201	1	1
11202	1	1
11203	1	1
11204	1	1
11205	1	1
11206	1	1
11207	1	1
11209	1	1
11210	1	1
11211	1	1
11213	1	1
11214	1	1
11215	1	1
11216	1	1
11217	1	1
11218	1	1
11219	1	1
11220	1	1
11221	1	1
11222	1	1
11224	1	1
11225	1	1
11227	1	1
11228	1	1
11229	1	1
11230	1	1
11231	1	1
11232	1	1
11233	1	1
11234	1	1
11235	1	1
11236	1	1
11238	1	1
11239	1	1
11240	1	1
11241	1	1
11242	1	1
11243	1	1
11244	1	1
11245	1	1
11248	1	1
11249	1	1
11250	1	1
11251	1	1
11252	1	1
11253	1	1
11254	1	1
11255	1	1
11256	1	1
11257	1	1
11258	1	1
11260	1	1
11261	1	1
11262	1	1
11263	1	1
11264	1	1
11266	1	1
11268	1	1
11269	1	1
11270	1	1
11271	1	1
11272	1	1
11273	1	1
11274	1	1
11275	1	1
11276	1	1
11277	1	1
11278	1	1
11279	1	1
11280	1	1
11281	1	1
11282	1	1
11283	1	1
11284	1	1
11285	1	1
11286	1	1
11287	1	1
11289	1	1
11290	1	1
11291	1	1
11292	1	1
11293	1	1
11294	1	1
11295	1	1
11296	1	1
11297	1	1
11298	1	1
11299	1	1
11300	1	1
11301	1	1
11302	1	1
11303	1	1
11304	1	1
11305	1	1
11307	1	1
11308	1	1
11309	1	1
11310	1	1
11311	1	1
11312	1	1
11313	1	1
11314	1	1
11315	1	1
11316	1	1
11317	1	1
11319	1	1
11320	1	1
11321	1	1
11322	1	1
11323	1	1
11324	1	1
11325	1	1
11326	1	1
11327	1	1
11328	1	1
11329	1	1
11330	1	1
11331	1	1
11332	1	1
11333	1	1
11334	1	1
11335	1	1
11341	1	1
11342	1	1
11343	1	1
11344	1	1
11345	1	1
11346	1	1
11348	1	1
11350	1	1
11351	1	1
11352	1	1
11353	1	1
11363	1	1
11364	1	1
11365	1	1
11366	1	1
11367	1	1
11368	1	1
11369	1	1
11370	1	1
11371	1	1
11372	1	1
11374	1	1
11375	1	1
11383	1	1
11384	1	1
11385	1	1
11386	1	1
11387	1	1
11388	1	1
11389	1	1
11390	1	1
11391	1	1
11392	1	1
11393	1	1
11394	1	1
11395	1	1
11404	1	1
11405	1	1
11406	1	1
11407	1	1
11408	1	1
11409	1	1
11410	1	1
11411	1	1
11412	1	1
11413	1	1
11424	1	1
11425	1	1
11426	1	1
11427	1	1
11428	1	1
11429	1	1
11430	1	1
11431	1	1
11432	1	1
11433	1	1
11446	1	1
11447	1	1
11448	1	1
11451	1	1
11452	1	1
11453	1	1
11465	1	1
11466	1	1
11467	1	1
11468	1	1
11469	1	1
11470	1	1
11471	1	1
11472	1	1
11473	1	1
11474	1	1
11475	1	1
11485	1	1
11486	1	1
11487	1	1
11488	1	1
11490	1	1
11491	1	1
11492	1	1
11493	1	1
11494	1	1
11495	1	1
11507	1	1
11508	1	1
11512	1	1
11513	1	1
11567	1	1
11568	1	1
11572	1	1
11573	1	1
11586	1	1
11587	1	1
11588	1	1
11589	1	1
11590	1	1
11591	1	1
11592	1	1
11593	1	1
11594	1	1
11595	1	1
11605	1	1
11606	1	1
11607	1	1
11608	1	1
11609	1	1
11610	1	1
11612	1	1
11613	1	1
11614	1	1
11615	1	1
11625	1	1
11626	1	1
11627	1	1
11628	1	1
11629	1	1
11630	1	1
11631	1	1
11633	1	1
11634	1	1
11635	1	1
11636	1	1
11644	1	1
11645	1	1
11646	1	1
11647	1	1
11648	1	1
11649	1	1
11652	1	1
11653	1	1
11654	1	1
11655	1	1
11656	1	1
11664	1	1
11665	1	1
11666	1	1
11667	1	1
11668	1	1
11669	1	1
11670	1	1
11671	1	1
11672	1	1
11673	1	1
11674	1	1
11675	1	1
11676	1	1
11680	1	1
11681	1	1
11682	1	1
11683	1	1
11684	1	1
11685	1	1
11686	1	1
11688	1	1
11690	1	1
11691	1	1
11692	1	1
11693	1	1
11694	1	1
11695	1	1
11696	1	1
11697	1	1
11698	1	1
11699	1	1
11700	1	1
11701	1	1
11702	1	1
11703	1	1
11704	1	1
11705	1	1
11707	1	1
11708	1	1
11709	1	1
11710	1	1
11711	1	1
11712	1	1
11713	1	1
11715	1	1
11716	1	1
11717	1	1
11718	1	1
11719	1	1
11720	1	1
11721	1	1
11722	1	1
11723	1	1
11724	1	1
11725	1	1
11727	1	1
11728	1	1
11729	1	1
11730	1	1
11731	1	1
11732	1	1
11733	1	1
11734	1	1
11735	1	1
11736	1	1
11737	1	1
11738	1	1
11740	1	1
11741	1	1
11742	1	1
11743	1	1
11745	1	1
11746	1	1
11747	1	1
11748	1	1
11749	1	1
11750	1	1
11751	1	1
11752	1	1
11753	1	1
11754	1	1
11755	1	1
11756	1	1
11760	1	1
11761	1	1
11762	1	1
11763	1	1
11764	1	1
11765	1	1
11766	1	1
11767	1	1
11768	1	1
11770	1	1
11771	1	1
11772	1	1
11773	1	1
11774	1	1
11775	1	1
11776	1	1
11780	1	1
11782	1	1
11786	1	1
11788	1	1
11789	1	1
11790	1	1
11791	1	1
11792	1	1
11793	1	1
11794	1	1
11795	1	1
11796	1	1
11797	1	1
11798	1	1
11799	1	1
11800	1	1
11801	1	1
11802	1	1
11803	1	1
11804	1	1
11805	1	1
11806	1	1
11807	1	1
11808	1	1
11809	1	1
11812	1	1
11813	1	1
11814	1	1
11815	1	1
11816	1	1
11817	1	1
11818	1	1
11819	1	1
11820	1	1
11821	1	1
11822	1	1
11823	1	1
11825	1	1
11827	1	1
11828	1	1
11830	1	1
11831	1	1
11832	1	1
11833	1	1
11834	1	1
11835	1	1
11836	1	1
11837	1	1
11838	1	1
11839	1	1
11840	1	1
11841	1	1
11842	1	1
11844	1	1
11845	1	1
11846	1	1
11847	1	1
11848	1	1
11849	1	1
11850	1	1
11851	1	1
11852	1	1
11853	1	1
11854	1	1
11855	1	1
11856	1	1
11857	1	1
11859	1	1
11860	1	1
11862	1	1
11863	1	1
11864	1	1
11865	1	1
11867	1	1
11868	1	1
11870	1	1
11871	1	1
11872	1	1
11873	1	1
11874	1	1
11875	1	1
11876	1	1
11880	1	1
11881	1	1
11883	1	1
11885	1	1
11886	1	1
11889	1	1
11890	1	1
11891	1	1
11892	1	1
11893	1	1
11894	1	1
11895	1	1
11897	1	1
11898	1	1
11900	1	1
11901	1	1
11903	1	1
11904	1	1
11906	1	1
11907	1	1
11909	1	1
11910	1	1
11911	1	1
11912	1	1
11913	1	1
11914	1	1
11915	1	1
11916	1	1
11917	1	1
11918	1	1
11919	1	1
11920	1	1
11921	1	1
11922	1	1
11923	1	1
11924	1	1
11925	1	1
11927	1	1
11928	1	1
11929	1	1
11931	1	1
11932	1	1
11933	1	1
11934	1	1
11935	1	1
11936	1	1
11937	1	1
11939	1	1
11940	1	1
11941	1	1
11942	1	1
11943	1	1
11944	1	1
11945	1	1
11946	1	1
11947	1	1
11949	1	1
11950	1	1
11951	1	1
11952	1	1
11953	1	1
11954	1	1
11955	1	1
11956	1	1
11957	1	1
11958	1	1
11959	1	1
11960	1	1
11962	1	1
11963	1	1
11964	1	1
11965	1	1
11966	1	1
11967	1	1
11969	1	1
11970	1	1
11971	1	1
11972	1	1
11973	1	1
11974	1	1
11975	1	1
11976	1	1
11977	1	1
11978	1	1
11983	1	1
11984	1	1
11985	1	1
11986	1	1
11988	1	1
11989	1	1
11991	1	1
11993	1	1
11994	1	1
11995	1	1
11996	1	1
11997	1	1
12003	1	1
12004	1	1
12005	1	1
12006	1	1
12007	1	1
12009	1	1
12010	1	1
12011	1	1
12012	1	1
12013	1	1
12014	1	1
12023	1	1
12024	1	1
12025	1	1
12026	1	1
12027	1	1
12029	1	1
12031	1	1
12033	1	1
12045	1	1
12046	1	1
12047	1	1
12048	1	1
12049	1	1
12051	1	1
12052	1	1
12053	1	1
12054	1	1
12055	1	1
12056	1	1
12057	1	1
12058	1	1
12064	1	1
12065	1	1
12066	1	1
12067	1	1
12068	1	1
12069	1	1
12070	1	1
12071	1	1
12072	1	1
12073	1	1
12074	1	1
12075	1	1
12076	1	1
12077	1	1
12078	1	1
12084	1	1
12085	1	1
12086	1	1
12087	1	1
12088	1	1
12089	1	1
12090	1	1
12091	1	1
12092	1	1
12093	1	1
12094	1	1
12096	1	1
12097	1	1
12106	1	1
12107	1	1
12108	1	1
12110	1	1
12112	1	1
12113	1	1
12114	1	1
12125	1	1
12127	1	1
12128	1	1
12130	1	1
12131	1	1
12132	1	1
12133	1	1
12147	1	1
12148	1	1
12152	1	1
12153	1	1
12189	1	1
12190	1	1
12194	1	1
12195	1	1
12206	1	1
12207	1	1
12209	1	1
12210	1	1
12211	1	1
12212	1	1
12214	1	1
12215	1	1
12226	1	1
12227	1	1
12228	1	1
12229	1	1
12230	1	1
12231	1	1
12232	1	1
12233	1	1
12234	1	1
12235	1	1
12244	1	1
12245	1	1
12246	1	1
12247	1	1
12248	1	1
12250	1	1
12251	1	1
12252	1	1
12253	1	1
12254	1	1
12255	1	1
12264	1	1
12265	1	1
12266	1	1
12267	1	1
12268	1	1
12269	1	1
12270	1	1
12271	1	1
12272	1	1
12273	1	1
12274	1	1
12275	1	1
12283	1	1
12284	1	1
12285	1	1
12286	1	1
12287	1	1
12288	1	1
12289	1	1
12290	1	1
12291	1	1
12292	1	1
12293	1	1
12294	1	1
12295	1	1
12296	1	1
12299	1	1
12300	1	1
12303	1	1
12304	1	1
12305	1	1
12306	1	1
12308	1	1
12310	1	1
12311	1	1
12312	1	1
12313	1	1
12314	1	1
12315	1	1
12316	1	1
12319	1	1
12320	1	1
12321	1	1
12322	1	1
12323	1	1
12324	1	1
12325	1	1
12326	1	1
12327	1	1
12328	1	1
12329	1	1
12333	1	1
12334	1	1
12335	1	1
12336	1	1
12337	1	1
12338	1	1
12339	1	1
12340	1	1
12341	1	1
12342	1	1
12343	1	1
12344	1	1
12345	1	1
12346	1	1
12347	1	1
12349	1	1
12350	1	1
12351	1	1
12352	1	1
12353	1	1
12354	1	1
12355	1	1
12356	1	1
12357	1	1
12358	1	1
12359	1	1
12362	1	1
12363	1	1
12364	1	1
12365	1	1
12366	1	1
12367	1	1
12368	1	1
12369	1	1
12370	1	1
12372	1	1
12373	1	1
12374	1	1
12375	1	1
12383	1	1
12385	1	1
12387	1	1
12389	1	1
12390	1	1
12391	1	1
12392	1	1
12393	1	1
12394	1	1
12395	1	1
12396	1	1
12398	1	1
12399	1	1
12400	1	1
12401	1	1
12403	1	1
12404	1	1
12405	1	1
12407	1	1
12408	1	1
12410	1	1
12412	1	1
12413	1	1
12414	1	1
12415	1	1
12416	1	1
12418	1	1
12419	1	1
12420	1	1
12421	1	1
12422	1	1
12423	1	1
12424	1	1
12425	1	1
12428	1	1
12430	1	1
12431	1	1
12432	1	1
12433	1	1
12434	1	1
12435	1	1
12436	1	1
12437	1	1
12438	1	1
12439	1	1
12440	1	1
12441	1	1
12442	1	1
12444	1	1
12445	1	1
12446	1	1
12447	1	1
12449	1	1
12450	1	1
12451	1	1
12452	1	1
12454	1	1
12455	1	1
12456	1	1
12457	1	1
12458	1	1
12459	1	1
12460	1	1
12462	1	1
12463	1	1
12464	1	1
12465	1	1
12466	1	1
12467	1	1
12468	1	1
12469	1	1
12470	1	1
12471	1	1
12472	1	1
12473	1	1
12474	1	1
12475	1	1
12481	1	1
12482	1	1
12483	1	1
12485	1	1
12486	1	1
12487	1	1
12488	1	1
12489	1	1
12490	1	1
12491	1	1
12492	1	1
12493	1	1
12494	1	1
12495	1	1
12496	1	1
12498	1	1
12499	1	1
12500	1	1
12501	1	1
12502	1	1
12504	1	1
12505	1	1
12507	1	1
12509	1	1
12510	1	1
12512	1	1
12513	1	1
12514	1	1
12515	1	1
12516	1	1
12518	1	1
12519	1	1
12520	1	1
12521	1	1
12522	1	1
12523	1	1
12524	1	1
12525	1	1
12526	1	1
12528	1	1
12529	1	1
12530	1	1
12531	1	1
12532	1	1
12533	1	1
12534	1	1
12535	1	1
12540	1	1
12541	1	1
12542	1	1
12543	1	1
12544	1	1
12545	1	1
12546	1	1
12547	1	1
12548	1	1
12549	1	1
12550	1	1
12551	1	1
12552	1	1
12553	1	1
12554	1	1
12555	1	1
12560	1	1
12561	1	1
12562	1	1
12563	1	1
12565	1	1
12567	1	1
12568	1	1
12569	1	1
12570	1	1
12571	1	1
12572	1	1
12573	1	1
12574	1	1
12575	1	1
12581	1	1
12582	1	1
12583	1	1
12584	1	1
12585	1	1
12587	1	1
12588	1	1
12590	1	1
12591	1	1
12592	1	1
12593	1	1
12594	1	1
12595	1	1
12596	1	1
12597	1	1
12598	1	1
12602	1	1
12603	1	1
12604	1	1
12605	1	1
12606	1	1
12607	1	1
12608	1	1
12610	1	1
12611	1	1
12612	1	1
12613	1	1
12614	1	1
12615	1	1
12616	1	1
12617	1	1
12618	1	1
12622	1	1
12623	1	1
12624	1	1
12625	1	1
12626	1	1
12627	1	1
12628	1	1
12631	1	1
12632	1	1
12633	1	1
12634	1	1
12635	1	1
12636	1	1
12637	1	1
12643	1	1
12644	1	1
12645	1	1
12646	1	1
12648	1	1
12651	1	1
12652	1	1
12653	1	1
12654	1	1
12664	1	1
12665	1	1
12666	1	1
12667	1	1
12668	1	1
12669	1	1
12670	1	1
12671	1	1
12672	1	1
12673	1	1
12674	1	1
12684	1	1
12685	1	1
12686	1	1
12687	1	1
12688	1	1
12689	1	1
12690	1	1
12691	1	1
12692	1	1
12693	1	1
12694	1	1
12695	1	1
12696	1	1
12697	1	1
12698	1	1
12704	1	1
12705	1	1
12708	1	1
12709	1	1
12710	1	1
12711	1	1
12712	1	1
12713	1	1
12714	1	1
12715	1	1
12716	1	1
12717	1	1
12718	1	1
12724	1	1
12725	1	1
12728	1	1
12729	1	1
12730	1	1
12731	1	1
12732	1	1
12733	1	1
12734	1	1
12736	1	1
12737	1	1
12746	1	1
12748	1	1
12749	1	1
12751	1	1
12752	1	1
12753	1	1
12754	1	1
12766	1	1
12767	1	1
12771	1	1
12772	1	1
12828	1	1
12829	1	1
12830	1	1
12833	1	1
12834	1	1
12835	1	1
12846	1	1
12847	1	1
12848	1	1
12849	1	1
12850	1	1
12851	1	1
12852	1	1
12853	1	1
12854	1	1
12855	1	1
12866	1	1
12867	1	1
12868	1	1
12869	1	1
12870	1	1
12871	1	1
12872	1	1
12873	1	1
12874	1	1
12875	1	1
12884	1	1
12885	1	1
12886	1	1
12887	1	1
12888	1	1
12889	1	1
12890	1	1
12891	1	1
12892	1	1
12893	1	1
12894	1	1
12904	1	1
12905	1	1
12906	1	1
12907	1	1
12908	1	1
12909	1	1
12911	1	1
12912	1	1
12913	1	1
12914	1	1
12923	1	1
12924	1	1
12925	1	1
12926	1	1
12927	1	1
12928	1	1
12929	1	1
12931	1	1
12932	1	1
12933	1	1
12934	1	1
12935	1	1
12936	1	1
12937	1	1
12939	1	1
12940	1	1
12943	1	1
12944	1	1
12945	1	1
12946	1	1
12947	1	1
12949	1	1
12950	1	1
12952	1	1
12953	1	1
12954	1	1
12955	1	1
12956	1	1
12957	1	1
12959	1	1
12960	1	1
12961	1	1
12962	1	1
12963	1	1
12964	1	1
12965	1	1
12966	1	1
12967	1	1
12968	1	1
12970	1	1
12971	1	1
12972	1	1
12973	1	1
12974	1	1
12975	1	1
12980	1	1
12981	1	1
12982	1	1
12984	1	1
12985	1	1
12986	1	1
12988	1	1
12990	1	1
12991	1	1
12992	1	1
12993	1	1
12994	1	1
12998	1	1
12999	1	1
13000	1	1
13001	1	1
13002	1	1
13003	1	1
13004	1	1
13005	1	1
13006	1	1
13007	1	1
13008	1	1
13009	1	1
13010	1	1
13011	1	1
13012	1	1
13013	1	1
13014	1	1
13015	1	1
13018	1	1
13019	1	1
13020	1	1
13021	1	1
13022	1	1
13023	1	1
13024	1	1
13025	1	1
13026	1	1
13027	1	1
13029	1	1
13030	1	1
13031	1	1
13032	1	1
13033	1	1
13034	1	1
13035	1	1
13036	1	1
13037	1	1
13038	1	1
13039	1	1
13040	1	1
13041	1	1
13042	1	1
13044	1	1
13047	1	1
13048	1	1
13049	1	1
13050	1	1
13051	1	1
13052	1	1
13053	1	1
13054	1	1
13055	1	1
13056	1	1
13057	1	1
13058	1	1
13059	1	1
13060	1	1
13061	1	1
13062	1	1
13065	1	1
13066	1	1
13067	1	1
13068	1	1
13069	1	1
13070	1	1
13071	1	1
13072	1	1
13074	1	1
13075	1	1
13078	1	1
13079	1	1
13080	1	1
13081	1	1
13082	1	1
13083	1	1
13084	1	1
13086	1	1
13087	1	1
13088	1	1
13089	1	1
13090	1	1
13091	1	1
13092	1	1
13094	1	1
13095	1	1
13098	1	1
13099	1	1
13100	1	1
13101	1	1
13102	1	1
13103	1	1
13104	1	1
13105	1	1
13106	1	1
13107	1	1
13108	1	1
13111	1	1
13112	1	1
13113	1	1
13114	1	1
13115	1	1
13118	1	1
13119	1	1
13120	1	1
13121	1	1
13122	1	1
13123	1	1
13124	1	1
13125	1	1
13126	1	1
13128	1	1
13130	1	1
13131	1	1
13132	1	1
13133	1	1
13134	1	1
13135	1	1
13138	1	1
13139	1	1
13140	1	1
13141	1	1
13142	1	1
13143	1	1
13144	1	1
13145	1	1
13146	1	1
13147	1	1
13148	1	1
13149	1	1
13150	1	1
13151	1	1
13152	1	1
13153	1	1
13154	1	1
13155	1	1
13158	1	1
13159	1	1
13160	1	1
13161	1	1
13162	1	1
13163	1	1
13164	1	1
13165	1	1
13166	1	1
13167	1	1
13170	1	1
13171	1	1
13172	1	1
13173	1	1
13174	1	1
13175	1	1
13178	1	1
13179	1	1
13180	1	1
13181	1	1
13183	1	1
13184	1	1
13185	1	1
13187	1	1
13188	1	1
13189	1	1
13191	1	1
13192	1	1
13193	1	1
13194	1	1
13195	1	1
13196	1	1
13198	1	1
13199	1	1
13200	1	1
13201	1	1
13202	1	1
13203	1	1
13204	1	1
13205	1	1
13206	1	1
13207	1	1
13209	1	1
13210	1	1
13211	1	1
13212	1	1
13213	1	1
13214	1	1
13215	1	1
13216	1	1
13219	1	1
13220	1	1
13221	1	1
13222	1	1
13223	1	1
13224	1	1
13225	1	1
13227	1	1
13228	1	1
13229	1	1
13230	1	1
13231	1	1
13232	1	1
13233	1	1
13234	1	1
13235	1	1
13236	1	1
13239	1	1
13240	1	1
13242	1	1
13243	1	1
13244	1	1
13245	1	1
13246	1	1
13248	1	1
13249	1	1
13250	1	1
13251	1	1
13252	1	1
13253	1	1
13254	1	1
13255	1	1
13256	1	1
13257	1	1
13262	1	1
13263	1	1
13264	1	1
13265	1	1
13266	1	1
13267	1	1
13268	1	1
13270	1	1
13271	1	1
13272	1	1
13273	1	1
13274	1	1
13275	1	1
13276	1	1
13277	1	1
13282	1	1
13283	1	1
13284	1	1
13285	1	1
13286	1	1
13287	1	1
13288	1	1
13289	1	1
13290	1	1
13291	1	1
13292	1	1
13293	1	1
13294	1	1
13295	1	1
13296	1	1
13302	1	1
13303	1	1
13304	1	1
13305	1	1
13306	1	1
13307	1	1
13308	1	1
13309	1	1
13310	1	1
13311	1	1
13312	1	1
13313	1	1
13314	1	1
13315	1	1
13316	1	1
13324	1	1
13325	1	1
13326	1	1
13327	1	1
13328	1	1
13329	1	1
13330	1	1
13331	1	1
13332	1	1
13333	1	1
13334	1	1
13335	1	1
13336	1	1
13345	1	1
13346	1	1
13347	1	1
13348	1	1
13349	1	1
13350	1	1
13351	1	1
13352	1	1
13353	1	1
13354	1	1
13355	1	1
13356	1	1
13357	1	1
13365	1	1
13367	1	1
13368	1	1
13369	1	1
13370	1	1
13371	1	1
13372	1	1
13373	1	1
13374	1	1
13375	1	1
13376	1	1
13377	1	1
13387	1	1
13392	1	1
13393	1	1
13466	1	1
13467	1	1
13468	1	1
13469	1	1
13471	1	1
13472	1	1
13473	1	1
13474	1	1
13486	1	1
13487	1	1
13488	1	1
13489	1	1
13490	1	1
13491	1	1
13492	1	1
13493	1	1
13494	1	1
13495	1	1
13507	1	1
13508	1	1
13509	1	1
13510	1	1
13512	1	1
13513	1	1
13514	1	1
13515	1	1
13524	1	1
13525	1	1
13526	1	1
13527	1	1
13528	1	1
13529	1	1
13530	1	1
13531	1	1
13532	1	1
13533	1	1
13534	1	1
13544	1	1
13545	1	1
13546	1	1
13547	1	1
13548	1	1
13549	1	1
13550	1	1
13551	1	1
13552	1	1
13553	1	1
13554	1	1
13555	1	1
13563	1	1
13564	1	1
13565	1	1
13566	1	1
13567	1	1
13568	1	1
13570	1	1
13571	1	1
13573	1	1
13574	1	1
13575	1	1
13576	1	1
13577	1	1
13583	1	1
13584	1	1
13585	1	1
13586	1	1
13587	1	1
13588	1	1
13589	1	1
13590	1	1
13591	1	1
13593	1	1
13594	1	1
13595	1	1
13596	1	1
13597	1	1
13600	1	1
13601	1	1
13602	1	1
13603	1	1
13604	1	1
13605	1	1
13606	1	1
13607	1	1
13608	1	1
13609	1	1
13610	1	1
13611	1	1
13612	1	1
13613	1	1
13614	1	1
13615	1	1
13620	1	1
13621	1	1
13622	1	1
13623	1	1
13624	1	1
13625	1	1
13626	1	1
13628	1	1
13629	1	1
13630	1	1
13631	1	1
13633	1	1
13634	1	1
13638	1	1
13639	1	1
13640	1	1
13641	1	1
13642	1	1
13643	1	1
13644	1	1
13645	1	1
13646	1	1
13647	1	1
13648	1	1
13649	1	1
13650	1	1
13651	1	1
13652	1	1
13653	1	1
13654	1	1
13655	1	1
13658	1	1
13659	1	1
13660	1	1
13661	1	1
13662	1	1
13664	1	1
13665	1	1
13667	1	1
13668	1	1
13669	1	1
13670	1	1
13671	1	1
13672	1	1
13673	1	1
13674	1	1
13675	1	1
13676	1	1
13677	1	1
13678	1	1
13679	1	1
13680	1	1
13682	1	1
13683	1	1
13684	1	1
13686	1	1
13688	1	1
13689	1	1
13690	1	1
13691	1	1
13692	1	1
13693	1	1
13694	1	1
13696	1	1
13697	1	1
13698	1	1
13699	1	1
13700	1	1
13701	1	1
13702	1	1
13703	1	1
13704	1	1
13705	1	1
13706	1	1
13707	1	1
13708	1	1
13709	1	1
13711	1	1
13712	1	1
13713	1	1
13714	1	1
13718	1	1
13719	1	1
13720	1	1
13721	1	1
13722	1	1
13723	1	1
13724	1	1
13725	1	1
13726	1	1
13728	1	1
13729	1	1
13730	1	1
13731	1	1
13732	1	1
13733	1	1
13734	1	1
13738	1	1
13739	1	1
13740	1	1
13741	1	1
13742	1	1
13744	1	1
13745	1	1
13746	1	1
13747	1	1
13748	1	1
13749	1	1
13750	1	1
13751	1	1
13752	1	1
13753	1	1
13754	1	1
13758	1	1
13759	1	1
13760	1	1
13761	1	1
13762	1	1
13763	1	1
13764	1	1
13765	1	1
13766	1	1
13767	1	1
13768	1	1
13769	1	1
13770	1	1
13771	1	1
13772	1	1
13773	1	1
13774	1	1
13775	1	1
13778	1	1
13779	1	1
13780	1	1
13781	1	1
13782	1	1
13783	1	1
13785	1	1
13786	1	1
13787	1	1
13788	1	1
13790	1	1
13791	1	1
13792	1	1
13793	1	1
13794	1	1
13795	1	1
13798	1	1
13799	1	1
13800	1	1
13801	1	1
13802	1	1
13803	1	1
13804	1	1
13805	1	1
13806	1	1
13807	1	1
13808	1	1
13809	1	1
13810	1	1
13811	1	1
13812	1	1
13813	1	1
13814	1	1
13815	1	1
13818	1	1
13819	1	1
13820	1	1
13821	1	1
13822	1	1
13823	1	1
13824	1	1
13826	1	1
13828	1	1
13829	1	1
13830	1	1
13831	1	1
13832	1	1
13833	1	1
13834	1	1
13835	1	1
13836	1	1
13838	1	1
13839	1	1
13840	1	1
13841	1	1
13842	1	1
13843	1	1
13844	1	1
13845	1	1
13846	1	1
13847	1	1
13848	1	1
13849	1	1
13850	1	1
13851	1	1
13853	1	1
13854	1	1
13855	1	1
13856	1	1
13859	1	1
13860	1	1
13861	1	1
13862	1	1
13863	1	1
13864	1	1
13865	1	1
13866	1	1
13867	1	1
13868	1	1
13869	1	1
13870	1	1
13871	1	1
13872	1	1
13873	1	1
13874	1	1
13875	1	1
13879	1	1
13880	1	1
13881	1	1
13882	1	1
13883	1	1
13884	1	1
13885	1	1
13886	1	1
13887	1	1
13888	1	1
13889	1	1
13890	1	1
13891	1	1
13892	1	1
13893	1	1
13894	1	1
13895	1	1
13896	1	1
13897	1	1
13901	1	1
13902	1	1
13903	1	1
13904	1	1
13905	1	1
13906	1	1
13907	1	1
13908	1	1
13909	1	1
13910	1	1
13911	1	1
13912	1	1
13913	1	1
13914	1	1
13915	1	1
13916	1	1
13917	1	1
13922	1	1
13923	1	1
13924	1	1
13925	1	1
13926	1	1
13927	1	1
13928	1	1
13929	1	1
13930	1	1
13931	1	1
13932	1	1
13933	1	1
13935	1	1
13936	1	1
13942	1	1
13943	1	1
13944	1	1
13945	1	1
13946	1	1
13947	1	1
13948	1	1
13949	1	1
13950	1	1
13951	1	1
13952	1	1
13953	1	1
13954	1	1
13955	1	1
13956	1	1
13964	1	1
13965	1	1
13966	1	1
13967	1	1
13968	1	1
13969	1	1
13970	1	1
13971	1	1
13972	1	1
13973	1	1
13974	1	1
13975	1	1
13984	1	1
13985	1	1
13986	1	1
13987	1	1
13988	1	1
13989	1	1
13990	1	1
13991	1	1
13992	1	1
13993	1	1
13994	1	1
13995	1	1
13996	1	1
13997	1	1
14005	1	1
14006	1	1
14007	1	1
14008	1	1
14009	1	1
14010	1	1
14011	1	1
14012	1	1
14013	1	1
14014	1	1
14015	1	1
14016	1	1
14017	1	1
14027	1	1
14028	1	1
14032	1	1
14033	1	1
14106	1	1
14107	1	1
14111	1	1
14112	1	1
14126	1	1
14127	1	1
14128	1	1
14131	1	1
14132	1	1
14133	1	1
14147	1	1
14148	1	1
14152	1	1
14153	1	1
14164	1	1
14165	1	1
14166	1	1
14167	1	1
14168	1	1
14169	1	1
14170	1	1
14171	1	1
14172	1	1
14173	1	1
14174	1	1
14184	1	1
14185	1	1
14186	1	1
14187	1	1
14188	1	1
14189	1	1
14191	1	1
14192	1	1
14193	1	1
14194	1	1
14195	1	1
14204	1	1
14205	1	1
14206	1	1
14207	1	1
14208	1	1
14209	1	1
14210	1	1
14211	1	1
14212	1	1
14213	1	1
14214	1	1
14215	1	1
14224	1	1
14225	1	1
14226	1	1
14227	1	1
14228	1	1
14231	1	1
14232	1	1
14233	1	1
14234	1	1
14241	1	1
14242	1	1
14243	1	1
14244	1	1
14245	1	1
14246	1	1
14247	1	1
14249	1	1
14251	1	1
14252	1	1
14253	1	1
14254	1	1
14260	1	1
14261	1	1
14262	1	1
14263	1	1
14264	1	1
14265	1	1
14266	1	1
14267	1	1
14268	1	1
14269	1	1
14270	1	1
14271	1	1
14272	1	1
14273	1	1
14274	1	1
14280	1	1
14281	1	1
14283	1	1
14284	1	1
14285	1	1
14286	1	1
14287	1	1
14289	1	1
14290	1	1
14291	1	1
14292	1	1
14293	1	1
14294	1	1
14295	1	1
14300	1	1
14301	1	1
14302	1	1
14303	1	1
14304	1	1
14305	1	1
14306	1	1
14307	1	1
14308	1	1
14309	1	1
14310	1	1
14311	1	1
14312	1	1
14313	1	1
14314	1	1
14315	1	1
14318	1	1
14319	1	1
14320	1	1
14321	1	1
14322	1	1
14323	1	1
14324	1	1
14325	1	1
14326	1	1
14327	1	1
14328	1	1
14329	1	1
14330	1	1
14331	1	1
14332	1	1
14333	1	1
14334	1	1
14338	1	1
14339	1	1
14341	1	1
14342	1	1
14343	1	1
14344	1	1
14345	1	1
14346	1	1
14347	1	1
14348	1	1
14349	1	1
14350	1	1
14351	1	1
14352	1	1
14353	1	1
14354	1	1
14360	1	1
14361	1	1
14362	1	1
14363	1	1
14364	1	1
14365	1	1
14366	1	1
14367	1	1
14368	1	1
14369	1	1
14370	1	1
14371	1	1
14372	1	1
14373	1	1
14374	1	1
14380	1	1
14381	1	1
14382	1	1
14383	1	1
14384	1	1
14385	1	1
14386	1	1
14387	1	1
14388	1	1
14389	1	1
14390	1	1
14391	1	1
14392	1	1
14393	1	1
14394	1	1
14399	1	1
14400	1	1
14401	1	1
14402	1	1
14403	1	1
14404	1	1
14405	1	1
14406	1	1
14407	1	1
14408	1	1
14409	1	1
14410	1	1
14411	1	1
14412	1	1
14413	1	1
14414	1	1
14415	1	1
14418	1	1
14419	1	1
14420	1	1
14421	1	1
14422	1	1
14423	1	1
14424	1	1
14425	1	1
14426	1	1
14427	1	1
14428	1	1
14429	1	1
14430	1	1
14431	1	1
14432	1	1
14433	1	1
14434	1	1
14435	1	1
14438	1	1
14439	1	1
14441	1	1
14442	1	1
14443	1	1
14444	1	1
14445	1	1
14446	1	1
14447	1	1
14448	1	1
14449	1	1
14450	1	1
14451	1	1
14452	1	1
14453	1	1
14460	1	1
14461	1	1
14462	1	1
14463	1	1
14464	1	1
14465	1	1
14466	1	1
14467	1	1
14468	1	1
14469	1	1
14470	1	1
14472	1	1
14473	1	1
14474	1	1
14480	1	1
14481	1	1
14483	1	1
14484	1	1
14486	1	1
14487	1	1
14488	1	1
14489	1	1
14490	1	1
14491	1	1
14492	1	1
14493	1	1
14494	1	1
14499	1	1
14500	1	1
14503	1	1
14504	1	1
14505	1	1
14508	1	1
14509	1	1
14510	1	1
14511	1	1
14512	1	1
14513	1	1
14514	1	1
14515	1	1
14519	1	1
14520	1	1
14521	1	1
14522	1	1
14523	1	1
14524	1	1
14525	1	1
14526	1	1
14527	1	1
14528	1	1
14529	1	1
14530	1	1
14532	1	1
14533	1	1
14534	1	1
14535	1	1
14541	1	1
14542	1	1
14543	1	1
14544	1	1
14545	1	1
14546	1	1
14547	1	1
14548	1	1
14549	1	1
14550	1	1
14551	1	1
14552	1	1
14553	1	1
14563	1	1
14564	1	1
14565	1	1
14566	1	1
14567	1	1
14568	1	1
14569	1	1
14570	1	1
14571	1	1
14572	1	1
14584	1	1
14585	1	1
14586	1	1
14587	1	1
14588	1	1
14589	1	1
14590	1	1
14591	1	1
14592	1	1
14593	1	1
14604	1	1
14605	1	1
14606	1	1
14607	1	1
14608	1	1
14609	1	1
14610	1	1
14611	1	1
14612	1	1
14613	1	1
14624	1	1
14625	1	1
14626	1	1
14627	1	1
14628	1	1
14629	1	1
14630	1	1
14631	1	1
14632	1	1
14633	1	1
14767	1	1
14768	1	1
14772	1	1
14773	1	1
14786	1	1
14787	1	1
14788	1	1
14789	1	1
14790	1	1
14791	1	1
14792	1	1
14793	1	1
14794	1	1
14795	1	1
14805	1	1
14806	1	1
14807	1	1
14808	1	1
14809	1	1
14810	1	1
14811	1	1
14812	1	1
14813	1	1
14814	1	1
14815	1	1
14825	1	1
14826	1	1
14827	1	1
14828	1	1
14829	1	1
14830	1	1
14831	1	1
14832	1	1
14833	1	1
14834	1	1
14835	1	1
14844	1	1
14845	1	1
14846	1	1
14847	1	1
14849	1	1
14851	1	1
14852	1	1
14854	1	1
14855	1	1
14864	1	1
14865	1	1
14866	1	1
14867	1	1
14868	1	1
14869	1	1
14870	1	1
14871	1	1
14872	1	1
14873	1	1
14874	1	1
14875	1	1
14880	1	1
14881	1	1
14883	1	1
14884	1	1
14885	1	1
14886	1	1
14887	1	1
14888	1	1
14889	1	1
14890	1	1
14891	1	1
14892	1	1
14893	1	1
14894	1	1
14895	1	1
14898	1	1
14899	1	1
14900	1	1
14901	1	1
14902	1	1
14903	1	1
14904	1	1
14905	1	1
14906	1	1
14907	1	1
14908	1	1
14909	1	1
14910	1	1
14911	1	1
14912	1	1
14913	1	1
14914	1	1
14915	1	1
14918	1	1
14919	1	1
14920	1	1
14921	1	1
14922	1	1
14923	1	1
14924	1	1
14925	1	1
14926	1	1
14927	1	1
14928	1	1
14929	1	1
14930	1	1
14931	1	1
14932	1	1
14933	1	1
14934	1	1
14935	1	1
14940	1	1
14941	1	1
14942	1	1
14944	1	1
14945	1	1
14946	1	1
14947	1	1
14948	1	1
14949	1	1
14950	1	1
14951	1	1
14952	1	1
14953	1	1
14954	1	1
14955	1	1
14960	1	1
14961	1	1
14962	1	1
14963	1	1
14964	1	1
14965	1	1
14966	1	1
14967	1	1
14968	1	1
14969	1	1
14970	1	1
14971	1	1
14972	1	1
14973	1	1
14974	1	1
14975	1	1
14980	1	1
14981	1	1
14983	1	1
14984	1	1
14985	1	1
14986	1	1
14987	1	1
14988	1	1
14989	1	1
14990	1	1
14991	1	1
14992	1	1
14993	1	1
14998	1	1
14999	1	1
15000	1	1
15001	1	1
15002	1	1
15003	1	1
15004	1	1
15005	1	1
15006	1	1
15007	1	1
15008	1	1
15009	1	1
15010	1	1
15011	1	1
15012	1	1
15018	1	1
15019	1	1
15020	1	1
15021	1	1
15022	1	1
15023	1	1
15024	1	1
15025	1	1
15026	1	1
15027	1	1
15028	1	1
15029	1	1
15030	1	1
15031	1	1
15032	1	1
15033	1	1
15039	1	1
15040	1	1
15041	1	1
15042	1	1
15043	1	1
15044	1	1
15045	1	1
15046	1	1
15047	1	1
15048	1	1
15049	1	1
15050	1	1
15051	1	1
15052	1	1
15053	1	1
15059	1	1
15060	1	1
15061	1	1
15062	1	1
15063	1	1
15064	1	1
15065	1	1
15066	1	1
15067	1	1
15068	1	1
15069	1	1
15070	1	1
15071	1	1
15072	1	1
15073	1	1
15074	1	1
15075	1	1
15080	1	1
15081	1	1
15083	1	1
15084	1	1
15085	1	1
15086	1	1
15087	1	1
15088	1	1
15089	1	1
15090	1	1
15091	1	1
15092	1	1
15093	1	1
15094	1	1
15095	1	1
15101	1	1
15102	1	1
15103	1	1
15104	1	1
15105	1	1
15106	1	1
15107	1	1
15108	1	1
15109	1	1
15110	1	1
15111	1	1
15112	1	1
15121	1	1
15122	1	1
15124	1	1
15125	1	1
15126	1	1
15127	1	1
15129	1	1
15130	1	1
15139	1	1
15140	1	1
15142	1	1
15143	1	1
15144	1	1
15145	1	1
15146	1	1
15147	1	1
15149	1	1
15150	1	1
15151	1	1
15152	1	1
15153	1	1
15159	1	1
15160	1	1
15162	1	1
15163	1	1
15164	1	1
15166	1	1
15167	1	1
15168	1	1
15169	1	1
15170	1	1
15171	1	1
15172	1	1
15174	1	1
15175	1	1
15183	1	1
15184	1	1
15185	1	1
15186	1	1
15187	1	1
15189	1	1
15190	1	1
15191	1	1
15192	1	1
15193	1	1
15194	1	1
15195	1	1
15203	1	1
15204	1	1
15205	1	1
15208	1	1
15209	1	1
15210	1	1
15224	1	1
15225	1	1
15226	1	1
15227	1	1
15229	1	1
15230	1	1
15231	1	1
15232	1	1
15246	1	1
15247	1	1
15251	1	1
15252	1	1
15426	1	1
15427	1	1
15429	1	1
15430	1	1
15431	1	1
15432	1	1
15434	1	1
15435	1	1
15446	1	1
15447	1	1
15448	1	1
15449	1	1
15450	1	1
15451	1	1
15452	1	1
15453	1	1
15454	1	1
15455	1	1
15465	1	1
15466	1	1
15467	1	1
15468	1	1
15470	1	1
15471	1	1
15472	1	1
15473	1	1
15474	1	1
15475	1	1
15484	1	1
15485	1	1
15486	1	1
15487	1	1
15489	1	1
15490	1	1
15491	1	1
15492	1	1
15493	1	1
15494	1	1
15495	1	1
15499	1	1
15500	1	1
15504	1	1
15505	1	1
15506	1	1
15509	1	1
15510	1	1
15511	1	1
15514	1	1
15515	1	1
15519	1	1
15520	1	1
15521	1	1
15523	1	1
15524	1	1
15525	1	1
15526	1	1
15527	1	1
15528	1	1
15529	1	1
15530	1	1
15531	1	1
15532	1	1
15534	1	1
15535	1	1
15538	1	1
15539	1	1
15540	1	1
15541	1	1
15542	1	1
15543	1	1
15544	1	1
15545	1	1
15546	1	1
15547	1	1
15548	1	1
15549	1	1
15550	1	1
15551	1	1
15552	1	1
15553	1	1
15554	1	1
15555	1	1
15558	1	1
15559	1	1
15562	1	1
15563	1	1
15564	1	1
15565	1	1
15566	1	1
15567	1	1
15568	1	1
15569	1	1
15570	1	1
15571	1	1
15572	1	1
15573	1	1
15574	1	1
15575	1	1
15584	1	1
15585	1	1
15586	1	1
15587	1	1
15588	1	1
15589	1	1
15590	1	1
15591	1	1
15592	1	1
15593	1	1
15594	1	1
15595	1	1
15599	1	1
15600	1	1
15601	1	1
15604	1	1
15605	1	1
15606	1	1
15609	1	1
15610	1	1
15611	1	1
15614	1	1
15615	1	1
15619	1	1
15620	1	1
15621	1	1
15623	1	1
15624	1	1
15625	1	1
15626	1	1
15628	1	1
15629	1	1
15630	1	1
15631	1	1
15638	1	1
15639	1	1
15640	1	1
15641	1	1
15642	1	1
15643	1	1
15644	1	1
15645	1	1
15646	1	1
15647	1	1
15648	1	1
15649	1	1
15650	1	1
15651	1	1
15652	1	1
15658	1	1
15659	1	1
15661	1	1
15662	1	1
15663	1	1
15664	1	1
15665	1	1
15666	1	1
15667	1	1
15668	1	1
15669	1	1
15670	1	1
15671	1	1
15672	1	1
15673	1	1
15682	1	1
15683	1	1
15684	1	1
15685	1	1
15687	1	1
15688	1	1
15689	1	1
15690	1	1
15692	1	1
15693	1	1
15694	1	1
15700	1	1
15701	1	1
15702	1	1
15703	1	1
15704	1	1
15705	1	1
15706	1	1
15707	1	1
15708	1	1
15709	1	1
15710	1	1
15713	1	1
15714	1	1
15715	1	1
15720	1	1
15721	1	1
15722	1	1
15723	1	1
15724	1	1
15725	1	1
15726	1	1
15727	1	1
15728	1	1
15729	1	1
15730	1	1
15734	1	1
15735	1	1
15741	1	1
15742	1	1
15743	1	1
15744	1	1
15745	1	1
15746	1	1
15747	1	1
15748	1	1
15749	1	1
15750	1	1
15751	1	1
15753	1	1
15754	1	1
15761	1	1
15762	1	1
15766	1	1
15767	1	1
15768	1	1
15769	1	1
15771	1	1
15772	1	1
15773	1	1
15774	1	1
15782	1	1
15783	1	1
15784	1	1
15785	1	1
15787	1	1
15789	1	1
15790	1	1
15793	1	1
15794	1	1
15802	1	1
15803	1	1
15804	1	1
15805	1	1
15807	1	1
15808	1	1
15809	1	1
15810	1	1
15813	1	1
15814	1	1
15815	1	1
15822	1	1
15823	1	1
15824	1	1
15825	1	1
15827	1	1
15830	1	1
15834	1	1
15835	1	1
15843	1	1
15844	1	1
15845	1	1
15848	1	1
15849	1	1
15850	1	1
15853	1	1
15854	1	1
15868	1	1
15869	1	1
15873	1	1
15874	1	1
16086	1	1
16087	1	1
16088	1	1
16091	1	1
16092	1	1
16093	1	1
16105	1	1
16106	1	1
16107	1	1
16108	1	1
16110	1	1
16111	1	1
16112	1	1
16113	1	1
16125	1	1
16126	1	1
16127	1	1
16128	1	1
16130	1	1
16131	1	1
16132	1	1
16133	1	1
16139	1	1
16140	1	1
16144	1	1
16145	1	1
16146	1	1
16150	1	1
16151	1	1
16159	1	1
16160	1	1
16161	1	1
16164	1	1
16165	1	1
16166	1	1
16170	1	1
16171	1	1
16180	1	1
16181	1	1
16185	1	1
16186	1	1
16187	1	1
16188	1	1
16191	1	1
16192	1	1
16193	1	1
16205	1	1
16206	1	1
16207	1	1
16208	1	1
16210	1	1
16211	1	1
16212	1	1
16213	1	1
16225	1	1
16226	1	1
16227	1	1
16228	1	1
16230	1	1
16231	1	1
16232	1	1
16233	1	1
16239	1	1
16240	1	1
16244	1	1
16245	1	1
16246	1	1
16250	1	1
16251	1	1
16259	1	1
16260	1	1
16261	1	1
16264	1	1
16265	1	1
16266	1	1
16270	1	1
16271	1	1
16280	1	1
16281	1	1
16285	1	1
16286	1	1
16328	1	1
16329	1	1
16333	1	1
16334	1	1
16342	1	1
16343	1	1
16347	1	1
16348	1	1
16349	1	1
16350	1	1
16353	1	1
16354	1	1
16355	1	1
16362	1	1
16363	1	1
16364	1	1
16365	1	1
16366	1	1
16367	1	1
16368	1	1
16369	1	1
16370	1	1
16371	1	1
16373	1	1
16374	1	1
16375	1	1
16382	1	1
16383	1	1
16384	1	1
16385	1	1
16386	1	1
16387	1	1
16388	1	1
16389	1	1
16390	1	1
16391	1	1
16393	1	1
16394	1	1
16395	1	1
16396	1	1
16402	1	1
16403	1	1
16405	1	1
16406	1	1
16407	1	1
16408	1	1
16409	1	1
16411	1	1
16413	1	1
16414	1	1
16415	1	1
16416	1	1
16425	1	1
16426	1	1
16428	1	1
16429	1	1
16430	1	1
16433	1	1
16434	1	1
16442	1	1
16443	1	1
16449	1	1
16450	1	1
16453	1	1
16454	1	1
16455	1	1
16462	1	1
16463	1	1
16465	1	1
16466	1	1
16467	1	1
16468	1	1
16469	1	1
16470	1	1
16471	1	1
16473	1	1
16474	1	1
16475	1	1
16482	1	1
16483	1	1
16484	1	1
16485	1	1
16486	1	1
16487	1	1
16488	1	1
16489	1	1
16490	1	1
16491	1	1
16493	1	1
16494	1	1
16495	1	1
16496	1	1
16502	1	1
16503	1	1
16505	1	1
16506	1	1
16507	1	1
16508	1	1
16509	1	1
16510	1	1
16511	1	1
16513	1	1
16514	1	1
16515	1	1
16516	1	1
16525	1	1
16526	1	1
16530	1	1
16531	1	1
16800	1	1
16801	1	1
16805	1	1
16806	1	1
16820	1	1
16821	1	1
16825	1	1
16826	1	1
16900	1	1
16901	1	1
16905	1	1
16906	1	1
16920	1	1
16921	1	1
16925	1	1
16926	1	1
16969	1	1
16970	1	1
16974	1	1
16975	1	1
16988	1	1
16989	1	1
16990	1	1
16993	1	1
16994	1	1
16995	1	1
17005	1	1
17006	1	1
17008	1	1
17009	1	1
17010	1	1
17011	1	1
17013	1	1
17014	1	1
17015	1	1
17022	1	1
17023	1	1
17025	1	1
17026	1	1
17027	1	1
17028	1	1
17030	1	1
17031	1	1
17035	1	1
17036	1	1
17042	1	1
17043	1	1
17045	1	1
17046	1	1
17047	1	1
17048	1	1
17051	1	1
17055	1	1
17056	1	1
17065	1	1
17066	1	1
17070	1	1
17071	1	1
17074	1	1
17075	1	1
17088	1	1
17089	1	1
17090	1	1
17093	1	1
17094	1	1
17095	1	1
17105	1	1
17106	1	1
17108	1	1
17109	1	1
17111	1	1
17113	1	1
17114	1	1
17115	1	1
17122	1	1
17123	1	1
17125	1	1
17126	1	1
17127	1	1
17128	1	1
17130	1	1
17131	1	1
17135	1	1
17136	1	1
17142	1	1
17143	1	1
17145	1	1
17146	1	1
17147	1	1
17148	1	1
17150	1	1
17151	1	1
17155	1	1
17156	1	1
17165	1	1
17166	1	1
17170	1	1
17171	1	1
17609	1	1
17610	1	1
17614	1	1
17615	1	1
17627	1	1
17628	1	1
17629	1	1
17630	1	1
17632	1	1
17633	1	1
17634	1	1
17635	1	1
17645	1	1
17646	1	1
17647	1	1
17648	1	1
17650	1	1
17651	1	1
17652	1	1
17653	1	1
17665	1	1
17666	1	1
17670	1	1
17671	1	1
17709	1	1
17710	1	1
17714	1	1
17715	1	1
17727	1	1
17728	1	1
17729	1	1
17732	1	1
17733	1	1
17734	1	1
17735	1	1
17745	1	1
17746	1	1
17747	1	1
17748	1	1
17750	1	1
17751	1	1
17752	1	1
17753	1	1
17765	1	1
17770	1	1
17771	1	1
