1
511.032
2354
18 18 13
1
2471	4.18879	0
2718	4.18879	0
2496	4.18879	0
2720	4.18879	0
2722	4.18879	0
2955	4.18879	0
2473	4.18879	0
2953	4.18879	0
2681	4.18879	0
2212	4.18879	0
2227	4.18879	0
2435	4.18879	0
2006	4.18879	0
1979	4.18879	0
1512	4.18879	0
1991	4.18879	0
2229	4.18879	0
1994	4.18879	0
1996	4.18879	0
2021	4.18879	0
1307	4.18879	0
1552	4.18879	0
1761	4.18879	0
1292	4.18879	0
2907	4.18879	0
2453	4.18879	0
2700	4.18879	0
2438	4.18879	0
2010	4.18879	0
2464	4.18879	0
1995	4.18879	0
2218	4.18879	0
3480	4.18879	0
3013	4.18879	0
3506	4.18879	0
3248	4.18879	0
3454	4.18879	0
2988	4.18879	0
2986	4.18879	0
3232	4.18879	0
3698	4.18879	0
3450	4.18879	0
3452	4.18879	0
3920	4.18879	0
3207	4.18879	0
3180	4.18879	0
3674	4.18879	0
3425	4.18879	0
3181	4.18879	0
3430	4.18879	0
3170	4.18879	0
3208	4.18879	0
2726	4.18879	0
2711	4.18879	0
3193	4.18879	0
2934	4.18879	0
2944	4.18879	0
2696	4.18879	0
3165	4.18879	0
3166	4.18879	0
2893	4.18879	0
3142	4.18879	0
3374	4.18879	0
2685	4.18879	0
277	4.18879	0
745	4.18879	0
523	4.18879	0
525	4.18879	0
990	4.18879	0
521	4.18879	0
768	4.18879	0
344	4.18879	0
318	4.18879	0
566	4.18879	0
811	4.18879	0
291	4.18879	0
69	4.18879	0
550	4.18879	0
552	4.18879	0
1692	4.18879	0
1484	4.18879	0
1225	4.18879	0
1223	4.18879	0
1914	4.18879	0
1929	4.18879	0
1941	4.18879	0
1447	4.18879	0
1435	4.18879	0
1433	4.18879	0
1694	4.18879	0
980	4.18879	0
1201	4.18879	0
955	4.18879	0
1175	4.18879	0
1216	4.18879	0
1926	4.18879	0
2393	4.18879	0
2145	4.18879	0
2148	4.18879	0
1928	4.18879	0
2163	4.18879	0
1954	4.18879	0
2147	4.18879	0
1965	4.18879	0
2422	4.18879	0
1980	4.18879	0
2669	4.18879	0
2903	4.18879	0
2657	4.18879	0
2409	4.18879	0
2020	4.18879	0
1760	4.18879	0
2022	4.18879	0
1516	4.18879	0
1514	4.18879	0
1735	4.18879	0
1774	4.18879	0
2004	4.18879	0
1772	4.18879	0
1744	4.18879	0
2214	4.18879	0
2459	4.18879	0
40	1	1
41	1	1
42	1	1
43	1	1
45	1	1
46	1	1
47	1	1
48	1	1
53	1	1
54	1	1
55	1	1
56	1	1
57	1	1
58	1	1
59	1	1
60	1	1
61	1	1
62	1	1
67	1	1
68	1	1
70	1	1
72	1	1
73	1	1
74	1	1
75	1	1
80	1	1
81	1	1
85	1	1
86	1	1
105	1	1
106	1	1
107	1	1
108	1	1
110	1	1
111	1	1
112	1	1
113	1	1
118	1	1
119	1	1
120	1	1
121	1	1
122	1	1
123	1	1
124	1	1
125	1	1
126	1	1
127	1	1
132	1	1
133	1	1
134	1	1
135	1	1
137	1	1
138	1	1
139	1	1
140	1	1
145	1	1
146	1	1
150	1	1
151	1	1
236	1	1
237	1	1
241	1	1
242	1	1
246	1	1
247	1	1
249	1	1
250	1	1
251	1	1
252	1	1
254	1	1
255	1	1
259	1	1
260	1	1
264	1	1
265	1	1
301	1	1
302	1	1
306	1	1
307	1	1
311	1	1
312	1	1
314	1	1
315	1	1
316	1	1
317	1	1
319	1	1
320	1	1
324	1	1
325	1	1
329	1	1
330	1	1
366	1	1
367	1	1
371	1	1
372	1	1
379	1	1
380	1	1
384	1	1
385	1	1
457	1	1
458	1	1
462	1	1
463	1	1
470	1	1
471	1	1
472	1	1
473	1	1
475	1	1
476	1	1
477	1	1
478	1	1
479	1	1
480	1	1
481	1	1
482	1	1
483	1	1
484	1	1
485	1	1
486	1	1
487	1	1
488	1	1
489	1	1
490	1	1
491	1	1
492	1	1
493	1	1
494	1	1
495	1	1
497	1	1
498	1	1
499	1	1
500	1	1
522	1	1
527	1	1
528	1	1
535	1	1
536	1	1
537	1	1
538	1	1
540	1	1
541	1	1
542	1	1
543	1	1
544	1	1
545	1	1
546	1	1
547	1	1
548	1	1
549	1	1
551	1	1
553	1	1
554	1	1
555	1	1
556	1	1
557	1	1
558	1	1
559	1	1
560	1	1
561	1	1
562	1	1
563	1	1
564	1	1
565	1	1
567	1	1
568	1	1
569	1	1
576	1	1
577	1	1
581	1	1
582	1	1
613	1	1
614	1	1
618	1	1
619	1	1
626	1	1
627	1	1
628	1	1
629	1	1
631	1	1
632	1	1
633	1	1
634	1	1
641	1	1
642	1	1
646	1	1
647	1	1
689	1	1
690	1	1
691	1	1
692	1	1
694	1	1
695	1	1
696	1	1
697	1	1
702	1	1
703	1	1
704	1	1
705	1	1
706	1	1
707	1	1
708	1	1
709	1	1
710	1	1
711	1	1
712	1	1
713	1	1
714	1	1
715	1	1
716	1	1
717	1	1
718	1	1
719	1	1
720	1	1
721	1	1
722	1	1
724	1	1
725	1	1
726	1	1
727	1	1
728	1	1
729	1	1
731	1	1
732	1	1
733	1	1
734	1	1
740	1	1
741	1	1
746	1	1
753	1	1
754	1	1
755	1	1
756	1	1
757	1	1
758	1	1
759	1	1
760	1	1
761	1	1
762	1	1
767	1	1
769	1	1
770	1	1
771	1	1
772	1	1
773	1	1
774	1	1
775	1	1
776	1	1
777	1	1
778	1	1
779	1	1
780	1	1
781	1	1
782	1	1
783	1	1
784	1	1
785	1	1
786	1	1
787	1	1
788	1	1
789	1	1
790	1	1
791	1	1
792	1	1
793	1	1
794	1	1
795	1	1
796	1	1
797	1	1
798	1	1
799	1	1
800	1	1
801	1	1
802	1	1
803	1	1
805	1	1
806	1	1
808	1	1
809	1	1
810	1	1
813	1	1
814	1	1
815	1	1
816	1	1
818	1	1
819	1	1
821	1	1
822	1	1
823	1	1
824	1	1
826	1	1
827	1	1
833	1	1
834	1	1
835	1	1
836	1	1
837	1	1
838	1	1
839	1	1
840	1	1
841	1	1
842	1	1
843	1	1
846	1	1
847	1	1
848	1	1
849	1	1
850	1	1
851	1	1
852	1	1
853	1	1
854	1	1
855	1	1
856	1	1
860	1	1
861	1	1
862	1	1
863	1	1
865	1	1
866	1	1
867	1	1
868	1	1
873	1	1
874	1	1
875	1	1
876	1	1
878	1	1
879	1	1
880	1	1
881	1	1
886	1	1
887	1	1
891	1	1
892	1	1
923	1	1
924	1	1
925	1	1
926	1	1
928	1	1
929	1	1
930	1	1
931	1	1
936	1	1
937	1	1
938	1	1
939	1	1
941	1	1
942	1	1
943	1	1
944	1	1
948	1	1
949	1	1
950	1	1
951	1	1
953	1	1
954	1	1
956	1	1
961	1	1
962	1	1
963	1	1
964	1	1
966	1	1
967	1	1
968	1	1
969	1	1
974	1	1
975	1	1
976	1	1
977	1	1
978	1	1
979	1	1
981	1	1
982	1	1
983	1	1
984	1	1
987	1	1
988	1	1
989	1	1
991	1	1
992	1	1
993	1	1
994	1	1
995	1	1
996	1	1
997	1	1
998	1	1
1000	1	1
1001	1	1
1002	1	1
1003	1	1
1004	1	1
1005	1	1
1006	1	1
1007	1	1
1008	1	1
1009	1	1
1010	1	1
1011	1	1
1012	1	1
1013	1	1
1014	1	1
1015	1	1
1016	1	1
1017	1	1
1018	1	1
1019	1	1
1020	1	1
1021	1	1
1022	1	1
1023	1	1
1024	1	1
1025	1	1
1026	1	1
1027	1	1
1028	1	1
1029	1	1
1030	1	1
1031	1	1
1032	1	1
1033	1	1
1034	1	1
1035	1	1
1036	1	1
1039	1	1
1040	1	1
1041	1	1
1042	1	1
1043	1	1
1044	1	1
1045	1	1
1046	1	1
1047	1	1
1048	1	1
1049	1	1
1052	1	1
1053	1	1
1054	1	1
1055	1	1
1056	1	1
1057	1	1
1058	1	1
1059	1	1
1060	1	1
1061	1	1
1062	1	1
1063	1	1
1065	1	1
1066	1	1
1067	1	1
1068	1	1
1069	1	1
1070	1	1
1071	1	1
1072	1	1
1073	1	1
1074	1	1
1075	1	1
1076	1	1
1077	1	1
1078	1	1
1079	1	1
1080	1	1
1081	1	1
1082	1	1
1083	1	1
1084	1	1
1085	1	1
1086	1	1
1087	1	1
1088	1	1
1089	1	1
1090	1	1
1093	1	1
1094	1	1
1095	1	1
1096	1	1
1098	1	1
1099	1	1
1100	1	1
1101	1	1
1106	1	1
1107	1	1
1108	1	1
1109	1	1
1111	1	1
1112	1	1
1113	1	1
1114	1	1
1120	1	1
1121	1	1
1125	1	1
1126	1	1
1170	1	1
1171	1	1
1176	1	1
1182	1	1
1183	1	1
1184	1	1
1185	1	1
1186	1	1
1187	1	1
1188	1	1
1189	1	1
1190	1	1
1191	1	1
1195	1	1
1196	1	1
1197	1	1
1198	1	1
1199	1	1
1200	1	1
1202	1	1
1203	1	1
1204	1	1
1210	1	1
1211	1	1
1212	1	1
1213	1	1
1215	1	1
1217	1	1
1218	1	1
1221	1	1
1222	1	1
1224	1	1
1226	1	1
1227	1	1
1228	1	1
1229	1	1
1230	1	1
1231	1	1
1232	1	1
1234	1	1
1235	1	1
1236	1	1
1237	1	1
1238	1	1
1239	1	1
1240	1	1
1241	1	1
1242	1	1
1243	1	1
1244	1	1
1245	1	1
1247	1	1
1248	1	1
1249	1	1
1250	1	1
1251	1	1
1252	1	1
1253	1	1
1254	1	1
1255	1	1
1256	1	1
1257	1	1
1258	1	1
1260	1	1
1261	1	1
1262	1	1
1263	1	1
1264	1	1
1265	1	1
1266	1	1
1267	1	1
1268	1	1
1269	1	1
1270	1	1
1271	1	1
1272	1	1
1273	1	1
1274	1	1
1275	1	1
1276	1	1
1277	1	1
1278	1	1
1279	1	1
1280	1	1
1281	1	1
1282	1	1
1283	1	1
1284	1	1
1285	1	1
1286	1	1
1287	1	1
1288	1	1
1289	1	1
1290	1	1
1291	1	1
1293	1	1
1294	1	1
1295	1	1
1296	1	1
1297	1	1
1299	1	1
1300	1	1
1301	1	1
1302	1	1
1303	1	1
1304	1	1
1305	1	1
1306	1	1
1308	1	1
1309	1	1
1310	1	1
1312	1	1
1313	1	1
1314	1	1
1315	1	1
1316	1	1
1317	1	1
1318	1	1
1319	1	1
1320	1	1
1321	1	1
1322	1	1
1323	1	1
1325	1	1
1326	1	1
1327	1	1
1328	1	1
1329	1	1
1330	1	1
1331	1	1
1332	1	1
1333	1	1
1334	1	1
1335	1	1
1336	1	1
1337	1	1
1338	1	1
1339	1	1
1340	1	1
1341	1	1
1342	1	1
1343	1	1
1344	1	1
1345	1	1
1346	1	1
1347	1	1
1348	1	1
1349	1	1
1350	1	1
1354	1	1
1355	1	1
1356	1	1
1357	1	1
1359	1	1
1360	1	1
1361	1	1
1362	1	1
1403	1	1
1404	1	1
1405	1	1
1406	1	1
1407	1	1
1408	1	1
1409	1	1
1410	1	1
1411	1	1
1412	1	1
1416	1	1
1417	1	1
1418	1	1
1419	1	1
1420	1	1
1421	1	1
1422	1	1
1423	1	1
1424	1	1
1425	1	1
1429	1	1
1430	1	1
1431	1	1
1432	1	1
1434	1	1
1436	1	1
1437	1	1
1438	1	1
1444	1	1
1445	1	1
1449	1	1
1450	1	1
1455	1	1
1456	1	1
1457	1	1
1458	1	1
1460	1	1
1461	1	1
1462	1	1
1463	1	1
1468	1	1
1469	1	1
1470	1	1
1471	1	1
1472	1	1
1473	1	1
1474	1	1
1475	1	1
1476	1	1
1477	1	1
1479	1	1
1480	1	1
1481	1	1
1482	1	1
1483	1	1
1485	1	1
1486	1	1
1487	1	1
1488	1	1
1489	1	1
1490	1	1
1491	1	1
1492	1	1
1493	1	1
1494	1	1
1495	1	1
1496	1	1
1497	1	1
1498	1	1
1499	1	1
1500	1	1
1501	1	1
1502	1	1
1503	1	1
1504	1	1
1505	1	1
1506	1	1
1507	1	1
1508	1	1
1509	1	1
1510	1	1
1511	1	1
1513	1	1
1515	1	1
1517	1	1
1518	1	1
1519	1	1
1520	1	1
1521	1	1
1522	1	1
1523	1	1
1524	1	1
1525	1	1
1526	1	1
1527	1	1
1528	1	1
1529	1	1
1530	1	1
1531	1	1
1533	1	1
1534	1	1
1535	1	1
1536	1	1
1537	1	1
1538	1	1
1539	1	1
1540	1	1
1541	1	1
1542	1	1
1544	1	1
1545	1	1
1546	1	1
1547	1	1
1548	1	1
1549	1	1
1550	1	1
1551	1	1
1553	1	1
1554	1	1
1555	1	1
1556	1	1
1557	1	1
1558	1	1
1559	1	1
1560	1	1
1561	1	1
1562	1	1
1563	1	1
1564	1	1
1565	1	1
1566	1	1
1567	1	1
1568	1	1
1569	1	1
1570	1	1
1571	1	1
1572	1	1
1573	1	1
1574	1	1
1575	1	1
1576	1	1
1577	1	1
1578	1	1
1579	1	1
1580	1	1
1581	1	1
1582	1	1
1583	1	1
1584	1	1
1588	1	1
1589	1	1
1590	1	1
1591	1	1
1593	1	1
1594	1	1
1595	1	1
1596	1	1
1627	1	1
1628	1	1
1632	1	1
1633	1	1
1637	1	1
1638	1	1
1639	1	1
1640	1	1
1641	1	1
1642	1	1
1643	1	1
1644	1	1
1645	1	1
1646	1	1
1647	1	1
1648	1	1
1649	1	1
1650	1	1
1651	1	1
1652	1	1
1653	1	1
1654	1	1
1655	1	1
1656	1	1
1657	1	1
1658	1	1
1659	1	1
1660	1	1
1661	1	1
1662	1	1
1663	1	1
1664	1	1
1665	1	1
1666	1	1
1667	1	1
1668	1	1
1669	1	1
1670	1	1
1671	1	1
1672	1	1
1678	1	1
1679	1	1
1683	1	1
1684	1	1
1691	1	1
1693	1	1
1695	1	1
1696	1	1
1697	1	1
1698	1	1
1699	1	1
1700	1	1
1702	1	1
1703	1	1
1704	1	1
1705	1	1
1706	1	1
1707	1	1
1708	1	1
1709	1	1
1710	1	1
1711	1	1
1712	1	1
1713	1	1
1714	1	1
1715	1	1
1716	1	1
1717	1	1
1718	1	1
1719	1	1
1720	1	1
1721	1	1
1722	1	1
1723	1	1
1724	1	1
1725	1	1
1726	1	1
1727	1	1
1728	1	1
1729	1	1
1730	1	1
1731	1	1
1732	1	1
1733	1	1
1734	1	1
1736	1	1
1737	1	1
1738	1	1
1739	1	1
1740	1	1
1741	1	1
1742	1	1
1743	1	1
1745	1	1
1746	1	1
1747	1	1
1748	1	1
1749	1	1
1751	1	1
1752	1	1
1753	1	1
1756	1	1
1757	1	1
1758	1	1
1759	1	1
1762	1	1
1764	1	1
1765	1	1
1766	1	1
1767	1	1
1768	1	1
1769	1	1
1770	1	1
1771	1	1
1773	1	1
1775	1	1
1777	1	1
1778	1	1
1779	1	1
1780	1	1
1781	1	1
1782	1	1
1783	1	1
1784	1	1
1785	1	1
1786	1	1
1787	1	1
1788	1	1
1789	1	1
1790	1	1
1791	1	1
1792	1	1
1793	1	1
1794	1	1
1795	1	1
1796	1	1
1797	1	1
1798	1	1
1799	1	1
1800	1	1
1801	1	1
1802	1	1
1803	1	1
1804	1	1
1805	1	1
1806	1	1
1807	1	1
1808	1	1
1810	1	1
1811	1	1
1812	1	1
1813	1	1
1816	1	1
1817	1	1
1818	1	1
1822	1	1
1823	1	1
1830	1	1
1831	1	1
1835	1	1
1836	1	1
1859	1	1
1860	1	1
1861	1	1
1862	1	1
1864	1	1
1865	1	1
1866	1	1
1867	1	1
1872	1	1
1873	1	1
1874	1	1
1875	1	1
1876	1	1
1877	1	1
1878	1	1
1879	1	1
1880	1	1
1881	1	1
1882	1	1
1883	1	1
1884	1	1
1885	1	1
1886	1	1
1887	1	1
1888	1	1
1889	1	1
1890	1	1
1891	1	1
1892	1	1
1894	1	1
1895	1	1
1896	1	1
1897	1	1
1898	1	1
1899	1	1
1900	1	1
1901	1	1
1902	1	1
1903	1	1
1904	1	1
1905	1	1
1910	1	1
1911	1	1
1912	1	1
1913	1	1
1915	1	1
1916	1	1
1917	1	1
1918	1	1
1919	1	1
1923	1	1
1924	1	1
1925	1	1
1927	1	1
1930	1	1
1931	1	1
1932	1	1
1933	1	1
1934	1	1
1937	1	1
1938	1	1
1939	1	1
1940	1	1
1942	1	1
1943	1	1
1944	1	1
1945	1	1
1946	1	1
1947	1	1
1948	1	1
1949	1	1
1950	1	1
1951	1	1
1952	1	1
1953	1	1
1955	1	1
1956	1	1
1957	1	1
1958	1	1
1959	1	1
1960	1	1
1961	1	1
1962	1	1
1963	1	1
1964	1	1
1966	1	1
1967	1	1
1968	1	1
1969	1	1
1970	1	1
1971	1	1
1972	1	1
1973	1	1
1974	1	1
1975	1	1
1976	1	1
1977	1	1
1978	1	1
1981	1	1
1982	1	1
1983	1	1
1984	1	1
1985	1	1
1986	1	1
1987	1	1
1988	1	1
1989	1	1
1990	1	1
1992	1	1
1993	1	1
1997	1	1
1998	1	1
1999	1	1
2000	1	1
2001	1	1
2002	1	1
2003	1	1
2005	1	1
2007	1	1
2008	1	1
2009	1	1
2011	1	1
2012	1	1
2013	1	1
2014	1	1
2015	1	1
2016	1	1
2017	1	1
2018	1	1
2019	1	1
2023	1	1
2024	1	1
2025	1	1
2026	1	1
2027	1	1
2028	1	1
2029	1	1
2030	1	1
2031	1	1
2032	1	1
2033	1	1
2034	1	1
2035	1	1
2036	1	1
2037	1	1
2038	1	1
2039	1	1
2040	1	1
2041	1	1
2042	1	1
2043	1	1
2044	1	1
2045	1	1
2046	1	1
2047	1	1
2048	1	1
2049	1	1
2050	1	1
2051	1	1
2052	1	1
2053	1	1
2054	1	1
2055	1	1
2056	1	1
2057	1	1
2058	1	1
2059	1	1
2060	1	1
2061	1	1
2062	1	1
2064	1	1
2065	1	1
2066	1	1
2069	1	1
2070	1	1
2093	1	1
2094	1	1
2095	1	1
2096	1	1
2098	1	1
2099	1	1
2100	1	1
2101	1	1
2106	1	1
2107	1	1
2108	1	1
2109	1	1
2111	1	1
2112	1	1
2113	1	1
2114	1	1
2118	1	1
2119	1	1
2120	1	1
2121	1	1
2123	1	1
2124	1	1
2125	1	1
2126	1	1
2131	1	1
2132	1	1
2133	1	1
2134	1	1
2136	1	1
2137	1	1
2138	1	1
2139	1	1
2144	1	1
2149	1	1
2150	1	1
2152	1	1
2153	1	1
2154	1	1
2155	1	1
2157	1	1
2158	1	1
2159	1	1
2160	1	1
2161	1	1
2162	1	1
2164	1	1
2165	1	1
2166	1	1
2167	1	1
2168	1	1
2169	1	1
2170	1	1
2171	1	1
2172	1	1
2173	1	1
2174	1	1
2175	1	1
2176	1	1
2177	1	1
2178	1	1
2179	1	1
2180	1	1
2181	1	1
2182	1	1
2183	1	1
2184	1	1
2185	1	1
2186	1	1
2187	1	1
2188	1	1
2189	1	1
2190	1	1
2191	1	1
2192	1	1
2193	1	1
2194	1	1
2195	1	1
2196	1	1
2197	1	1
2198	1	1
2199	1	1
2200	1	1
2201	1	1
2202	1	1
2203	1	1
2204	1	1
2205	1	1
2206	1	1
2207	1	1
2208	1	1
2209	1	1
2210	1	1
2211	1	1
2213	1	1
2215	1	1
2216	1	1
2217	1	1
2219	1	1
2220	1	1
2221	1	1
2222	1	1
2223	1	1
2224	1	1
2225	1	1
2226	1	1
2228	1	1
2230	1	1
2231	1	1
2232	1	1
2233	1	1
2234	1	1
2235	1	1
2236	1	1
2237	1	1
2238	1	1
2239	1	1
2240	1	1
2241	1	1
2242	1	1
2243	1	1
2244	1	1
2245	1	1
2246	1	1
2247	1	1
2248	1	1
2249	1	1
2250	1	1
2251	1	1
2252	1	1
2253	1	1
2254	1	1
2255	1	1
2256	1	1
2257	1	1
2258	1	1
2259	1	1
2260	1	1
2261	1	1
2263	1	1
2264	1	1
2265	1	1
2266	1	1
2267	1	1
2268	1	1
2269	1	1
2270	1	1
2271	1	1
2272	1	1
2273	1	1
2274	1	1
2275	1	1
2276	1	1
2277	1	1
2278	1	1
2279	1	1
2280	1	1
2281	1	1
2282	1	1
2283	1	1
2284	1	1
2285	1	1
2286	1	1
2287	1	1
2288	1	1
2289	1	1
2290	1	1
2291	1	1
2292	1	1
2293	1	1
2294	1	1
2295	1	1
2296	1	1
2299	1	1
2300	1	1
2307	1	1
2308	1	1
2312	1	1
2313	1	1
2320	1	1
2321	1	1
2325	1	1
2326	1	1
2340	1	1
2341	1	1
2345	1	1
2346	1	1
2352	1	1
2353	1	1
2354	1	1
2355	1	1
2356	1	1
2357	1	1
2358	1	1
2359	1	1
2360	1	1
2361	1	1
2365	1	1
2366	1	1
2367	1	1
2368	1	1
2369	1	1
2370	1	1
2371	1	1
2372	1	1
2373	1	1
2374	1	1
2380	1	1
2381	1	1
2383	1	1
2384	1	1
2385	1	1
2386	1	1
2388	1	1
2389	1	1
2391	1	1
2392	1	1
2394	1	1
2395	1	1
2396	1	1
2397	1	1
2398	1	1
2399	1	1
2400	1	1
2401	1	1
2402	1	1
2403	1	1
2404	1	1
2405	1	1
2406	1	1
2407	1	1
2408	1	1
2410	1	1
2411	1	1
2412	1	1
2413	1	1
2414	1	1
2415	1	1
2416	1	1
2417	1	1
2418	1	1
2419	1	1
2420	1	1
2421	1	1
2423	1	1
2424	1	1
2425	1	1
2426	1	1
2427	1	1
2428	1	1
2429	1	1
2430	1	1
2431	1	1
2432	1	1
2433	1	1
2434	1	1
2436	1	1
2437	1	1
2439	1	1
2440	1	1
2441	1	1
2442	1	1
2443	1	1
2444	1	1
2445	1	1
2446	1	1
2447	1	1
2448	1	1
2449	1	1
2450	1	1
2451	1	1
2452	1	1
2454	1	1
2455	1	1
2456	1	1
2457	1	1
2458	1	1
2460	1	1
2461	1	1
2462	1	1
2463	1	1
2465	1	1
2466	1	1
2467	1	1
2468	1	1
2469	1	1
2470	1	1
2472	1	1
2474	1	1
2475	1	1
2476	1	1
2477	1	1
2478	1	1
2479	1	1
2480	1	1
2481	1	1
2482	1	1
2483	1	1
2484	1	1
2485	1	1
2486	1	1
2487	1	1
2488	1	1
2489	1	1
2490	1	1
2491	1	1
2492	1	1
2493	1	1
2494	1	1
2495	1	1
2497	1	1
2498	1	1
2499	1	1
2500	1	1
2501	1	1
2502	1	1
2503	1	1
2504	1	1
2505	1	1
2506	1	1
2507	1	1
2508	1	1
2509	1	1
2510	1	1
2511	1	1
2512	1	1
2513	1	1
2514	1	1
2515	1	1
2516	1	1
2517	1	1
2518	1	1
2519	1	1
2520	1	1
2521	1	1
2522	1	1
2523	1	1
2524	1	1
2525	1	1
2526	1	1
2527	1	1
2528	1	1
2529	1	1
2530	1	1
2531	1	1
2532	1	1
2533	1	1
2534	1	1
2541	1	1
2542	1	1
2546	1	1
2547	1	1
2554	1	1
2555	1	1
2559	1	1
2560	1	1
2573	1	1
2574	1	1
2575	1	1
2578	1	1
2579	1	1
2580	1	1
2586	1	1
2587	1	1
2588	1	1
2589	1	1
2590	1	1
2591	1	1
2592	1	1
2593	1	1
2594	1	1
2595	1	1
2599	1	1
2600	1	1
2601	1	1
2602	1	1
2603	1	1
2604	1	1
2605	1	1
2606	1	1
2607	1	1
2608	1	1
2614	1	1
2615	1	1
2619	1	1
2620	1	1
2625	1	1
2626	1	1
2627	1	1
2628	1	1
2630	1	1
2631	1	1
2632	1	1
2633	1	1
2635	1	1
2636	1	1
2637	1	1
2638	1	1
2639	1	1
2640	1	1
2641	1	1
2643	1	1
2644	1	1
2645	1	1
2646	1	1
2648	1	1
2649	1	1
2650	1	1
2651	1	1
2652	1	1
2653	1	1
2654	1	1
2655	1	1
2656	1	1
2658	1	1
2659	1	1
2660	1	1
2661	1	1
2662	1	1
2663	1	1
2664	1	1
2665	1	1
2666	1	1
2667	1	1
2668	1	1
2670	1	1
2671	1	1
2672	1	1
2673	1	1
2674	1	1
2675	1	1
2676	1	1
2677	1	1
2678	1	1
2679	1	1
2680	1	1
2682	1	1
2683	1	1
2684	1	1
2686	1	1
2687	1	1
2688	1	1
2689	1	1
2690	1	1
2691	1	1
2692	1	1
2693	1	1
2694	1	1
2695	1	1
2697	1	1
2698	1	1
2699	1	1
2701	1	1
2702	1	1
2703	1	1
2704	1	1
2705	1	1
2706	1	1
2708	1	1
2709	1	1
2710	1	1
2713	1	1
2714	1	1
2715	1	1
2716	1	1
2717	1	1
2719	1	1
2721	1	1
2723	1	1
2724	1	1
2725	1	1
2727	1	1
2728	1	1
2729	1	1
2730	1	1
2731	1	1
2732	1	1
2733	1	1
2734	1	1
2735	1	1
2736	1	1
2737	1	1
2738	1	1
2739	1	1
2740	1	1
2741	1	1
2742	1	1
2743	1	1
2744	1	1
2745	1	1
2746	1	1
2747	1	1
2748	1	1
2749	1	1
2750	1	1
2751	1	1
2752	1	1
2753	1	1
2754	1	1
2755	1	1
2758	1	1
2759	1	1
2760	1	1
2761	1	1
2762	1	1
2763	1	1
2764	1	1
2765	1	1
2766	1	1
2767	1	1
2768	1	1
2775	1	1
2776	1	1
2780	1	1
2781	1	1
2807	1	1
2808	1	1
2809	1	1
2812	1	1
2813	1	1
2814	1	1
2819	1	1
2820	1	1
2821	1	1
2822	1	1
2823	1	1
2824	1	1
2825	1	1
2826	1	1
2827	1	1
2828	1	1
2829	1	1
2832	1	1
2833	1	1
2835	1	1
2836	1	1
2837	1	1
2838	1	1
2840	1	1
2841	1	1
2842	1	1
2848	1	1
2849	1	1
2853	1	1
2854	1	1
2861	1	1
2862	1	1
2864	1	1
2865	1	1
2866	1	1
2867	1	1
2869	1	1
2870	1	1
2872	1	1
2873	1	1
2874	1	1
2875	1	1
2877	1	1
2878	1	1
2879	1	1
2880	1	1
2882	1	1
2883	1	1
2884	1	1
2885	1	1
2886	1	1
2887	1	1
2888	1	1
2889	1	1
2890	1	1
2891	1	1
2892	1	1
2894	1	1
2895	1	1
2896	1	1
2897	1	1
2898	1	1
2899	1	1
2900	1	1
2901	1	1
2902	1	1
2904	1	1
2905	1	1
2906	1	1
2908	1	1
2909	1	1
2910	1	1
2911	1	1
2912	1	1
2913	1	1
2914	1	1
2915	1	1
2916	1	1
2917	1	1
2918	1	1
2919	1	1
2920	1	1
2921	1	1
2922	1	1
2923	1	1
2926	1	1
2927	1	1
2928	1	1
2929	1	1
2930	1	1
2931	1	1
2932	1	1
2933	1	1
2935	1	1
2936	1	1
2937	1	1
2938	1	1
2939	1	1
2940	1	1
2941	1	1
2942	1	1
2943	1	1
2945	1	1
2947	1	1
2948	1	1
2949	1	1
2950	1	1
2951	1	1
2952	1	1
2954	1	1
2956	1	1
2957	1	1
2958	1	1
2959	1	1
2960	1	1
2961	1	1
2962	1	1
2963	1	1
2964	1	1
2965	1	1
2966	1	1
2967	1	1
2968	1	1
2969	1	1
2970	1	1
2971	1	1
2972	1	1
2973	1	1
2974	1	1
2975	1	1
2976	1	1
2977	1	1
2978	1	1
2980	1	1
2981	1	1
2982	1	1
2983	1	1
2985	1	1
2987	1	1
2992	1	1
2993	1	1
2994	1	1
2998	1	1
2999	1	1
3000	1	1
3001	1	1
3005	1	1
3006	1	1
3053	1	1
3054	1	1
3058	1	1
3059	1	1
3066	1	1
3067	1	1
3069	1	1
3070	1	1
3071	1	1
3072	1	1
3074	1	1
3075	1	1
3082	1	1
3083	1	1
3084	1	1
3087	1	1
3088	1	1
3089	1	1
3095	1	1
3096	1	1
3097	1	1
3098	1	1
3099	1	1
3100	1	1
3101	1	1
3102	1	1
3103	1	1
3104	1	1
3107	1	1
3108	1	1
3109	1	1
3111	1	1
3112	1	1
3113	1	1
3114	1	1
3116	1	1
3117	1	1
3118	1	1
3119	1	1
3120	1	1
3121	1	1
3122	1	1
3123	1	1
3124	1	1
3125	1	1
3126	1	1
3127	1	1
3128	1	1
3129	1	1
3130	1	1
3131	1	1
3132	1	1
3133	1	1
3134	1	1
3135	1	1
3136	1	1
3137	1	1
3138	1	1
3139	1	1
3140	1	1
3141	1	1
3143	1	1
3144	1	1
3145	1	1
3146	1	1
3147	1	1
3148	1	1
3149	1	1
3150	1	1
3151	1	1
3152	1	1
3153	1	1
3154	1	1
3155	1	1
3156	1	1
3157	1	1
3158	1	1
3159	1	1
3160	1	1
3161	1	1
3162	1	1
3163	1	1
3164	1	1
3167	1	1
3168	1	1
3169	1	1
3171	1	1
3172	1	1
3173	1	1
3174	1	1
3175	1	1
3176	1	1
3177	1	1
3178	1	1
3179	1	1
3182	1	1
3183	1	1
3184	1	1
3185	1	1
3186	1	1
3187	1	1
3188	1	1
3189	1	1
3190	1	1
3191	1	1
3192	1	1
3194	1	1
3195	1	1
3196	1	1
3197	1	1
3198	1	1
3199	1	1
3200	1	1
3201	1	1
3202	1	1
3203	1	1
3204	1	1
3205	1	1
3206	1	1
3209	1	1
3210	1	1
3211	1	1
3212	1	1
3213	1	1
3214	1	1
3215	1	1
3216	1	1
3217	1	1
3218	1	1
3219	1	1
3220	1	1
3221	1	1
3222	1	1
3223	1	1
3224	1	1
3225	1	1
3226	1	1
3227	1	1
3228	1	1
3229	1	1
3230	1	1
3231	1	1
3234	1	1
3235	1	1
3236	1	1
3239	1	1
3240	1	1
3317	1	1
3318	1	1
3319	1	1
3320	1	1
3322	1	1
3323	1	1
3324	1	1
3325	1	1
3329	1	1
3330	1	1
3331	1	1
3332	1	1
3333	1	1
3334	1	1
3335	1	1
3336	1	1
3337	1	1
3338	1	1
3339	1	1
3341	1	1
3342	1	1
3343	1	1
3345	1	1
3346	1	1
3347	1	1
3348	1	1
3350	1	1
3351	1	1
3352	1	1
3354	1	1
3355	1	1
3356	1	1
3357	1	1
3358	1	1
3359	1	1
3360	1	1
3361	1	1
3362	1	1
3363	1	1
3364	1	1
3365	1	1
3366	1	1
3369	1	1
3370	1	1
3371	1	1
3372	1	1
3373	1	1
3375	1	1
3376	1	1
3377	1	1
3378	1	1
3379	1	1
3380	1	1
3381	1	1
3382	1	1
3383	1	1
3384	1	1
3385	1	1
3386	1	1
3387	1	1
3388	1	1
3389	1	1
3390	1	1
3391	1	1
3392	1	1
3393	1	1
3394	1	1
3395	1	1
3396	1	1
3397	1	1
3398	1	1
3399	1	1
3400	1	1
3401	1	1
3402	1	1
3403	1	1
3404	1	1
3405	1	1
3406	1	1
3407	1	1
3408	1	1
3410	1	1
3411	1	1
3412	1	1
3413	1	1
3415	1	1
3416	1	1
3417	1	1
3418	1	1
3419	1	1
3420	1	1
3421	1	1
3422	1	1
3423	1	1
3424	1	1
3426	1	1
3427	1	1
3428	1	1
3429	1	1
3431	1	1
3434	1	1
3435	1	1
3436	1	1
3437	1	1
3438	1	1
3439	1	1
3440	1	1
3441	1	1
3442	1	1
3443	1	1
3444	1	1
3445	1	1
3446	1	1
3447	1	1
3448	1	1
3449	1	1
3451	1	1
3453	1	1
3455	1	1
3456	1	1
3457	1	1
3458	1	1
3459	1	1
3460	1	1
3461	1	1
3462	1	1
3463	1	1
3464	1	1
3465	1	1
3466	1	1
3469	1	1
3470	1	1
3477	1	1
3478	1	1
3482	1	1
3483	1	1
3490	1	1
3491	1	1
3495	1	1
3496	1	1
3553	1	1
3554	1	1
3558	1	1
3559	1	1
3563	1	1
3564	1	1
3566	1	1
3567	1	1
3568	1	1
3569	1	1
3571	1	1
3572	1	1
3573	1	1
3574	1	1
3576	1	1
3577	1	1
3580	1	1
3581	1	1
3582	1	1
3585	1	1
3586	1	1
3587	1	1
3591	1	1
3592	1	1
3593	1	1
3594	1	1
3595	1	1
3596	1	1
3597	1	1
3598	1	1
3599	1	1
3600	1	1
3601	1	1
3602	1	1
3604	1	1
3605	1	1
3606	1	1
3607	1	1
3608	1	1
3609	1	1
3610	1	1
3611	1	1
3612	1	1
3613	1	1
3614	1	1
3615	1	1
3616	1	1
3617	1	1
3618	1	1
3619	1	1
3620	1	1
3621	1	1
3622	1	1
3623	1	1
3624	1	1
3625	1	1
3626	1	1
3627	1	1
3628	1	1
3629	1	1
3631	1	1
3632	1	1
3633	1	1
3634	1	1
3636	1	1
3637	1	1
3638	1	1
3639	1	1
3641	1	1
3642	1	1
3645	1	1
3646	1	1
3647	1	1
3650	1	1
3651	1	1
3652	1	1
3656	1	1
3657	1	1
3658	1	1
3659	1	1
3660	1	1
3661	1	1
3662	1	1
3663	1	1
3664	1	1
3665	1	1
3666	1	1
3667	1	1
3669	1	1
3670	1	1
3671	1	1
3672	1	1
3673	1	1
3675	1	1
3676	1	1
3677	1	1
3678	1	1
3679	1	1
3680	1	1
3681	1	1
3682	1	1
3683	1	1
3684	1	1
3685	1	1
3686	1	1
3687	1	1
3688	1	1
3689	1	1
3690	1	1
3691	1	1
3692	1	1
3693	1	1
3694	1	1
3696	1	1
3697	1	1
3699	1	1
3702	1	1
3703	1	1
3704	1	1
3711	1	1
3712	1	1
3716	1	1
3717	1	1
3724	1	1
3725	1	1
3729	1	1
3730	1	1
3800	1	1
3801	1	1
3802	1	1
3803	1	1
3805	1	1
3806	1	1
3807	1	1
3808	1	1
3813	1	1
3814	1	1
3815	1	1
3816	1	1
3818	1	1
3819	1	1
3820	1	1
3821	1	1
3825	1	1
3826	1	1
3827	1	1
3830	1	1
3831	1	1
3832	1	1
3835	1	1
3836	1	1
3838	1	1
3839	1	1
3840	1	1
3841	1	1
3842	1	1
3843	1	1
3844	1	1
3845	1	1
3846	1	1
3847	1	1
3848	1	1
3849	1	1
3851	1	1
3852	1	1
3853	1	1
3854	1	1
3855	1	1
3856	1	1
3857	1	1
3858	1	1
3859	1	1
3860	1	1
3864	1	1
3865	1	1
3866	1	1
3867	1	1
3868	1	1
3869	1	1
3870	1	1
3871	1	1
3872	1	1
3873	1	1
3878	1	1
3879	1	1
3880	1	1
3881	1	1
3883	1	1
3884	1	1
3885	1	1
3886	1	1
3890	1	1
3891	1	1
3892	1	1
3895	1	1
3896	1	1
3897	1	1
3900	1	1
3901	1	1
3903	1	1
3904	1	1
3905	1	1
3906	1	1
3907	1	1
3908	1	1
3909	1	1
3910	1	1
3911	1	1
3912	1	1
3913	1	1
3914	1	1
3916	1	1
3917	1	1
3918	1	1
3919	1	1
3921	1	1
3922	1	1
3923	1	1
3924	1	1
3925	1	1
3929	1	1
3930	1	1
3931	1	1
3932	1	1
3933	1	1
3934	1	1
3935	1	1
3936	1	1
3937	1	1
3938	1	1
3945	1	1
3946	1	1
3950	1	1
3951	1	1
4034	1	1
4035	1	1
4039	1	1
4040	1	1
4047	1	1
4048	1	1
4052	1	1
4053	1	1
4085	1	1
4086	1	1
4090	1	1
4091	1	1
4098	1	1
4099	1	1
4100	1	1
4103	1	1
4104	1	1
4105	1	1
4112	1	1
4113	1	1
4117	1	1
4118	1	1
4150	1	1
4151	1	1
4155	1	1
4156	1	1
4163	1	1
4164	1	1
4168	1	1
4169	1	1
