1
7933.57
0
32 34 61
1
45038	4.18879	0
42904	4.18879	0
47114	4.18879	0
43087	4.18879	0
40832	4.18879	0
38756	4.18879	0
40892	4.18879	0
40829	4.18879	0
49187	4.18879	0
49250	4.18879	0
49370	4.18879	0
53396	4.18879	0
45220	4.18879	0
47296	4.18879	0
49307	4.18879	0
45098	4.18879	0
40950	4.18879	0
38877	4.18879	0
41072	4.18879	0
43026	4.18879	0
38813	4.18879	0
36741	4.18879	0
38692	4.18879	0
38872	4.18879	0
40884	4.18879	0
36736	4.18879	0
40825	4.18879	0
38814	4.18879	0
42962	4.18879	0
43021	4.18879	0
34608	4.18879	0
34729	4.18879	0
32657	4.18879	0
32532	4.18879	0
34487	4.18879	0
36682	4.18879	0
36559	4.18879	0
32411	4.18879	0
36499	4.18879	0
34423	4.18879	0
34302	4.18879	0
32291	4.18879	0
32410	4.18879	0
34361	4.18879	0
36557	4.18879	0
38571	4.18879	0
44736	4.18879	0
44859	4.18879	0
42783	4.18879	0
42725	4.18879	0
40465	4.18879	0
40588	4.18879	0
36439	4.18879	0
42602	4.18879	0
36440	4.18879	0
38516	4.18879	0
36563	4.18879	0
38636	4.18879	0
32415	4.18879	0
32417	4.18879	0
36564	4.18879	0
34369	4.18879	0
46685	4.18879	0
48699	4.18879	0
50894	4.18879	0
48822	4.18879	0
44670	4.18879	0
46683	4.18879	0
42537	4.18879	0
46746	4.18879	0
48885	4.18879	0
46933	4.18879	0
53030	4.18879	0
48882	4.18879	0
53032	4.18879	0
51079	4.18879	0
46562	4.18879	0
46441	4.18879	0
44490	4.18879	0
48698	4.18879	0
50769	4.18879	0
50831	4.18879	0
52784	4.18879	0
48636	4.18879	0
42355	4.18879	0
46504	4.18879	0
44553	4.18879	0
44369	4.18879	0
46319	4.18879	0
42233	4.18879	0
44366	4.18879	0
38268	4.18879	0
40341	4.18879	0
40464	4.18879	0
36315	4.18879	0
34300	4.18879	0
36314	4.18879	0
32105	4.18879	0
28018	4.18879	0
29970	4.18879	0
23748	4.18879	0
30033	4.18879	0
32106	4.18879	0
36192	4.18879	0
32166	4.18879	0
38204	4.18879	0
40401	4.18879	0
42353	4.18879	0
36193	4.18879	0
31982	4.18879	0
36070	4.18879	0
34059	4.18879	0
42352	4.18879	0
42229	4.18879	0
46439	4.18879	0
42411	4.18879	0
42230	4.18879	0
40218	4.18879	0
44367	4.18879	0
40035	4.18879	0
25582	4.18879	0
25645	4.18879	0
25523	4.18879	0
21434	4.18879	0
27655	4.18879	0
31804	4.18879	0
27778	4.18879	0
27595	4.18879	0
27412	4.18879	0
27471	4.18879	0
25460	4.18879	0
23202	4.18879	0
25520	4.18879	0
21311	4.18879	0
23444	4.18879	0
25397	4.18879	0
31929	4.18879	0
31866	4.18879	0
29853	4.18879	0
31926	4.18879	0
32049	4.18879	0
34062	4.18879	0
34121	4.18879	0
36135	4.18879	0
33942	4.18879	0
29795	4.18879	0
33821	4.18879	0
31746	4.18879	0
31743	4.18879	0
33819	4.18879	0
29671	4.18879	0
31867	4.18879	0
40100	4.18879	0
38148	4.18879	0
35953	4.18879	0
38085	4.18879	0
40219	4.18879	0
38147	4.18879	0
38207	4.18879	0
38024	4.18879	0
38022	4.18879	0
33814	4.18879	0
37901	4.18879	0
33995	4.18879	0
36007	4.18879	0
31799	4.18879	0
33875	4.18879	0
46443	4.18879	0
42357	4.18879	0
44310	4.18879	0
46567	4.18879	0
40466	4.18879	0
42419	4.18879	0
44552	4.18879	0
44615	4.18879	0
36014	4.18879	0
38210	4.18879	0
34060	4.18879	0
38270	4.18879	0
40342	4.18879	0
40283	4.18879	0
46445	4.18879	0
44433	4.18879	0
48641	4.18879	0
48521	4.18879	0
44555	4.18879	0
42479	4.18879	0
46688	4.18879	0
46506	4.18879	0
44314	4.18879	0
48461	4.18879	0
44373	4.18879	0
42178	4.18879	0
40226	4.18879	0
38212	4.18879	0
42298	4.18879	0
44374	4.18879	0
46574	4.18879	0
44437	4.18879	0
42425	4.18879	0
42305	4.18879	0
42242	4.18879	0
44317	4.18879	0
44255	4.18879	0
46389	4.18879	0
44558	4.18879	0
40350	4.18879	0
44560	4.18879	0
42547	4.18879	0
40471	4.18879	0
38459	4.18879	0
44619	4.18879	0
42120	4.18879	0
41998	4.18879	0
44073	4.18879	0
46206	4.18879	0
37973	4.18879	0
37910	4.18879	0
37851	4.18879	0
40045	4.18879	0
44439	4.18879	0
46391	4.18879	0
42243	4.18879	0
48402	4.18879	0
44315	4.18879	0
46268	4.18879	0
27541	4.18879	0
29677	4.18879	0
31688	4.18879	0
27663	4.18879	0
35774	4.18879	0
33702	4.18879	0
35898	4.18879	0
29615	4.18879	0
37974	4.18879	0
38096	4.18879	0
42183	4.18879	0
33765	4.18879	0
33824	4.18879	0
31813	4.18879	0
36866	4.18879	0
32780	4.18879	0
32717	4.18879	0
34915	4.18879	0
34976	4.18879	0
32962	4.18879	0
32840	4.18879	0
37110	4.18879	0
34669	4.18879	0
38816	4.18879	0
36865	4.18879	0
34728	4.18879	0
32655	4.18879	0
30703	4.18879	0
34850	4.18879	0
30890	4.18879	0
30831	4.18879	0
32842	4.18879	0
26621	4.18879	0
26619	4.18879	0
26680	4.18879	0
24485	4.18879	0
33025	4.18879	0
31012	4.18879	0
30889	4.18879	0
35097	4.18879	0
37113	4.18879	0
32964	4.18879	0
34917	4.18879	0
35101	4.18879	0
24546	4.18879	0
24484	4.18879	0
28633	4.18879	0
26500	4.18879	0
26501	4.18879	0
26623	4.18879	0
30710	4.18879	0
24486	4.18879	0
22536	4.18879	0
18387	4.18879	0
20584	4.18879	0
20464	4.18879	0
24671	4.18879	0
24611	4.18879	0
26622	4.18879	0
28759	4.18879	0
34980	4.18879	0
30892	4.18879	0
28760	4.18879	0
32847	4.18879	0
32969	4.18879	0
30893	4.18879	0
32910	4.18879	0
35046	4.18879	0
35044	4.18879	0
30957	4.18879	0
32849	4.18879	0
30773	4.18879	0
30714	4.18879	0
28702	4.18879	0
30469	4.18879	0
32541	4.18879	0
28454	4.18879	0
28456	4.18879	0
28336	4.18879	0
32422	4.18879	0
32545	4.18879	0
28395	4.18879	0
28398	4.18879	0
24189	4.18879	0
26387	4.18879	0
26324	4.18879	0
26265	4.18879	0
24311	4.18879	0
30168	4.18879	0
32179	4.18879	0
27972	4.18879	0
28092	4.18879	0
34437	4.18879	0
34315	4.18879	0
30228	4.18879	0
34314	4.18879	0
36386	4.18879	0
34434	4.18879	0
38581	4.18879	0
38644	4.18879	0
30349	4.18879	0
34436	4.18879	0
34496	4.18879	0
36632	4.18879	0
38947	4.18879	0
41082	4.18879	0
39007	4.18879	0
36935	4.18879	0
34677	4.18879	0
32726	4.18879	0
32724	4.18879	0
36813	4.18879	0
30470	4.18879	0
30530	4.18879	0
34678	4.18879	0
32482	4.18879	0
34615	4.18879	0
34556	4.18879	0
36751	4.18879	0
38763	4.18879	0
28515	4.18879	0
26381	4.18879	0
30528	4.18879	0
30590	4.18879	0
30712	4.18879	0
26624	4.18879	0
28636	4.18879	0
30651	4.18879	0
28573	4.18879	0
24363	4.18879	0
26440	4.18879	0
26316	4.18879	0
30706	4.18879	0
28572	4.18879	0
30708	4.18879	0
32722	4.18879	0
43162	4.18879	0
45296	4.18879	0
41086	4.18879	0
43284	4.18879	0
45114	4.18879	0
43101	4.18879	0
45177	4.18879	0
47311	4.18879	0
40966	4.18879	0
36817	4.18879	0
38954	4.18879	0
34806	4.18879	0
39013	4.18879	0
37002	4.18879	0
34987	4.18879	0
34805	4.18879	0
49198	4.18879	0
47002	4.18879	0
47064	4.18879	0
45050	4.18879	0
43100	4.18879	0
45051	4.18879	0
40964	4.18879	0
43098	4.18879	0
40719	4.18879	0
40782	4.18879	0
36633	4.18879	0
36512	4.18879	0
44929	4.18879	0
44931	4.18879	0
42917	4.18879	0
40721	4.18879	0
45237	4.18879	0
47373	4.18879	0
47251	4.18879	0
43226	4.18879	0
45178	4.18879	0
45119	4.18879	0
47315	4.18879	0
49265	4.18879	0
45359	4.18879	0
45418	4.18879	0
49566	4.18879	0
49509	4.18879	0
45300	4.18879	0
57801	4.18879	0
57924	4.18879	0
55788	4.18879	0
59996	4.18879	0
51640	4.18879	0
55789	4.18879	0
53713	4.18879	0
51517	4.18879	0
51519	4.18879	0
47372	4.18879	0
49386	4.18879	0
49323	4.18879	0
53714	4.18879	0
53716	4.18879	0
49507	4.18879	0
53593	4.18879	0
42487	4.18879	0
40472	4.18879	0
42608	4.18879	0
44681	4.18879	0
40291	4.18879	0
38341	4.18879	0
38338	4.18879	0
40654	4.18879	0
42606	4.18879	0
38457	4.18879	0
38521	4.18879	0
34370	4.18879	0
36507	4.18879	0
38458	4.18879	0
32298	4.18879	0
46940	4.18879	0
48891	4.18879	0
51026	4.18879	0
46938	4.18879	0
46820	4.18879	0
49015	4.18879	0
42733	4.18879	0
44747	4.18879	0
44626	4.18879	0
40538	4.18879	0
42489	4.18879	0
44744	4.18879	0
42732	4.18879	0
44684	4.18879	0
44807	4.18879	0
49073	4.18879	0
51087	4.18879	0
46997	4.18879	0
51149	4.18879	0
49196	4.18879	0
51147	4.18879	0
53344	4.18879	0
47179	4.18879	0
45167	4.18879	0
47181	4.18879	0
49315	4.18879	0
47059	4.18879	0
45048	4.18879	0
42912	4.18879	0
45107	4.18879	0
51153	4.18879	0
49141	4.18879	0
49139	4.18879	0
53287	4.18879	0
44930	4.18879	0
47125	4.18879	0
45053	4.18879	0
47066	4.18879	0
49199	4.18879	0
49136	4.18879	0
53346	4.18879	0
47001	4.18879	0
51210	4.18879	0
47122	4.18879	0
46999	4.18879	0
31546	4.18879	0
33619	4.18879	0
31606	4.18879	0
29470	4.18879	0
25447	4.18879	0
27398	4.18879	0
29595	4.18879	0
29654	4.18879	0
33739	4.18879	0
35873	4.18879	0
35935	4.18879	0
37826	4.18879	0
33618	4.18879	0
37828	4.18879	0
33740	4.18879	0
44356	4.18879	0
40148	4.18879	0
40207	4.18879	0
42160	4.18879	0
39964	4.18879	0
42039	4.18879	0
44172	4.18879	0
35818	4.18879	0
35816	4.18879	0
31790	4.18879	0
35939	4.18879	0
40028	4.18879	0
37832	4.18879	0
35879	4.18879	0
37830	4.18879	0
46309	4.18879	0
44112	4.18879	0
46188	4.18879	0
46186	4.18879	0
50273	4.18879	0
48198	4.18879	0
50275	4.18879	0
48138	4.18879	0
45942	4.18879	0
48079	4.18879	0
48076	4.18879	0
50153	4.18879	0
52289	4.18879	0
52166	4.18879	0
52286	4.18879	0
48440	4.18879	0
46307	4.18879	0
48317	4.18879	0
44232	4.18879	0
48501	4.18879	0
50637	4.18879	0
50516	4.18879	0
52527	4.18879	0
44111	4.18879	0
46184	4.18879	0
48381	4.18879	0
39963	4.18879	0
40086	4.18879	0
39961	4.18879	0
42153	4.18879	0
46299	4.18879	0
42029	4.18879	0
42212	4.18879	0
42213	4.18879	0
42276	4.18879	0
40261	4.18879	0
38066	4.18879	0
48561	4.18879	0
46485	4.18879	0
48437	4.18879	0
48619	4.18879	0
46300	4.18879	0
46422	4.18879	0
50631	4.18879	0
40018	4.18879	0
35810	4.18879	0
35992	4.18879	0
40021	4.18879	0
42154	4.18879	0
44166	4.18879	0
42152	4.18879	0
33861	4.18879	0
33799	4.18879	0
37948	4.18879	0
35933	4.18879	0
40144	4.18879	0
40022	4.18879	0
40146	4.18879	0
37947	4.18879	0
25808	4.18879	0
27881	4.18879	0
25745	4.18879	0
25866	4.18879	0
27939	4.18879	0
25988	4.18879	0
25805	4.18879	0
23791	4.18879	0
27697	4.18879	0
31906	4.18879	0
29894	4.18879	0
29830	4.18879	0
36116	4.18879	0
33980	4.18879	0
34102	4.18879	0
32030	4.18879	0
31969	4.18879	0
34166	4.18879	0
34103	4.18879	0
29958	4.18879	0
32090	4.18879	0
36177	4.18879	0
36175	4.18879	0
36299	4.18879	0
42336	4.18879	0
38310	4.18879	0
44531	4.18879	0
42520	4.18879	0
40448	4.18879	0
40327	4.18879	0
38252	4.18879	0
40385	4.18879	0
25513	4.18879	0
27586	4.18879	0
23499	4.18879	0
21364	4.18879	0
21485	4.18879	0
21422	4.18879	0
25631	4.18879	0
25572	4.18879	0
17218	4.18879	0
17278	4.18879	0
13131	4.18879	0
15081	4.18879	0
19349	4.18879	0
17215	4.18879	0
15202	4.18879	0
21425	4.18879	0
25509	4.18879	0
25388	4.18879	0
29596	4.18879	0
29597	4.18879	0
21298	4.18879	0
25508	4.18879	0
25385	4.18879	0
21239	4.18879	0
25387	4.18879	0
27402	4.18879	0
27340	4.18879	0
25450	4.18879	0
27280	4.18879	0
23133	4.18879	0
23193	4.18879	0
23195	4.18879	0
27641	4.18879	0
29836	4.18879	0
27825	4.18879	0
27700	4.18879	0
29897	4.18879	0
31909	4.18879	0
33985	4.18879	0
32031	4.18879	0
25813	4.18879	0
25691	4.18879	0
25693	4.18879	0
29839	4.18879	0
31973	4.18879	0
29962	4.18879	0
31914	4.18879	0
29778	4.18879	0
28013	4.18879	0
32161	4.18879	0
29966	4.18879	0
29904	4.18879	0
25815	4.18879	0
29964	4.18879	0
29841	4.18879	0
25695	4.18879	0
33867	4.18879	0
33930	4.18879	0
33989	4.18879	0
29719	4.18879	0
25571	4.18879	0
27707	4.18879	0
29780	4.18879	0
27768	4.18879	0
40578	4.18879	0
36308	4.18879	0
42530	4.18879	0
38384	4.18879	0
36247	4.18879	0
36188	4.18879	0
38199	4.18879	0
40334	4.18879	0
29903	4.18879	0
29901	4.18879	0
29781	4.18879	0
32037	4.18879	0
36184	4.18879	0
34171	4.18879	0
32099	4.18879	0
36610	4.18879	0
38562	4.18879	0
38685	4.18879	0
36489	4.18879	0
36614	4.18879	0
36612	4.18879	0
34538	4.18879	0
36491	4.18879	0
34355	4.18879	0
34357	4.18879	0
32221	4.18879	0
32404	4.18879	0
40517	4.18879	0
38506	4.18879	0
38383	4.18879	0
34234	4.18879	0
28255	4.18879	0
26119	4.18879	0
26240	4.18879	0
26178	4.18879	0
28253	4.18879	0
28194	4.18879	0
32403	4.18879	0
32281	4.18879	0
22034	4.18879	0
24048	4.18879	0
24170	4.18879	0
20023	4.18879	0
30269	4.18879	0
26183	4.18879	0
26061	4.18879	0
23986	4.18879	0
23866	4.18879	0
25938	4.18879	0
21790	4.18879	0
30086	4.18879	0
27889	4.18879	0
27953	4.18879	0
21667	4.18879	0
23863	4.18879	0
23740	4.18879	0
19715	4.18879	0
19717	4.18879	0
17582	4.18879	0
19654	4.18879	0
15568	4.18879	0
48571	4.18879	0
46498	4.18879	0
48633	4.18879	0
46557	4.18879	0
48690	4.18879	0
44482	4.18879	0
48568	4.18879	0
50644	4.18879	0
54735	4.18879	0
52599	4.18879	0
54794	4.18879	0
50585	4.18879	0
54792	4.18879	0
52657	4.18879	0
52659	4.18879	0
50645	4.18879	0
44723	4.18879	0
42651	4.18879	0
44665	4.18879	0
44603	4.18879	0
46801	4.18879	0
46861	4.18879	0
50949	4.18879	0
48692	4.18879	0
44606	4.18879	0
44483	4.18879	0
46739	4.18879	0
44545	4.18879	0
44608	4.18879	0
40398	4.18879	0
44486	4.18879	0
40279	4.18879	0
42293	4.18879	0
40156	4.18879	0
38084	4.18879	0
46502	4.18879	0
44306	4.18879	0
44426	4.18879	0
42474	4.18879	0
44488	4.18879	0
44485	4.18879	0
46681	4.18879	0
42476	4.18879	0
46624	4.18879	0
44671	4.18879	0
42599	4.18879	0
38450	4.18879	0
38573	4.18879	0
38510	4.18879	0
40584	4.18879	0
38447	4.18879	0
40643	4.18879	0
38631	4.18879	0
38386	4.18879	0
38507	4.18879	0
36311	4.18879	0
36375	4.18879	0
38325	4.18879	0
34179	4.18879	0
34177	4.18879	0
36011	4.18879	0
35889	4.18879	0
38026	4.18879	0
40098	4.18879	0
44248	4.18879	0
40099	4.18879	0
44185	4.18879	0
42294	4.18879	0
41927	4.18879	0
37841	4.18879	0
37718	4.18879	0
39916	4.18879	0
35767	4.18879	0
35887	4.18879	0
37839	4.18879	0
37963	4.18879	0
44058	4.18879	0
39911	4.18879	0
44060	4.18879	0
41865	4.18879	0
37775	4.18879	0
35823	4.18879	0
39909	4.18879	0
46197	4.18879	0
41988	4.18879	0
46075	4.18879	0
43999	4.18879	0
48208	4.18879	0
48087	4.18879	0
48145	4.18879	0
33755	4.18879	0
31741	4.18879	0
31618	4.18879	0
29546	4.18879	0
31682	4.18879	0
35951	4.18879	0
35831	4.18879	0
31805	4.18879	0
36133	4.18879	0
38025	4.18879	0
35890	4.18879	0
31921	4.18879	0
34117	4.18879	0
29968	4.18879	0
29971	4.18879	0
31922	4.18879	0
36255	4.18879	0
36376	4.18879	0
32046	4.18879	0
31986	4.18879	0
33998	4.18879	0
36196	4.18879	0
35768	4.18879	0
40161	4.18879	0
38027	4.18879	0
37846	4.18879	0
41992	4.18879	0
37783	4.18879	0
40041	4.18879	0
35832	4.18879	0
33818	4.18879	0
31623	4.18879	0
35830	4.18879	0
39854	4.18879	0
41930	4.18879	0
44002	4.18879	0
39978	4.18879	0
37721	4.18879	0
37661	4.18879	0
41869	4.18879	0
39733	4.18879	0
39798	4.18879	0
37662	4.18879	0
41871	4.18879	0
35710	4.18879	0
43885	4.18879	0
39674	4.18879	0
39677	4.18879	0
43763	4.18879	0
33694	4.18879	0
31619	4.18879	0
31560	4.18879	0
29543	4.18879	0
27592	4.18879	0
31680	4.18879	0
33691	4.18879	0
31679	4.18879	0
39853	4.18879	0
39976	4.18879	0
35765	4.18879	0
37900	4.18879	0
39912	4.18879	0
37959	4.18879	0
33811	4.18879	0
31800	4.18879	0
33751	4.18879	0
35948	4.18879	0
35885	4.18879	0
33809	4.18879	0
33932	4.18879	0
37956	4.18879	0
37957	4.18879	0
37894	4.18879	0
33747	4.18879	0
39908	4.18879	0
31256	4.18879	0
27231	4.18879	0
29184	4.18879	0
33393	4.18879	0
29305	4.18879	0
27354	4.18879	0
27291	4.18879	0
25157	4.18879	0
23083	4.18879	0
21008	4.18879	0
20886	4.18879	0
25217	4.18879	0
25094	4.18879	0
22958	4.18879	0
24971	4.18879	0
20885	4.18879	0
37476	4.18879	0
35463	4.18879	0
35403	4.18879	0
33266	4.18879	0
29118	4.18879	0
31131	4.18879	0
31194	4.18879	0
31252	4.18879	0
27224	4.18879	0
22954	4.18879	0
27103	4.18879	0
25030	4.18879	0
29119	4.18879	0
27166	4.18879	0
24969	4.18879	0
31192	4.18879	0
29491	4.18879	0
25343	4.18879	0
27538	4.18879	0
27355	4.18879	0
27475	4.18879	0
23326	4.18879	0
25341	4.18879	0
27353	4.18879	0
25215	4.18879	0
29364	4.18879	0
23142	4.18879	0
23205	4.18879	0
23265	4.18879	0
19117	4.18879	0
19237	4.18879	0
17103	4.18879	0
15027	4.18879	0
21251	4.18879	0
10880	4.18879	0
12893	4.18879	0
12956	4.18879	0
21252	4.18879	0
21191	4.18879	0
19180	4.18879	0
19177	4.18879	0
21128	4.18879	0
18994	4.18879	0
23081	4.18879	0
40169	4.18879	0
38156	4.18879	0
40167	4.18879	0
42304	4.18879	0
38034	4.18879	0
36020	4.18879	0
36083	4.18879	0
33825	4.18879	0
36024	4.18879	0
38221	4.18879	0
36145	4.18879	0
34013	4.18879	0
34010	4.18879	0
32057	4.18879	0
34008	4.18879	0
34133	4.18879	0
32177	4.18879	0
30041	4.18879	0
32054	4.18879	0
29921	4.18879	0
27785	4.18879	0
25713	4.18879	0
29922	4.18879	0
27908	4.18879	0
32120	4.18879	0
32182	4.18879	0
29925	4.18879	0
30045	4.18879	0
28093	4.18879	0
25897	4.18879	0
28030	4.18879	0
38393	4.18879	0
38456	4.18879	0
34247	4.18879	0
42543	4.18879	0
34189	4.18879	0
36323	4.18879	0
34186	4.18879	0
38274	4.18879	0
32110	4.18879	0
32172	4.18879	0
36319	4.18879	0
32112	4.18879	0
27963	4.18879	0
30159	4.18879	0
25950	4.18879	0
30100	4.18879	0
32175	4.18879	0
36263	4.18879	0
29980	4.18879	0
38397	4.18879	0
34310	4.18879	0
36570	4.18879	0
40657	4.18879	0
36510	4.18879	0
32420	4.18879	0
34374	4.18879	0
30036	4.18879	0
32233	4.18879	0
32174	4.18879	0
28086	4.18879	0
30037	4.18879	0
29915	4.18879	0
27900	4.18879	0
27842	4.18879	0
32292	4.18879	0
28084	4.18879	0
28143	4.18879	0
32353	4.18879	0
36380	4.18879	0
34245	4.18879	0
29977	4.18879	0
27904	4.18879	0
30099	4.18879	0
32114	4.18879	0
28027	4.18879	0
28025	4.18879	0
23878	4.18879	0
26073	4.18879	0
21682	4.18879	0
25830	4.18879	0
23758	4.18879	0
19546	4.18879	0
17473	4.18879	0
21742	4.18879	0
17594	4.18879	0
27960	4.18879	0
32108	4.18879	0
25824	4.18879	0
21674	4.18879	0
25945	4.18879	0
27958	4.18879	0
25705	4.18879	0
29794	4.18879	0
27841	4.18879	0
31989	4.18879	0
27838	4.18879	0
25827	4.18879	0
29914	4.18879	0
31863	4.18879	0
27654	4.18879	0
31740	4.18879	0
31861	4.18879	0
27715	4.18879	0
25703	4.18879	0
27656	4.18879	0
29852	4.18879	0
33872	4.18879	0
29723	4.18879	0
29664	4.18879	0
31860	4.18879	0
29847	4.18879	0
29908	4.18879	0
34056	4.18879	0
31923	4.18879	0
40537	4.18879	0
36328	4.18879	0
38524	4.18879	0
38522	4.18879	0
34435	4.18879	0
36511	4.18879	0
38583	4.18879	0
32485	4.18879	0
34681	4.18879	0
32606	4.18879	0
38767	4.18879	0
40780	4.18879	0
40779	4.18879	0
30346	4.18879	0
26136	4.18879	0
28332	4.18879	0
26138	4.18879	0
26015	4.18879	0
23943	4.18879	0
24063	4.18879	0
28091	4.18879	0
30289	4.18879	0
32423	4.18879	0
32300	4.18879	0
32364	4.18879	0
34313	4.18879	0
32362	4.18879	0
32360	4.18879	0
30164	4.18879	0
23824	4.18879	0
25958	4.18879	0
21810	4.18879	0
23821	4.18879	0
25900	4.18879	0
23886	4.18879	0
21753	4.18879	0
19734	4.18879	0
17721	4.18879	0
17599	4.18879	0
21748	4.18879	0
23699	4.18879	0
21624	4.18879	0
23820	4.18879	0
28147	4.18879	0
26014	4.18879	0
23938	4.18879	0
23877	4.18879	0
24002	4.18879	0
25954	4.18879	0
26077	4.18879	0
23939	4.18879	0
23882	4.18879	0
26018	4.18879	0
28029	4.18879	0
25833	4.18879	0
22240	4.18879	0
26448	4.18879	0
28401	4.18879	0
26385	4.18879	0
22242	4.18879	0
20228	4.18879	0
26450	4.18879	0
17848	4.18879	0
17911	4.18879	0
21997	4.18879	0
20044	4.18879	0
24190	4.18879	0
24069	4.18879	0
24192	4.18879	0
11870	4.18879	0
16077	4.18879	0
16018	4.18879	0
14065	4.18879	0
16141	4.18879	0
14006	4.18879	0
16203	4.18879	0
18155	4.18879	0
22426	4.18879	0
18218	4.18879	0
22305	4.18879	0
16083	4.18879	0
18156	4.18879	0
15959	4.18879	0
15962	4.18879	0
32487	4.18879	0
30353	4.18879	0
32366	4.18879	0
30290	4.18879	0
32486	4.18879	0
32546	4.18879	0
32609	4.18879	0
34623	4.18879	0
32547	4.18879	0
28459	4.18879	0
34558	4.18879	0
34618	4.18879	0
34616	4.18879	0
30596	4.18879	0
30475	4.18879	0
28524	4.18879	0
28399	4.18879	0
30415	4.18879	0
32549	4.18879	0
34563	4.18879	0
24254	4.18879	0
22058	4.18879	0
20108	4.18879	0
28340	4.18879	0
24194	4.18879	0
26146	4.18879	0
28403	4.18879	0
43036	4.18879	0
47183	4.18879	0
47123	4.18879	0
47246	4.18879	0
47243	4.18879	0
47365	4.18879	0
43157	4.18879	0
49380	4.18879	0
53530	4.18879	0
53408	4.18879	0
49320	4.18879	0
53467	4.18879	0
55539	4.18879	0
51331	4.18879	0
55418	4.18879	0
55602	4.18879	0
57554	4.18879	0
59749	4.18879	0
57552	4.18879	0
61701	4.18879	0
59567	4.18879	0
57495	4.18879	0
55480	4.18879	0
55484	4.18879	0
53347	4.18879	0
55361	4.18879	0
57557	4.18879	0
61706	4.18879	0
59572	4.18879	0
59754	4.18879	0
45046	4.18879	0
44925	4.18879	0
49133	4.18879	0
49131	4.18879	0
42914	4.18879	0
40899	4.18879	0
47121	4.18879	0
44922	4.18879	0
49069	4.18879	0
49132	4.18879	0
48949	4.18879	0
48889	4.18879	0
48827	4.18879	0
44802	4.18879	0
40900	4.18879	0
43097	4.18879	0
42976	4.18879	0
45047	4.18879	0
42911	4.18879	0
43034	4.18879	0
44986	4.18879	0
45112	4.18879	0
44989	4.18879	0
42978	4.18879	0
40841	4.18879	0
40781	4.18879	0
38705	4.18879	0
36693	4.18879	0
38829	4.18879	0
42860	4.18879	0
38773	4.18879	0
38710	4.18879	0
42982	4.18879	0
45117	4.18879	0
45055	4.18879	0
43103	4.18879	0
42980	4.18879	0
43102	4.18879	0
43040	4.18879	0
41025	4.18879	0
45235	4.18879	0
43225	4.18879	0
43223	4.18879	0
36820	4.18879	0
40846	4.18879	0
36697	4.18879	0
36818	4.18879	0
36822	4.18879	0
40909	4.18879	0
36699	4.18879	0
34627	4.18879	0
32367	4.18879	0
32488	4.18879	0
30416	4.18879	0
30352	4.18879	0
34561	4.18879	0
49079	4.18879	0
51214	4.18879	0
49142	4.18879	0
47128	4.18879	0
49021	4.18879	0
53230	4.18879	0
49144	4.18879	0
49080	4.18879	0
40844	4.18879	0
38893	4.18879	0
44994	4.18879	0
44871	4.18879	0
42918	4.18879	0
47005	4.18879	0
55245	4.18879	0
55182	4.18879	0
57196	4.18879	0
50974	4.18879	0
55244	4.18879	0
53293	4.18879	0
53233	4.18879	0
57381	4.18879	0
53229	4.18879	0
53292	4.18879	0
49143	4.18879	0
51095	4.18879	0
49264	4.18879	0
53352	4.18879	0
49267	4.18879	0
51401	4.18879	0
46766	4.18879	0
48717	4.18879	0
46583	4.18879	0
42557	4.18879	0
48595	4.18879	0
48597	4.18879	0
46645	4.18879	0
52807	4.18879	0
53048	4.18879	0
50912	4.18879	0
48840	4.18879	0
52926	4.18879	0
46826	4.18879	0
48837	4.18879	0
48778	4.18879	0
44751	4.18879	0
42682	4.18879	0
38594	4.18879	0
42803	4.18879	0
38532	4.18879	0
38652	4.18879	0
40727	4.18879	0
36580	4.18879	0
40604	4.18879	0
42615	4.18879	0
44812	4.18879	0
46824	4.18879	0
44748	4.18879	0
40482	4.18879	0
42618	4.18879	0
44752	4.18879	0
38349	4.18879	0
34201	4.18879	0
36153	4.18879	0
34142	4.18879	0
38470	4.18879	0
36334	4.18879	0
38227	4.18879	0
38229	4.18879	0
34019	4.18879	0
38167	4.18879	0
38045	4.18879	0
42193	4.18879	0
38104	4.18879	0
36280	4.18879	0
36342	4.18879	0
34328	4.18879	0
38414	4.18879	0
30055	4.18879	0
32192	4.18879	0
32070	4.18879	0
36278	4.18879	0
36522	4.18879	0
38473	4.18879	0
36398	4.18879	0
38536	4.18879	0
40488	4.18879	0
40486	4.18879	0
44635	4.18879	0
49018	4.18879	0
48897	4.18879	0
46821	4.18879	0
49020	4.18879	0
50973	4.18879	0
46887	4.18879	0
54939	4.18879	0
52988	4.18879	0
52987	4.18879	0
50911	4.18879	0
48899	4.18879	0
48776	4.18879	0
46765	4.18879	0
59207	4.18879	0
55120	4.18879	0
57135	4.18879	0
59328	4.18879	0
59326	4.18879	0
61279	4.18879	0
63475	4.18879	0
57193	4.18879	0
52923	4.18879	0
54937	4.18879	0
57010	4.18879	0
54814	4.18879	0
56952	4.18879	0
59148	4.18879	0
59085	4.18879	0
57073	4.18879	0
57320	4.18879	0
59334	4.18879	0
59272	4.18879	0
55187	4.18879	0
51037	4.18879	0
53171	4.18879	0
53050	4.18879	0
53052	4.18879	0
61283	4.18879	0
63358	4.18879	0
61346	4.18879	0
63478	4.18879	0
59395	4.18879	0
61347	4.18879	0
59332	4.18879	0
63482	4.18879	0
59155	4.18879	0
57079	4.18879	0
61166	4.18879	0
57020	4.18879	0
57138	4.18879	0
61226	4.18879	0
59214	4.18879	0
59091	4.18879	0
50795	4.18879	0
48842	4.18879	0
52929	4.18879	0
48783	4.18879	0
52809	4.18879	0
54945	4.18879	0
50736	4.18879	0
54943	4.18879	0
25721	4.18879	0
23709	4.18879	0
27917	4.18879	0
27858	4.18879	0
25903	4.18879	0
27915	4.18879	0
28039	4.18879	0
25843	4.18879	0
23644	4.18879	0
25656	4.18879	0
25719	4.18879	0
27853	4.18879	0
29806	4.18879	0
29868	4.18879	0
27672	4.18879	0
31881	4.18879	0
30234	4.18879	0
28158	4.18879	0
32246	4.18879	0
30356	4.18879	0
36393	4.18879	0
32185	4.18879	0
36456	4.18879	0
31999	4.18879	0
34195	4.18879	0
32123	4.18879	0
36271	4.18879	0
32002	4.18879	0
27976	4.18879	0
32186	4.18879	0
21758	4.18879	0
25844	4.18879	0
23891	4.18879	0
23768	4.18879	0
28038	4.18879	0
27978	4.18879	0
25904	4.18879	0
30174	4.18879	0
23896	4.18879	0
21821	4.18879	0
25908	4.18879	0
23773	4.18879	0
23832	4.18879	0
19623	4.18879	0
19746	4.18879	0
19744	4.18879	0
25850	4.18879	0
27861	4.18879	0
23835	4.18879	0
23653	4.18879	0
23774	4.18879	0
23833	4.18879	0
25969	4.18879	0
30056	4.18879	0
29996	4.18879	0
32132	4.18879	0
27924	4.18879	0
28044	4.18879	0
32194	4.18879	0
36340	4.18879	0
32191	4.18879	0
36281	4.18879	0
44637	4.18879	0
44699	4.18879	0
46651	4.18879	0
46772	4.18879	0
42623	4.18879	0
40673	4.18879	0
44760	4.18879	0
40552	4.18879	0
34329	4.18879	0
34209	4.18879	0
38355	4.18879	0
38479	4.18879	0
40367	4.18879	0
40490	4.18879	0
40369	4.18879	0
46891	4.18879	0
46832	4.18879	0
44695	4.18879	0
42743	4.18879	0
42683	4.18879	0
40670	4.18879	0
42806	4.18879	0
40487	4.18879	0
38350	4.18879	0
42499	4.18879	0
42558	4.18879	0
36397	4.18879	0
40546	4.18879	0
38531	4.18879	0
40668	4.18879	0
40847	4.18879	0
44995	4.18879	0
42862	4.18879	0
40969	4.18879	0
38833	4.18879	0
40845	4.18879	0
38709	4.18879	0
40725	4.18879	0
42677	4.18879	0
40666	4.18879	0
44873	4.18879	0
36579	4.18879	0
38715	4.18879	0
36516	4.18879	0
38407	4.18879	0
40545	4.18879	0
36399	4.18879	0
40483	4.18879	0
46830	4.18879	0
42622	4.18879	0
42559	4.18879	0
40547	4.18879	0
38533	4.18879	0
38535	4.18879	0
42742	4.18879	0
44705	4.18879	0
40617	4.18879	0
40558	4.18879	0
40680	4.18879	0
46964	4.18879	0
42815	4.18879	0
44827	4.18879	0
44768	4.18879	0
42508	4.18879	0
42567	4.18879	0
44643	4.18879	0
38421	4.18879	0
40678	4.18879	0
38541	4.18879	0
40676	4.18879	0
42628	4.18879	0
34333	4.18879	0
32320	4.18879	0
34331	4.18879	0
36528	4.18879	0
38604	4.18879	0
38481	4.18879	0
34396	4.18879	0
40618	4.18879	0
34457	4.18879	0
30308	4.18879	0
30310	4.18879	0
26160	4.18879	0
30368	4.18879	0
30309	4.18879	0
28356	4.18879	0
31900	4.18879	0
33912	4.18879	0
33914	4.18879	0
34034	4.18879	0
38120	4.18879	0
36106	4.18879	0
33911	4.18879	0
38182	4.18879	0
38060	4.18879	0
40256	4.18879	0
42329	4.18879	0
42391	4.18879	0
42389	4.18879	0
40377	4.18879	0
44585	4.18879	0
30189	4.18879	0
32140	4.18879	0
30187	4.18879	0
30065	4.18879	0
36288	4.18879	0
38422	4.18879	0
34274	4.18879	0
34336	4.18879	0
34214	4.18879	0
36290	4.18879	0
38424	4.18879	0
36167	4.18879	0
40499	4.18879	0
42451	4.18879	0
40378	4.18879	0
40436	4.18879	0
34154	4.18879	0
36165	4.18879	0
32018	4.18879	0
32139	4.18879	0
32016	4.18879	0
31895	4.18879	0
33967	4.18879	0
36164	4.18879	0
34211	4.18879	0
34151	4.18879	0
36163	4.18879	0
30002	4.18879	0
32198	4.18879	0
32135	4.18879	0
36406	4.18879	0
32319	4.18879	0
34027	4.18879	0
36162	4.18879	0
36160	4.18879	0
34150	4.18879	0
34208	4.18879	0
38295	4.18879	0
44456	4.18879	0
40368	4.18879	0
42319	4.18879	0
42260	4.18879	0
42442	4.18879	0
40491	4.18879	0
40428	4.18879	0
34203	4.18879	0
34144	4.18879	0
38353	4.18879	0
32069	4.18879	0
29935	4.18879	0
31948	4.18879	0
29933	4.18879	0
29871	4.18879	0
34080	4.18879	0
29993	4.18879	0
27860	4.18879	0
29930	4.18879	0
25781	4.18879	0
30052	4.18879	0
27857	4.18879	0
36101	4.18879	0
34088	4.18879	0
36161	4.18879	0
32013	4.18879	0
31951	4.18879	0
31949	4.18879	0
34146	4.18879	0
36037	4.18879	0
36158	4.18879	0
36159	4.18879	0
34023	4.18879	0
33961	4.18879	0
31947	4.18879	0
31885	4.18879	0
36156	4.18879	0
18951	4.18879	0
14802	4.18879	0
16817	4.18879	0
12791	4.18879	0
16815	4.18879	0
20963	4.18879	0
18887	4.18879	0
19011	4.18879	0
10716	4.18879	0
10594	4.18879	0
6507	4.18879	0
6444	4.18879	0
10717	4.18879	0
10596	4.18879	0
14805	4.18879	0
14742	4.18879	0
23161	4.18879	0
25357	4.18879	0
27309	4.18879	0
23160	4.18879	0
25172	4.18879	0
23220	4.18879	0
23157	4.18879	0
25292	4.18879	0
16996	4.18879	0
21143	4.18879	0
19010	4.18879	0
21267	4.18879	0
14863	4.18879	0
18889	4.18879	0
16880	4.18879	0
16821	4.18879	0
20907	4.18879	0
14685	4.18879	0
12670	4.18879	0
12732	4.18879	0
16881	4.18879	0
21272	4.18879	0
21150	4.18879	0
17063	4.18879	0
17064	4.18879	0
16940	4.18879	0
19012	4.18879	0
21148	4.18879	0
14926	4.18879	0
12796	4.18879	0
14932	4.18879	0
12799	4.18879	0
16885	4.18879	0
17006	4.18879	0
15055	4.18879	0
15053	4.18879	0
19203	4.18879	0
8649	4.18879	0
6634	4.18879	0
10782	4.18879	0
6512	4.18879	0
12918	4.18879	0
8648	4.18879	0
14929	4.18879	0
8699	4.18879	0
8761	4.18879	0
4552	4.18879	0
8640	4.18879	0
8881	4.18879	0
8883	4.18879	0
4673	4.18879	0
12969	4.18879	0
2779	4.18879	0
2659	4.18879	0
2657	4.18879	0
4671	4.18879	0
6683	4.18879	0
8819	4.18879	0
6804	4.18879	0
6685	4.18879	0
4920	4.18879	0
2845	4.18879	0
772	4.18879	0
710	4.18879	0
4799	4.18879	0
2724	4.18879	0
4738	4.18879	0
591	4.18879	0
6871	4.18879	0
8886	4.18879	0
9007	4.18879	0
10958	4.18879	0
6688	4.18879	0
6750	4.18879	0
8822	4.18879	0
10837	4.18879	0
15167	4.18879	0
17242	4.18879	0
19254	4.18879	0
12971	4.18879	0
11019	4.18879	0
13092	4.18879	0
11017	4.18879	0
11022	4.18879	0
11143	4.18879	0
15232	4.18879	0
13034	4.18879	0
10900	4.18879	0
15109	4.18879	0
15047	4.18879	0
12976	4.18879	0
15352	4.18879	0
15475	4.18879	0
13341	4.18879	0
17427	4.18879	0
13523	4.18879	0
13401	4.18879	0
15535	4.18879	0
15538	4.18879	0
17485	4.18879	0
15413	4.18879	0
15290	4.18879	0
17548	4.18879	0
15168	4.18879	0
19316	4.18879	0
17364	4.18879	0
15288	4.18879	0
27565	4.18879	0
27686	4.18879	0
25492	4.18879	0
31774	4.18879	0
27629	4.18879	0
25432	4.18879	0
29640	4.18879	0
23481	4.18879	0
35863	4.18879	0
38059	4.18879	0
31776	4.18879	0
38057	4.18879	0
31837	4.18879	0
29702	4.18879	0
31778	4.18879	0
33790	4.18879	0
32017	4.18879	0
27808	4.18879	0
29821	4.18879	0
31955	4.18879	0
33968	4.18879	0
33905	4.18879	0
29759	4.18879	0
33846	4.18879	0
23536	4.18879	0
23657	4.18879	0
27744	4.18879	0
25548	4.18879	0
25674	4.18879	0
25551	4.18879	0
25672	4.18879	0
21585	4.18879	0
27740	4.18879	0
25668	4.18879	0
21519	4.18879	0
27619	4.18879	0
23718	4.18879	0
21581	4.18879	0
21461	4.18879	0
27683	4.18879	0
25487	4.18879	0
25485	4.18879	0
29634	4.18879	0
25550	4.18879	0
23416	4.18879	0
25488	4.18879	0
29329	4.18879	0
25304	4.18879	0
27376	4.18879	0
31525	4.18879	0
25178	4.18879	0
25300	4.18879	0
25241	4.18879	0
29327	4.18879	0
21338	4.18879	0
23349	4.18879	0
25363	4.18879	0
27439	4.18879	0
29572	4.18879	0
29636	4.18879	0
19261	4.18879	0
15114	4.18879	0
17126	4.18879	0
15112	4.18879	0
21457	4.18879	0
17371	4.18879	0
19385	4.18879	0
19262	4.18879	0
19140	4.18879	0
21337	4.18879	0
23409	4.18879	0
23285	4.18879	0
23407	4.18879	0
23348	4.18879	0
27495	4.18879	0
23283	4.18879	0
27492	4.18879	0
25358	4.18879	0
25235	4.18879	0
27433	4.18879	0
29567	4.18879	0
25480	4.18879	0
29690	4.18879	0
27678	4.18879	0
25543	4.18879	0
25602	4.18879	0
29630	4.18879	0
33841	4.18879	0
33839	4.18879	0
29631	4.18879	0
29753	4.18879	0
8708	4.18879	0
8710	4.18879	0
8587	4.18879	0
14931	4.18879	0
12734	4.18879	0
16945	4.18879	0
14934	4.18879	0
14809	4.18879	0
12861	4.18879	0
16947	4.18879	0
12738	4.18879	0
10847	4.18879	0
21089	4.18879	0
19076	4.18879	0
19017	4.18879	0
23286	4.18879	0
19074	4.18879	0
19197	4.18879	0
14987	4.18879	0
18833	4.18879	0
18954	4.18879	0
20968	4.18879	0
16822	4.18879	0
21153	4.18879	0
21031	4.18879	0
16944	4.18879	0
