1
1034.63
4333
24 19 17
1
4646	4.18879	0
4985	4.18879	0
4952	4.18879	0
4951	4.18879	0
4954	4.18879	0
4989	4.18879	0
4970	4.18879	0
5617	4.18879	0
4327	4.18879	0
4039	4.18879	0
4020	4.18879	0
4651	4.18879	0
4972	4.18879	0
4937	4.18879	0
4292	4.18879	0
4957	4.18879	0
4600	4.18879	0
4922	4.18879	0
4565	4.18879	0
5264	4.18879	0
4956	4.18879	0
4614	4.18879	0
5277	4.18879	0
5212	4.18879	0
5552	4.18879	0
4904	4.18879	0
5518	4.18879	0
5516	4.18879	0
5175	4.18879	0
4854	4.18879	0
5209	4.18879	0
4687	4.18879	0
4041	4.18879	0
4668	4.18879	0
5025	4.18879	0
4005	4.18879	0
4329	4.18879	0
3971	4.18879	0
3327	4.18879	0
3972	4.18879	0
3633	4.18879	0
2986	4.18879	0
3989	4.18879	0
4311	4.18879	0
4619	4.18879	0
3954	4.18879	0
2796	4.18879	0
3103	4.18879	0
3441	4.18879	0
3085	4.18879	0
3749	4.18879	0
3391	4.18879	0
3393	4.18879	0
3395	4.18879	0
3429	4.18879	0
3107	4.18879	0
3720	4.18879	0
3717	4.18879	0
3734	4.18879	0
4056	4.18879	0
4024	4.18879	0
3121	4.18879	0
2491	4.18879	0
3136	4.18879	0
3156	4.18879	0
4105	4.18879	0
3764	4.18879	0
3460	4.18879	0
4394	4.18879	0
4429	4.18879	0
3783	4.18879	0
3750	4.18879	0
4379	4.18879	0
4684	4.18879	0
4717	4.18879	0
4054	4.18879	0
5382	4.18879	0
5724	4.18879	0
5061	4.18879	0
4754	4.18879	0
4720	4.18879	0
4432	4.18879	0
4756	4.18879	0
4399	4.18879	0
5721	4.18879	0
5075	4.18879	0
5057	4.18879	0
5414	4.18879	0
5669	4.18879	0
5363	4.18879	0
5365	4.18879	0
5023	4.18879	0
5431	4.18879	0
5107	4.18879	0
5464	4.18879	0
6094	4.18879	0
5108	4.18879	0
5398	4.18879	0
5093	4.18879	0
4752	4.18879	0
5755	4.18879	0
5789	4.18879	0
6436	4.18879	0
5788	4.18879	0
6437	4.18879	0
5774	4.18879	0
6421	4.18879	0
6742	4.18879	0
6661	4.18879	0
7018	4.18879	0
7323	4.18879	0
7017	4.18879	0
6388	4.18879	0
6353	4.18879	0
6677	4.18879	0
5725	4.18879	0
6405	4.18879	0
6063	4.18879	0
6048	4.18879	0
6692	4.18879	0
5416	4.18879	0
5452	4.18879	0
3418	4.18879	0
3383	4.18879	0
3706	4.18879	0
4031	4.18879	0
3420	4.18879	0
3728	4.18879	0
4049	4.18879	0
3708	4.18879	0
4285	4.18879	0
4303	4.18879	0
3623	4.18879	0
3656	4.18879	0
3690	4.18879	0
3657	4.18879	0
3044	4.18879	0
3029	4.18879	0
2349	4.18879	0
2367	4.18879	0
2365	4.18879	0
2671	4.18879	0
2725	4.18879	0
2723	4.18879	0
2385	4.18879	0
3354	4.18879	0
2710	4.18879	0
3067	4.18879	0
3356	4.18879	0
3358	4.18879	0
2420	4.18879	0
3066	4.18879	0
2709	4.18879	0
2741	4.18879	0
1451	4.18879	0
1418	4.18879	0
1130	4.18879	0
1094	4.18879	0
772	4.18879	0
468	4.18879	0
1079	4.18879	0
127	4.18879	0
1416	4.18879	0
1074	4.18879	0
1076	4.18879	0
769	4.18879	0
1108	4.18879	0
479	4.18879	0
820	4.18879	0
804	4.18879	0
2012	4.18879	0
1705	4.18879	0
2046	4.18879	0
2333	4.18879	0
1736	4.18879	0
1702	4.18879	0
1704	4.18879	0
1363	4.18879	0
2059	4.18879	0
1737	4.18879	0
2077	4.18879	0
2706	4.18879	0
2401	4.18879	0
2436	4.18879	0
2434	4.18879	0
3063	4.18879	0
2865	4.18879	0
2235	4.18879	0
2880	4.18879	0
2524	4.18879	0
2183	4.18879	0
2198	4.18879	0
2845	4.18879	0
1893	4.18879	0
1845	4.18879	0
2185	4.18879	0
2473	4.18879	0
1523	4.18879	0
876	4.18879	0
1233	4.18879	0
1862	4.18879	0
3086	4.18879	0
2458	4.18879	0
2799	4.18879	0
3088	4.18879	0
2115	4.18879	0
2745	4.18879	0
2779	4.18879	0
2117	4.18879	0
1778	4.18879	0
1489	4.18879	0
1814	4.18879	0
1780	4.18879	0
1828	4.18879	0
1504	4.18879	0
1200	4.18879	0
1795	4.18879	0
503	4.18879	0
522	4.18879	0
1167	4.18879	0
810	4.18879	0
1131	4.18879	0
1437	4.18879	0
1456	4.18879	0
2133	4.18879	0
1469	4.18879	0
2098	4.18879	0
1794	4.18879	0
1454	4.18879	0
1758	4.18879	0
1129	4.18879	0
1097	4.18879	0
2122	4.18879	0
1475	4.18879	0
1442	4.18879	0
1478	4.18879	0
457	4.18879	0
1137	4.18879	0
1101	4.18879	0
812	4.18879	0
1389	4.18879	0
744	4.18879	0
1051	4.18879	0
1116	4.18879	0
436	4.18879	0
1423	4.18879	0
1081	4.18879	0
53	1	1
54	1	1
56	1	1
57	1	1
58	1	1
59	1	1
61	1	1
62	1	1
63	1	1
64	1	1
70	1	1
71	1	1
72	1	1
73	1	1
74	1	1
75	1	1
76	1	1
77	1	1
78	1	1
79	1	1
80	1	1
81	1	1
88	1	1
89	1	1
91	1	1
92	1	1
93	1	1
94	1	1
96	1	1
97	1	1
98	1	1
99	1	1
106	1	1
107	1	1
108	1	1
109	1	1
110	1	1
111	1	1
112	1	1
113	1	1
114	1	1
115	1	1
116	1	1
123	1	1
124	1	1
125	1	1
126	1	1
128	1	1
129	1	1
130	1	1
131	1	1
138	1	1
139	1	1
141	1	1
142	1	1
143	1	1
144	1	1
145	1	1
146	1	1
147	1	1
148	1	1
149	1	1
150	1	1
155	1	1
156	1	1
157	1	1
158	1	1
159	1	1
160	1	1
161	1	1
162	1	1
163	1	1
164	1	1
165	1	1
166	1	1
167	1	1
173	1	1
174	1	1
176	1	1
177	1	1
178	1	1
179	1	1
181	1	1
182	1	1
183	1	1
184	1	1
191	1	1
192	1	1
193	1	1
194	1	1
195	1	1
196	1	1
197	1	1
198	1	1
199	1	1
200	1	1
201	1	1
208	1	1
209	1	1
210	1	1
211	1	1
213	1	1
214	1	1
215	1	1
216	1	1
229	1	1
230	1	1
234	1	1
235	1	1
246	1	1
247	1	1
251	1	1
252	1	1
366	1	1
367	1	1
371	1	1
372	1	1
376	1	1
377	1	1
379	1	1
380	1	1
381	1	1
382	1	1
383	1	1
384	1	1
385	1	1
386	1	1
387	1	1
388	1	1
389	1	1
393	1	1
394	1	1
395	1	1
396	1	1
397	1	1
398	1	1
399	1	1
400	1	1
401	1	1
402	1	1
403	1	1
404	1	1
405	1	1
406	1	1
410	1	1
411	1	1
412	1	1
413	1	1
414	1	1
415	1	1
416	1	1
417	1	1
418	1	1
419	1	1
420	1	1
421	1	1
422	1	1
423	1	1
428	1	1
429	1	1
430	1	1
431	1	1
432	1	1
433	1	1
434	1	1
435	1	1
437	1	1
438	1	1
439	1	1
445	1	1
446	1	1
447	1	1
448	1	1
449	1	1
450	1	1
451	1	1
452	1	1
453	1	1
454	1	1
455	1	1
456	1	1
458	1	1
461	1	1
462	1	1
463	1	1
464	1	1
465	1	1
466	1	1
467	1	1
469	1	1
470	1	1
471	1	1
472	1	1
473	1	1
474	1	1
475	1	1
478	1	1
480	1	1
481	1	1
482	1	1
483	1	1
484	1	1
485	1	1
486	1	1
487	1	1
488	1	1
489	1	1
490	1	1
491	1	1
495	1	1
496	1	1
497	1	1
498	1	1
499	1	1
500	1	1
501	1	1
502	1	1
504	1	1
505	1	1
506	1	1
507	1	1
508	1	1
513	1	1
514	1	1
515	1	1
516	1	1
517	1	1
518	1	1
519	1	1
520	1	1
521	1	1
523	1	1
524	1	1
530	1	1
531	1	1
532	1	1
533	1	1
534	1	1
535	1	1
536	1	1
537	1	1
538	1	1
539	1	1
540	1	1
541	1	1
542	1	1
543	1	1
548	1	1
549	1	1
551	1	1
552	1	1
553	1	1
554	1	1
555	1	1
556	1	1
557	1	1
558	1	1
559	1	1
560	1	1
566	1	1
567	1	1
568	1	1
569	1	1
570	1	1
571	1	1
572	1	1
573	1	1
574	1	1
575	1	1
583	1	1
584	1	1
585	1	1
586	1	1
588	1	1
589	1	1
590	1	1
591	1	1
602	1	1
603	1	1
607	1	1
608	1	1
681	1	1
682	1	1
683	1	1
686	1	1
687	1	1
688	1	1
689	1	1
690	1	1
694	1	1
695	1	1
698	1	1
699	1	1
700	1	1
703	1	1
704	1	1
705	1	1
706	1	1
707	1	1
711	1	1
712	1	1
713	1	1
714	1	1
715	1	1
716	1	1
717	1	1
718	1	1
719	1	1
720	1	1
721	1	1
722	1	1
723	1	1
724	1	1
728	1	1
729	1	1
730	1	1
731	1	1
732	1	1
733	1	1
734	1	1
735	1	1
736	1	1
737	1	1
738	1	1
739	1	1
740	1	1
741	1	1
742	1	1
743	1	1
745	1	1
746	1	1
751	1	1
752	1	1
753	1	1
754	1	1
755	1	1
756	1	1
757	1	1
758	1	1
759	1	1
760	1	1
761	1	1
762	1	1
763	1	1
766	1	1
767	1	1
768	1	1
770	1	1
771	1	1
773	1	1
774	1	1
775	1	1
776	1	1
777	1	1
778	1	1
779	1	1
780	1	1
781	1	1
783	1	1
784	1	1
785	1	1
786	1	1
787	1	1
788	1	1
789	1	1
790	1	1
791	1	1
792	1	1
793	1	1
794	1	1
795	1	1
796	1	1
797	1	1
798	1	1
799	1	1
800	1	1
801	1	1
802	1	1
803	1	1
805	1	1
806	1	1
807	1	1
808	1	1
809	1	1
811	1	1
813	1	1
814	1	1
815	1	1
816	1	1
817	1	1
818	1	1
819	1	1
821	1	1
822	1	1
823	1	1
824	1	1
825	1	1
826	1	1
827	1	1
828	1	1
829	1	1
830	1	1
831	1	1
836	1	1
837	1	1
838	1	1
839	1	1
840	1	1
841	1	1
842	1	1
843	1	1
844	1	1
845	1	1
846	1	1
847	1	1
848	1	1
853	1	1
854	1	1
855	1	1
856	1	1
857	1	1
858	1	1
859	1	1
860	1	1
861	1	1
862	1	1
863	1	1
864	1	1
865	1	1
866	1	1
871	1	1
872	1	1
873	1	1
874	1	1
875	1	1
877	1	1
878	1	1
879	1	1
880	1	1
881	1	1
882	1	1
883	1	1
889	1	1
890	1	1
891	1	1
892	1	1
893	1	1
894	1	1
895	1	1
896	1	1
897	1	1
898	1	1
899	1	1
906	1	1
907	1	1
908	1	1
909	1	1
911	1	1
912	1	1
913	1	1
914	1	1
924	1	1
925	1	1
926	1	1
929	1	1
930	1	1
931	1	1
941	1	1
942	1	1
946	1	1
947	1	1
989	1	1
990	1	1
994	1	1
995	1	1
1004	1	1
1005	1	1
1006	1	1
1007	1	1
1009	1	1
1010	1	1
1011	1	1
1012	1	1
1021	1	1
1022	1	1
1023	1	1
1024	1	1
1026	1	1
1027	1	1
1028	1	1
1029	1	1
1036	1	1
1037	1	1
1038	1	1
1040	1	1
1041	1	1
1042	1	1
1043	1	1
1045	1	1
1046	1	1
1053	1	1
1054	1	1
1055	1	1
1058	1	1
1059	1	1
1060	1	1
1063	1	1
1064	1	1
1071	1	1
1072	1	1
1075	1	1
1077	1	1
1078	1	1
1080	1	1
1083	1	1
1084	1	1
1085	1	1
1086	1	1
1089	1	1
1090	1	1
1091	1	1
1092	1	1
1093	1	1
1095	1	1
1096	1	1
1098	1	1
1099	1	1
1100	1	1
1102	1	1
1103	1	1
1104	1	1
1105	1	1
1106	1	1
1107	1	1
1109	1	1
1110	1	1
1111	1	1
1112	1	1
1113	1	1
1114	1	1
1115	1	1
1117	1	1
1118	1	1
1119	1	1
1120	1	1
1121	1	1
1122	1	1
1123	1	1
1125	1	1
1126	1	1
1127	1	1
1128	1	1
1132	1	1
1133	1	1
1134	1	1
1136	1	1
1138	1	1
1139	1	1
1140	1	1
1143	1	1
1144	1	1
1145	1	1
1146	1	1
1148	1	1
1149	1	1
1150	1	1
1151	1	1
1156	1	1
1157	1	1
1160	1	1
1161	1	1
1162	1	1
1163	1	1
1164	1	1
1165	1	1
1166	1	1
1168	1	1
1169	1	1
1170	1	1
1171	1	1
1175	1	1
1176	1	1
1177	1	1
1178	1	1
1179	1	1
1180	1	1
1181	1	1
1182	1	1
1183	1	1
1184	1	1
1185	1	1
1186	1	1
1187	1	1
1188	1	1
1189	1	1
1190	1	1
1192	1	1
1193	1	1
1194	1	1
1195	1	1
1196	1	1
1197	1	1
1198	1	1
1199	1	1
1201	1	1
1202	1	1
1203	1	1
1204	1	1
1205	1	1
1206	1	1
1207	1	1
1212	1	1
1213	1	1
1214	1	1
1216	1	1
1217	1	1
1218	1	1
1219	1	1
1221	1	1
1222	1	1
1230	1	1
1231	1	1
1235	1	1
1236	1	1
1245	1	1
1246	1	1
1247	1	1
1248	1	1
1250	1	1
1251	1	1
1252	1	1
1253	1	1
1260	1	1
1261	1	1
1262	1	1
1263	1	1
1264	1	1
1265	1	1
1266	1	1
1267	1	1
1268	1	1
1269	1	1
1270	1	1
1277	1	1
1278	1	1
1282	1	1
1283	1	1
1310	1	1
1311	1	1
1312	1	1
1313	1	1
1315	1	1
1316	1	1
1317	1	1
1318	1	1
1326	1	1
1327	1	1
1328	1	1
1329	1	1
1330	1	1
1331	1	1
1332	1	1
1333	1	1
1334	1	1
1335	1	1
1342	1	1
1343	1	1
1344	1	1
1345	1	1
1346	1	1
1347	1	1
1348	1	1
1349	1	1
1350	1	1
1351	1	1
1352	1	1
1359	1	1
1360	1	1
1361	1	1
1362	1	1
1364	1	1
1365	1	1
1366	1	1
1367	1	1
1368	1	1
1369	1	1
1376	1	1
1377	1	1
1378	1	1
1379	1	1
1380	1	1
1381	1	1
1382	1	1
1383	1	1
1384	1	1
1385	1	1
1394	1	1
1395	1	1
1396	1	1
1397	1	1
1398	1	1
1399	1	1
1400	1	1
1401	1	1
1402	1	1
1403	1	1
1404	1	1
1411	1	1
1412	1	1
1413	1	1
1414	1	1
1415	1	1
1417	1	1
1419	1	1
1420	1	1
1421	1	1
1422	1	1
1427	1	1
1428	1	1
1429	1	1
1430	1	1
1431	1	1
1432	1	1
1433	1	1
1434	1	1
1435	1	1
1436	1	1
1438	1	1
1439	1	1
1440	1	1
1441	1	1
1444	1	1
1445	1	1
1446	1	1
1447	1	1
1448	1	1
1449	1	1
1450	1	1
1452	1	1
1453	1	1
1455	1	1
1457	1	1
1458	1	1
1461	1	1
1462	1	1
1463	1	1
1464	1	1
1465	1	1
1466	1	1
1467	1	1
1468	1	1
1470	1	1
1472	1	1
1473	1	1
1474	1	1
1479	1	1
1480	1	1
1481	1	1
1482	1	1
1483	1	1
1484	1	1
1485	1	1
1486	1	1
1487	1	1
1488	1	1
1490	1	1
1491	1	1
1496	1	1
1497	1	1
1498	1	1
1499	1	1
1500	1	1
1501	1	1
1502	1	1
1503	1	1
1505	1	1
1506	1	1
1507	1	1
1508	1	1
1512	1	1
1513	1	1
1514	1	1
1515	1	1
1516	1	1
1517	1	1
1518	1	1
1519	1	1
1520	1	1
1521	1	1
1522	1	1
1524	1	1
1525	1	1
1526	1	1
1529	1	1
1530	1	1
1535	1	1
1536	1	1
1537	1	1
1538	1	1
1540	1	1
1541	1	1
1542	1	1
1543	1	1
1552	1	1
1553	1	1
1554	1	1
1557	1	1
1558	1	1
1559	1	1
1568	1	1
1569	1	1
1570	1	1
1571	1	1
1573	1	1
1574	1	1
1575	1	1
1576	1	1
1583	1	1
1584	1	1
1585	1	1
1586	1	1
1587	1	1
1588	1	1
1589	1	1
1590	1	1
1591	1	1
1592	1	1
1593	1	1
1600	1	1
1601	1	1
1603	1	1
1604	1	1
1605	1	1
1606	1	1
1608	1	1
1609	1	1
1633	1	1
1634	1	1
1638	1	1
1639	1	1
1648	1	1
1649	1	1
1650	1	1
1651	1	1
1653	1	1
1654	1	1
1655	1	1
1656	1	1
1665	1	1
1666	1	1
1667	1	1
1668	1	1
1669	1	1
1670	1	1
1671	1	1
1672	1	1
1673	1	1
1674	1	1
1676	1	1
1677	1	1
1678	1	1
1679	1	1
1682	1	1
1683	1	1
1684	1	1
1685	1	1
1686	1	1
1687	1	1
1688	1	1
1689	1	1
1690	1	1
1691	1	1
1692	1	1
1693	1	1
1694	1	1
1695	1	1
1696	1	1
1700	1	1
1701	1	1
1703	1	1
1706	1	1
1707	1	1
1708	1	1
1709	1	1
1710	1	1
1711	1	1
1712	1	1
1713	1	1
1714	1	1
1717	1	1
1718	1	1
1719	1	1
1720	1	1
1721	1	1
1722	1	1
1723	1	1
1724	1	1
1725	1	1
1726	1	1
1727	1	1
1728	1	1
1729	1	1
1730	1	1
1731	1	1
1733	1	1
1734	1	1
1735	1	1
1738	1	1
1739	1	1
1740	1	1
1741	1	1
1742	1	1
1743	1	1
1744	1	1
1745	1	1
1746	1	1
1750	1	1
1751	1	1
1752	1	1
1753	1	1
1754	1	1
1755	1	1
1756	1	1
1757	1	1
1759	1	1
1760	1	1
1761	1	1
1762	1	1
1763	1	1
1764	1	1
1765	1	1
1767	1	1
1768	1	1
1769	1	1
1770	1	1
1771	1	1
1772	1	1
1773	1	1
1774	1	1
1775	1	1
1776	1	1
1777	1	1
1779	1	1
1781	1	1
1782	1	1
1785	1	1
1786	1	1
1787	1	1
1788	1	1
1789	1	1
1790	1	1
1791	1	1
1792	1	1
1793	1	1
1796	1	1
1797	1	1
1798	1	1
1799	1	1
1802	1	1
1803	1	1
1804	1	1
1805	1	1
1806	1	1
1807	1	1
1808	1	1
1809	1	1
1810	1	1
1811	1	1
1812	1	1
1813	1	1
1815	1	1
1816	1	1
1819	1	1
1820	1	1
1821	1	1
1822	1	1
1823	1	1
1824	1	1
1825	1	1
1826	1	1
1827	1	1
1829	1	1
1830	1	1
1831	1	1
1836	1	1
1837	1	1
1838	1	1
1839	1	1
1840	1	1
1841	1	1
1842	1	1
1843	1	1
1844	1	1
1846	1	1
1847	1	1
1848	1	1
1849	1	1
1850	1	1
1857	1	1
1858	1	1
1859	1	1
1860	1	1
1861	1	1
1863	1	1
1864	1	1
1865	1	1
1866	1	1
1867	1	1
1874	1	1
1875	1	1
1876	1	1
1877	1	1
1878	1	1
1879	1	1
1880	1	1
1881	1	1
1882	1	1
1883	1	1
1884	1	1
1894	1	1
1898	1	1
1899	1	1
1907	1	1
1908	1	1
1909	1	1
1910	1	1
1912	1	1
1913	1	1
1914	1	1
1915	1	1
1924	1	1
1925	1	1
1926	1	1
1927	1	1
1928	1	1
1929	1	1
1930	1	1
1931	1	1
1932	1	1
1933	1	1
1942	1	1
1943	1	1
1944	1	1
1945	1	1
1947	1	1
1948	1	1
1949	1	1
1950	1	1
1959	1	1
1960	1	1
1963	1	1
1964	1	1
1965	1	1
1968	1	1
1969	1	1
1971	1	1
1972	1	1
1976	1	1
1977	1	1
1980	1	1
1981	1	1
1982	1	1
1985	1	1
1986	1	1
1987	1	1
1988	1	1
1989	1	1
1991	1	1
1992	1	1
1993	1	1
1994	1	1
1995	1	1
1996	1	1
1997	1	1
1998	1	1
1999	1	1
2000	1	1
2001	1	1
2002	1	1
2003	1	1
2004	1	1
2006	1	1
2007	1	1
2008	1	1
2009	1	1
2010	1	1
2011	1	1
2013	1	1
2014	1	1
2015	1	1
2016	1	1
2017	1	1
2018	1	1
2019	1	1
2020	1	1
2021	1	1
2022	1	1
2023	1	1
2024	1	1
2025	1	1
2026	1	1
2027	1	1
2028	1	1
2029	1	1
2030	1	1
2031	1	1
2032	1	1
2033	1	1
2034	1	1
2035	1	1
2036	1	1
2037	1	1
2038	1	1
2039	1	1
2040	1	1
2041	1	1
2042	1	1
2043	1	1
2044	1	1
2045	1	1
2047	1	1
2048	1	1
2049	1	1
2050	1	1
2051	1	1
2052	1	1
2053	1	1
2054	1	1
2056	1	1
2057	1	1
2058	1	1
2060	1	1
2061	1	1
2062	1	1
2063	1	1
2064	1	1
2065	1	1
2066	1	1
2067	1	1
2068	1	1
2069	1	1
2070	1	1
2071	1	1
2072	1	1
2073	1	1
2074	1	1
2076	1	1
2078	1	1
2079	1	1
2080	1	1
2081	1	1
2082	1	1
2083	1	1
2084	1	1
2085	1	1
2086	1	1
2087	1	1
2088	1	1
2089	1	1
2090	1	1
2091	1	1
2092	1	1
2093	1	1
2094	1	1
2095	1	1
2096	1	1
2097	1	1
2099	1	1
2100	1	1
2101	1	1
2102	1	1
2103	1	1
2104	1	1
2105	1	1
2106	1	1
2107	1	1
2108	1	1
2109	1	1
2110	1	1
2111	1	1
2112	1	1
2113	1	1
2114	1	1
2116	1	1
2118	1	1
2119	1	1
2120	1	1
2121	1	1
2123	1	1
2124	1	1
2125	1	1
2126	1	1
2127	1	1
2128	1	1
2129	1	1
2130	1	1
2131	1	1
2132	1	1
2134	1	1
2135	1	1
2136	1	1
2137	1	1
2138	1	1
2139	1	1
2142	1	1
2143	1	1
2144	1	1
2145	1	1
2146	1	1
2147	1	1
2148	1	1
2149	1	1
2150	1	1
2151	1	1
2152	1	1
2153	1	1
2154	1	1
2155	1	1
2156	1	1
2157	1	1
2158	1	1
2162	1	1
2163	1	1
2164	1	1
2165	1	1
2166	1	1
2167	1	1
2168	1	1
2169	1	1
2170	1	1
2171	1	1
2172	1	1
2173	1	1
2174	1	1
2175	1	1
2180	1	1
2181	1	1
2182	1	1
2184	1	1
2186	1	1
2187	1	1
2188	1	1
2189	1	1
2190	1	1
2191	1	1
2192	1	1
2197	1	1
2199	1	1
2200	1	1
2201	1	1
2202	1	1
2203	1	1
2204	1	1
2205	1	1
2206	1	1
2207	1	1
2215	1	1
2216	1	1
2217	1	1
2218	1	1
2219	1	1
2220	1	1
2221	1	1
2222	1	1
2223	1	1
2224	1	1
2230	1	1
2231	1	1
2236	1	1
2240	1	1
2241	1	1
2247	1	1
2248	1	1
2250	1	1
2251	1	1
2252	1	1
2253	1	1
2255	1	1
2256	1	1
2265	1	1
2266	1	1
2267	1	1
2268	1	1
2270	1	1
2271	1	1
2272	1	1
2273	1	1
2282	1	1
2283	1	1
2286	1	1
2287	1	1
2288	1	1
2291	1	1
2292	1	1
2296	1	1
2297	1	1
2298	1	1
2301	1	1
2302	1	1
2303	1	1
2304	1	1
2305	1	1
2308	1	1
2309	1	1
2310	1	1
2313	1	1
2314	1	1
2315	1	1
2318	1	1
2319	1	1
2320	1	1
2321	1	1
2322	1	1
2326	1	1
2327	1	1
2328	1	1
2329	1	1
2330	1	1
2331	1	1
2332	1	1
2334	1	1
2335	1	1
2336	1	1
2337	1	1
2338	1	1
2339	1	1
2340	1	1
2341	1	1
2343	1	1
2344	1	1
2345	1	1
2346	1	1
2347	1	1
2348	1	1
2350	1	1
2351	1	1
2352	1	1
2353	1	1
2354	1	1
2355	1	1
2356	1	1
2357	1	1
2358	1	1
2360	1	1
2361	1	1
2362	1	1
2363	1	1
2364	1	1
2366	1	1
2368	1	1
2369	1	1
2370	1	1
2371	1	1
2372	1	1
2373	1	1
2374	1	1
2375	1	1
2376	1	1
2377	1	1
2378	1	1
2380	1	1
2381	1	1
2382	1	1
2383	1	1
2384	1	1
2386	1	1
2387	1	1
2388	1	1
2389	1	1
2390	1	1
2391	1	1
2392	1	1
2393	1	1
2394	1	1
2395	1	1
2396	1	1
2397	1	1
2398	1	1
2399	1	1
2400	1	1
2402	1	1
2403	1	1
2404	1	1
2405	1	1
2406	1	1
2407	1	1
2408	1	1
2409	1	1
2410	1	1
2411	1	1
2412	1	1
2413	1	1
2414	1	1
2415	1	1
2416	1	1
2417	1	1
2418	1	1
2419	1	1
2421	1	1
2422	1	1
2423	1	1
2424	1	1
2425	1	1
2426	1	1
2427	1	1
2428	1	1
2429	1	1
2430	1	1
2431	1	1
2432	1	1
2433	1	1
2435	1	1
2437	1	1
2438	1	1
2439	1	1
2440	1	1
2441	1	1
2442	1	1
2443	1	1
2444	1	1
2445	1	1
2446	1	1
2447	1	1
2448	1	1
2449	1	1
2450	1	1
2451	1	1
2452	1	1
2453	1	1
2454	1	1
2455	1	1
2456	1	1
2457	1	1
2459	1	1
2460	1	1
2461	1	1
2462	1	1
2463	1	1
2465	1	1
2466	1	1
2467	1	1
2468	1	1
2469	1	1
2470	1	1
2471	1	1
2472	1	1
2474	1	1
2475	1	1
2476	1	1
2477	1	1
2478	1	1
2479	1	1
2480	1	1
2481	1	1
2482	1	1
2483	1	1
2485	1	1
2486	1	1
2487	1	1
2488	1	1
2489	1	1
2490	1	1
2492	1	1
2493	1	1
2494	1	1
2495	1	1
2496	1	1
2497	1	1
2498	1	1
2499	1	1
2500	1	1
2502	1	1
2503	1	1
2504	1	1
2505	1	1
2506	1	1
2507	1	1
2508	1	1
2509	1	1
2510	1	1
2511	1	1
2512	1	1
2513	1	1
2514	1	1
2515	1	1
2520	1	1
2521	1	1
2522	1	1
2523	1	1
2525	1	1
2526	1	1
2527	1	1
2528	1	1
2529	1	1
2538	1	1
2539	1	1
2540	1	1
2541	1	1
2542	1	1
2543	1	1
2544	1	1
2545	1	1
2546	1	1
2547	1	1
2556	1	1
2557	1	1
2558	1	1
2559	1	1
2561	1	1
2562	1	1
2563	1	1
2564	1	1
2600	1	1
2601	1	1
2604	1	1
2605	1	1
2606	1	1
2609	1	1
2610	1	1
2611	1	1
2615	1	1
2616	1	1
2617	1	1
2618	1	1
2619	1	1
2620	1	1
2621	1	1
2622	1	1
2623	1	1
2624	1	1
2625	1	1
2626	1	1
2627	1	1
2628	1	1
2632	1	1
2633	1	1
2634	1	1
2635	1	1
2636	1	1
2637	1	1
2638	1	1
2639	1	1
2640	1	1
2641	1	1
2642	1	1
2643	1	1
2644	1	1
2645	1	1
2649	1	1
2650	1	1
2651	1	1
2652	1	1
2653	1	1
2654	1	1
2655	1	1
2656	1	1
2657	1	1
2658	1	1
2659	1	1
2660	1	1
2661	1	1
2662	1	1
2663	1	1
2664	1	1
2667	1	1
2668	1	1
2669	1	1
2670	1	1
2672	1	1
2673	1	1
2674	1	1
2675	1	1
2676	1	1
2677	1	1
2678	1	1
2679	1	1
2680	1	1
2681	1	1
2683	1	1
2684	1	1
2685	1	1
2686	1	1
2687	1	1
2688	1	1
2689	1	1
2690	1	1
2691	1	1
2692	1	1
2693	1	1
2694	1	1
2695	1	1
2696	1	1
2697	1	1
2698	1	1
2699	1	1
2700	1	1
2701	1	1
2702	1	1
2703	1	1
2704	1	1
2705	1	1
2707	1	1
2708	1	1
2711	1	1
2712	1	1
2713	1	1
2714	1	1
2715	1	1
2716	1	1
2717	1	1
2718	1	1
2719	1	1
2720	1	1
2721	1	1
2722	1	1
2724	1	1
2726	1	1
2727	1	1
2728	1	1
2729	1	1
2730	1	1
2731	1	1
2732	1	1
2733	1	1
2734	1	1
2735	1	1
2736	1	1
2737	1	1
2738	1	1
2739	1	1
2740	1	1
2742	1	1
2743	1	1
2744	1	1
2746	1	1
2747	1	1
2748	1	1
2749	1	1
2750	1	1
2751	1	1
2752	1	1
2753	1	1
2754	1	1
2755	1	1
2756	1	1
2757	1	1
2758	1	1
2759	1	1
2760	1	1
2761	1	1
2762	1	1
2763	1	1
2764	1	1
2765	1	1
2766	1	1
2768	1	1
2769	1	1
2770	1	1
2771	1	1
2772	1	1
2773	1	1
2774	1	1
2775	1	1
2776	1	1
2777	1	1
2778	1	1
2780	1	1
2781	1	1
2782	1	1
2783	1	1
2784	1	1
2785	1	1
2786	1	1
2787	1	1
2788	1	1
2790	1	1
2791	1	1
2792	1	1
2793	1	1
2794	1	1
2795	1	1
2797	1	1
2798	1	1
2800	1	1
2801	1	1
2802	1	1
2803	1	1
2804	1	1
2805	1	1
2806	1	1
2807	1	1
2808	1	1
2809	1	1
2810	1	1
2811	1	1
2812	1	1
2813	1	1
2814	1	1
2815	1	1
2816	1	1
2817	1	1
2818	1	1
2819	1	1
2820	1	1
2821	1	1
2822	1	1
2823	1	1
2825	1	1
2826	1	1
2827	1	1
2828	1	1
2829	1	1
2830	1	1
2831	1	1
2832	1	1
2833	1	1
2834	1	1
2835	1	1
2836	1	1
2837	1	1
2843	1	1
2844	1	1
2846	1	1
2848	1	1
2849	1	1
2850	1	1
2851	1	1
2860	1	1
2861	1	1
2862	1	1
2863	1	1
2866	1	1
2867	1	1
2868	1	1
2875	1	1
2876	1	1
2877	1	1
2878	1	1
2879	1	1
2881	1	1
2882	1	1
2883	1	1
2884	1	1
2885	1	1
2892	1	1
2893	1	1
2897	1	1
2898	1	1
2923	1	1
2924	1	1
2925	1	1
2926	1	1
2927	1	1
2928	1	1
2929	1	1
2930	1	1
2931	1	1
2932	1	1
2933	1	1
2934	1	1
2936	1	1
2937	1	1
2938	1	1
2939	1	1
2940	1	1
2941	1	1
2942	1	1
2943	1	1
2944	1	1
2945	1	1
2946	1	1
2947	1	1
2948	1	1
2949	1	1
2950	1	1
2951	1	1
2953	1	1
2954	1	1
2955	1	1
2956	1	1
2957	1	1
2958	1	1
2959	1	1
2960	1	1
2961	1	1
2962	1	1
2963	1	1
2964	1	1
2965	1	1
2966	1	1
2967	1	1
2970	1	1
2971	1	1
2972	1	1
2973	1	1
2974	1	1
2975	1	1
2976	1	1
2977	1	1
2978	1	1
2979	1	1
2980	1	1
2981	1	1
2982	1	1
2983	1	1
2984	1	1
2987	1	1
2988	1	1
2989	1	1
2990	1	1
2991	1	1
2992	1	1
2993	1	1
2994	1	1
2995	1	1
2996	1	1
2997	1	1
2998	1	1
2999	1	1
3000	1	1
3001	1	1
3002	1	1
3003	1	1
3004	1	1
3005	1	1
3006	1	1
3007	1	1
3008	1	1
3009	1	1
3010	1	1
3011	1	1
3012	1	1
3013	1	1
3014	1	1
3015	1	1
3016	1	1
3017	1	1
3018	1	1
3019	1	1
3020	1	1
3021	1	1
3022	1	1
3023	1	1
3024	1	1
3025	1	1
3026	1	1
3027	1	1
3028	1	1
3030	1	1
3031	1	1
3032	1	1
3033	1	1
3034	1	1
3035	1	1
3036	1	1
3037	1	1
3038	1	1
3039	1	1
3040	1	1
3041	1	1
3042	1	1
3043	1	1
3045	1	1
3046	1	1
3047	1	1
3048	1	1
3049	1	1
3050	1	1
3051	1	1
3052	1	1
3053	1	1
3054	1	1
3055	1	1
3056	1	1
3057	1	1
3058	1	1
3059	1	1
3060	1	1
3061	1	1
3062	1	1
3064	1	1
3065	1	1
3068	1	1
3069	1	1
3070	1	1
3071	1	1
3072	1	1
3073	1	1
3074	1	1
3075	1	1
3076	1	1
3077	1	1
3078	1	1
3079	1	1
3080	1	1
3081	1	1
3082	1	1
3083	1	1
3084	1	1
3087	1	1
3089	1	1
3090	1	1
3091	1	1
3092	1	1
3093	1	1
3094	1	1
3095	1	1
3096	1	1
3097	1	1
3098	1	1
3099	1	1
3100	1	1
3101	1	1
3102	1	1
3104	1	1
3105	1	1
3106	1	1
3108	1	1
3109	1	1
3110	1	1
3111	1	1
3112	1	1
3113	1	1
3114	1	1
3115	1	1
3116	1	1
3117	1	1
3118	1	1
3119	1	1
3120	1	1
3122	1	1
3123	1	1
3124	1	1
3125	1	1
3126	1	1
3127	1	1
3128	1	1
3129	1	1
3130	1	1
3131	1	1
3132	1	1
3133	1	1
3134	1	1
3135	1	1
3137	1	1
3138	1	1
3139	1	1
3140	1	1
3141	1	1
3142	1	1
3144	1	1
3145	1	1
3149	1	1
3150	1	1
3151	1	1
3152	1	1
3153	1	1
3154	1	1
3155	1	1
3157	1	1
3158	1	1
3166	1	1
3167	1	1
3168	1	1
3169	1	1
3171	1	1
3172	1	1
3173	1	1
3174	1	1
3183	1	1
3184	1	1
3185	1	1
3186	1	1
3188	1	1
3189	1	1
3190	1	1
3191	1	1
3198	1	1
3199	1	1
3200	1	1
3201	1	1
3202	1	1
3203	1	1
3204	1	1
3205	1	1
3206	1	1
3207	1	1
3208	1	1
3215	1	1
3216	1	1
3218	1	1
3219	1	1
3220	1	1
3221	1	1
3223	1	1
3224	1	1
3248	1	1
3249	1	1
3253	1	1
3254	1	1
3255	1	1
3259	1	1
3260	1	1
3262	1	1
3263	1	1
3264	1	1
3265	1	1
3266	1	1
3267	1	1
3268	1	1
3269	1	1
3270	1	1
3271	1	1
3272	1	1
3273	1	1
3274	1	1
3275	1	1
3276	1	1
3277	1	1
3278	1	1
3279	1	1
3280	1	1
3281	1	1
3282	1	1
3283	1	1
3284	1	1
3285	1	1
3286	1	1
3287	1	1
3288	1	1
3289	1	1
3290	1	1
3291	1	1
3292	1	1
3293	1	1
3294	1	1
3295	1	1
3297	1	1
3298	1	1
3299	1	1
3300	1	1
3301	1	1
3302	1	1
3303	1	1
3304	1	1
3305	1	1
3306	1	1
3307	1	1
3308	1	1
3309	1	1
3310	1	1
3311	1	1
3312	1	1
3315	1	1
3316	1	1
3317	1	1
3318	1	1
3319	1	1
3320	1	1
3321	1	1
3322	1	1
3323	1	1
3324	1	1
3325	1	1
3326	1	1
3328	1	1
3329	1	1
3330	1	1
3331	1	1
3332	1	1
3333	1	1
3334	1	1
3335	1	1
3336	1	1
3337	1	1
3338	1	1
3339	1	1
3340	1	1
3341	1	1
3342	1	1
3343	1	1
3344	1	1
3345	1	1
3346	1	1
3347	1	1
3348	1	1
3349	1	1
3350	1	1
3351	1	1
3352	1	1
3353	1	1
3355	1	1
3357	1	1
3359	1	1
3360	1	1
3361	1	1
3362	1	1
3363	1	1
3364	1	1
3365	1	1
3366	1	1
3367	1	1
3368	1	1
3369	1	1
3370	1	1
3371	1	1
3372	1	1
3373	1	1
3374	1	1
3375	1	1
3376	1	1
3377	1	1
3378	1	1
3379	1	1
3380	1	1
3381	1	1
3382	1	1
3384	1	1
3385	1	1
3386	1	1
3387	1	1
3388	1	1
3389	1	1
3390	1	1
3392	1	1
3394	1	1
3396	1	1
3397	1	1
3398	1	1
3399	1	1
3400	1	1
3401	1	1
3402	1	1
3403	1	1
3404	1	1
3405	1	1
3406	1	1
3407	1	1
3408	1	1
3409	1	1
3410	1	1
3411	1	1
3412	1	1
3413	1	1
3414	1	1
3415	1	1
3416	1	1
3417	1	1
3419	1	1
3421	1	1
3422	1	1
3423	1	1
3424	1	1
3425	1	1
3426	1	1
3427	1	1
3428	1	1
3430	1	1
3431	1	1
3432	1	1
3433	1	1
3434	1	1
3435	1	1
3436	1	1
3437	1	1
3438	1	1
3439	1	1
3440	1	1
3442	1	1
3443	1	1
3444	1	1
3445	1	1
3446	1	1
3447	1	1
3448	1	1
3449	1	1
3451	1	1
3452	1	1
3453	1	1
3454	1	1
3455	1	1
3456	1	1
3457	1	1
3458	1	1
3459	1	1
3461	1	1
3462	1	1
3463	1	1
3464	1	1
3466	1	1
3467	1	1
3472	1	1
3473	1	1
3474	1	1
3475	1	1
3476	1	1
3477	1	1
3478	1	1
3479	1	1
3480	1	1
3481	1	1
3482	1	1
3483	1	1
3484	1	1
3489	1	1
3490	1	1
3491	1	1
3492	1	1
3493	1	1
3494	1	1
3495	1	1
3496	1	1
3497	1	1
3498	1	1
3499	1	1
3500	1	1
3507	1	1
3508	1	1
3509	1	1
3511	1	1
3512	1	1
3513	1	1
3514	1	1
3516	1	1
3517	1	1
3522	1	1
3523	1	1
3524	1	1
3525	1	1
3527	1	1
3528	1	1
3529	1	1
3530	1	1
3539	1	1
3540	1	1
3541	1	1
3542	1	1
3543	1	1
3544	1	1
3545	1	1
3546	1	1
3547	1	1
3548	1	1
3557	1	1
3558	1	1
3559	1	1
3560	1	1
3562	1	1
3563	1	1
3564	1	1
3565	1	1
3574	1	1
3575	1	1
3577	1	1
3578	1	1
3579	1	1
3580	1	1
3582	1	1
3583	1	1
3584	1	1
3585	1	1
3586	1	1
3587	1	1
3590	1	1
3591	1	1
3592	1	1
3593	1	1
3594	1	1
3595	1	1
3596	1	1
3597	1	1
3598	1	1
3599	1	1
3600	1	1
3601	1	1
3602	1	1
3603	1	1
3604	1	1
3607	1	1
3608	1	1
3609	1	1
3610	1	1
3611	1	1
3612	1	1
3613	1	1
3614	1	1
3615	1	1
3616	1	1
3617	1	1
3618	1	1
3619	1	1
3620	1	1
3621	1	1
3622	1	1
3624	1	1
3625	1	1
3626	1	1
3627	1	1
3628	1	1
3629	1	1
3630	1	1
3631	1	1
3632	1	1
3634	1	1
3635	1	1
3636	1	1
3637	1	1
3638	1	1
3639	1	1
3640	1	1
3641	1	1
3642	1	1
3643	1	1
3644	1	1
3645	1	1
3646	1	1
3647	1	1
3648	1	1
3649	1	1
3650	1	1
3651	1	1
3652	1	1
3653	1	1
3654	1	1
3655	1	1
3658	1	1
3659	1	1
3660	1	1
3661	1	1
3662	1	1
3663	1	1
3664	1	1
3665	1	1
3666	1	1
3667	1	1
3668	1	1
3669	1	1
3670	1	1
3671	1	1
3672	1	1
3673	1	1
3674	1	1
3675	1	1
3676	1	1
3677	1	1
3678	1	1
3679	1	1
3680	1	1
3681	1	1
3682	1	1
3683	1	1
3684	1	1
3685	1	1
3686	1	1
3687	1	1
3688	1	1
3689	1	1
3692	1	1
3693	1	1
3694	1	1
3695	1	1
3696	1	1
3697	1	1
3698	1	1
3699	1	1
3700	1	1
3701	1	1
3702	1	1
3703	1	1
3704	1	1
3705	1	1
3707	1	1
3709	1	1
3710	1	1
3711	1	1
3712	1	1
3713	1	1
3714	1	1
3715	1	1
3716	1	1
3718	1	1
3719	1	1
3721	1	1
3722	1	1
3723	1	1
3724	1	1
3725	1	1
3726	1	1
3727	1	1
3729	1	1
3730	1	1
3731	1	1
3732	1	1
3733	1	1
3735	1	1
3736	1	1
3737	1	1
3738	1	1
3739	1	1
3740	1	1
3741	1	1
3742	1	1
3743	1	1
3744	1	1
3745	1	1
3746	1	1
3747	1	1
3748	1	1
3751	1	1
3752	1	1
3753	1	1
3754	1	1
3755	1	1
3756	1	1
3757	1	1
3758	1	1
3759	1	1
3760	1	1
3761	1	1
3762	1	1
3763	1	1
3765	1	1
3766	1	1
3767	1	1
3768	1	1
3769	1	1
3770	1	1
3771	1	1
3772	1	1
3777	1	1
3778	1	1
3779	1	1
3780	1	1
3781	1	1
3782	1	1
3784	1	1
3785	1	1
3786	1	1
3787	1	1
3788	1	1
3789	1	1
3790	1	1
3795	1	1
3796	1	1
3797	1	1
3798	1	1
3799	1	1
3800	1	1
3801	1	1
3802	1	1
3803	1	1
3804	1	1
3805	1	1
3806	1	1
3807	1	1
3812	1	1
3813	1	1
3814	1	1
3815	1	1
3816	1	1
3817	1	1
3818	1	1
3819	1	1
3820	1	1
3821	1	1
3822	1	1
3823	1	1
3824	1	1
3830	1	1
3831	1	1
3832	1	1
3833	1	1
3834	1	1
3835	1	1
3836	1	1
3837	1	1
3838	1	1
3839	1	1
3840	1	1
3841	1	1
3845	1	1
3846	1	1
3850	1	1
3851	1	1
3855	1	1
3856	1	1
3862	1	1
3863	1	1
3865	1	1
3866	1	1
3867	1	1
3868	1	1
3870	1	1
3871	1	1
3880	1	1
3881	1	1
3882	1	1
3883	1	1
3885	1	1
3886	1	1
3887	1	1
3888	1	1
3897	1	1
3898	1	1
3899	1	1
3900	1	1
3901	1	1
3902	1	1
3903	1	1
3904	1	1
3905	1	1
3906	1	1
3907	1	1
3914	1	1
3915	1	1
3916	1	1
3917	1	1
3918	1	1
3919	1	1
3920	1	1
3921	1	1
3922	1	1
3923	1	1
3924	1	1
3925	1	1
3928	1	1
3929	1	1
3930	1	1
3931	1	1
3932	1	1
3933	1	1
3934	1	1
3935	1	1
3936	1	1
3937	1	1
3938	1	1
3939	1	1
3940	1	1
3941	1	1
3942	1	1
3944	1	1
3945	1	1
3946	1	1
3947	1	1
3948	1	1
3949	1	1
3950	1	1
3951	1	1
3952	1	1
3953	1	1
3955	1	1
3956	1	1
3957	1	1
3959	1	1
3960	1	1
3961	1	1
3962	1	1
3963	1	1
3964	1	1
3965	1	1
3966	1	1
3967	1	1
3968	1	1
3969	1	1
3970	1	1
3973	1	1
3974	1	1
3975	1	1
3976	1	1
3977	1	1
3978	1	1
3979	1	1
3980	1	1
3981	1	1
3982	1	1
3983	1	1
3984	1	1
3985	1	1
3986	1	1
3987	1	1
3988	1	1
3990	1	1
3991	1	1
3992	1	1
3993	1	1
3995	1	1
3996	1	1
3997	1	1
3998	1	1
3999	1	1
4000	1	1
4001	1	1
4002	1	1
4003	1	1
4004	1	1
4006	1	1
4007	1	1
4008	1	1
4009	1	1
4010	1	1
4011	1	1
4012	1	1
4013	1	1
4014	1	1
4015	1	1
4016	1	1
4017	1	1
4018	1	1
4019	1	1
4021	1	1
4022	1	1
4023	1	1
4025	1	1
4026	1	1
4027	1	1
4028	1	1
4029	1	1
4030	1	1
4032	1	1
4033	1	1
4034	1	1
4035	1	1
4036	1	1
4037	1	1
4038	1	1
4040	1	1
4042	1	1
4043	1	1
4044	1	1
4045	1	1
4046	1	1
4047	1	1
4048	1	1
4050	1	1
4051	1	1
4052	1	1
4053	1	1
4055	1	1
4057	1	1
4058	1	1
4059	1	1
4060	1	1
4061	1	1
4062	1	1
4063	1	1
4064	1	1
4065	1	1
4066	1	1
4067	1	1
4068	1	1
4069	1	1
4070	1	1
4071	1	1
4072	1	1
4073	1	1
4074	1	1
4075	1	1
4076	1	1
4077	1	1
4078	1	1
4079	1	1
4080	1	1
4081	1	1
4082	1	1
4083	1	1
4084	1	1
4085	1	1
4086	1	1
4087	1	1
4088	1	1
4089	1	1
4090	1	1
4091	1	1
4092	1	1
4093	1	1
4094	1	1
4095	1	1
4096	1	1
4097	1	1
4098	1	1
4100	1	1
4101	1	1
4102	1	1
4103	1	1
4104	1	1
4106	1	1
4107	1	1
4108	1	1
4109	1	1
4110	1	1
4111	1	1
4112	1	1
4113	1	1
4114	1	1
4115	1	1
4117	1	1
4118	1	1
4119	1	1
4120	1	1
4121	1	1
4122	1	1
4123	1	1
4124	1	1
4125	1	1
4126	1	1
4127	1	1
4128	1	1
4129	1	1
4130	1	1
4135	1	1
4136	1	1
4137	1	1
4138	1	1
4139	1	1
4140	1	1
4141	1	1
4142	1	1
4143	1	1
4144	1	1
4145	1	1
4146	1	1
4147	1	1
4153	1	1
4154	1	1
4155	1	1
4156	1	1
4157	1	1
4158	1	1
4159	1	1
4160	1	1
4161	1	1
4162	1	1
4163	1	1
4164	1	1
4169	1	1
4170	1	1
4171	1	1
4172	1	1
4173	1	1
4174	1	1
4175	1	1
4176	1	1
4177	1	1
4178	1	1
4179	1	1
4186	1	1
4187	1	1
4188	1	1
4189	1	1
4190	1	1
4191	1	1
4192	1	1
4193	1	1
4194	1	1
4195	1	1
4203	1	1
4204	1	1
4205	1	1
4206	1	1
4207	1	1
4208	1	1
4209	1	1
4210	1	1
4211	1	1
4212	1	1
4215	1	1
4216	1	1
4220	1	1
4221	1	1
4222	1	1
4223	1	1
4225	1	1
4226	1	1
4227	1	1
4228	1	1
4230	1	1
4231	1	1
4232	1	1
4233	1	1
4237	1	1
4238	1	1
4239	1	1
4240	1	1
4241	1	1
4242	1	1
4243	1	1
4244	1	1
4245	1	1
4246	1	1
4247	1	1
4248	1	1
4249	1	1
4250	1	1
4251	1	1
4252	1	1
4253	1	1
4254	1	1
4255	1	1
4256	1	1
4257	1	1
4258	1	1
4259	1	1
4260	1	1
4261	1	1
4262	1	1
4263	1	1
4264	1	1
4265	1	1
4266	1	1
4267	1	1
4268	1	1
4269	1	1
4270	1	1
4271	1	1
4272	1	1
4273	1	1
4274	1	1
4275	1	1
4276	1	1
4277	1	1
4278	1	1
4279	1	1
4280	1	1
4282	1	1
4283	1	1
4286	1	1
4287	1	1
4288	1	1
4289	1	1
4290	1	1
4291	1	1
4293	1	1
4294	1	1
4295	1	1
4296	1	1
4297	1	1
4298	1	1
4299	1	1
4300	1	1
4301	1	1
4302	1	1
4304	1	1
4305	1	1
4306	1	1
4307	1	1
4308	1	1
4309	1	1
4310	1	1
4312	1	1
4313	1	1
4314	1	1
4315	1	1
4316	1	1
4317	1	1
4318	1	1
4320	1	1
4321	1	1
4322	1	1
4323	1	1
4324	1	1
4325	1	1
4326	1	1
4328	1	1
4330	1	1
4331	1	1
4332	1	1
4333	1	1
4334	1	1
4335	1	1
4336	1	1
4337	1	1
4338	1	1
4339	1	1
4340	1	1
4341	1	1
4342	1	1
4343	1	1
4344	1	1
4345	1	1
4346	1	1
4347	1	1
4348	1	1
4349	1	1
4350	1	1
4351	1	1
4352	1	1
4353	1	1
4354	1	1
4355	1	1
4356	1	1
4357	1	1
4358	1	1
4359	1	1
4360	1	1
4361	1	1
4362	1	1
4363	1	1
4364	1	1
4365	1	1
4366	1	1
4367	1	1
4368	1	1
4370	1	1
4371	1	1
4372	1	1
4373	1	1
4374	1	1
4375	1	1
4376	1	1
4377	1	1
4378	1	1
4380	1	1
4381	1	1
4382	1	1
4383	1	1
4384	1	1
4385	1	1
4386	1	1
4387	1	1
4388	1	1
4389	1	1
4390	1	1
4391	1	1
4392	1	1
4393	1	1
4395	1	1
4396	1	1
4397	1	1
4398	1	1
4400	1	1
4401	1	1
4402	1	1
4403	1	1
4405	1	1
4406	1	1
4407	1	1
4408	1	1
4409	1	1
4410	1	1
4411	1	1
4412	1	1
4413	1	1
4414	1	1
4415	1	1
4416	1	1
4417	1	1
4418	1	1
4419	1	1
4420	1	1
4421	1	1
4422	1	1
4423	1	1
4424	1	1
4425	1	1
4426	1	1
4427	1	1
4428	1	1
4430	1	1
4431	1	1
4433	1	1
4434	1	1
4435	1	1
4436	1	1
4437	1	1
4438	1	1
4440	1	1
4441	1	1
4442	1	1
4443	1	1
4444	1	1
4445	1	1
4446	1	1
4447	1	1
4448	1	1
4449	1	1
4450	1	1
4451	1	1
4452	1	1
4458	1	1
4459	1	1
4460	1	1
4461	1	1
4462	1	1
4463	1	1
4464	1	1
4465	1	1
4466	1	1
4467	1	1
4468	1	1
4469	1	1
4476	1	1
4477	1	1
4478	1	1
4479	1	1
4481	1	1
4482	1	1
4483	1	1
4484	1	1
4492	1	1
4493	1	1
4494	1	1
4495	1	1
4496	1	1
4497	1	1
4498	1	1
4499	1	1
4500	1	1
4501	1	1
4509	1	1
4510	1	1
4511	1	1
4512	1	1
4513	1	1
4514	1	1
4515	1	1
4516	1	1
4517	1	1
4518	1	1
4526	1	1
4527	1	1
4529	1	1
4530	1	1
4531	1	1
4532	1	1
4534	1	1
4535	1	1
4538	1	1
4539	1	1
4543	1	1
4544	1	1
4546	1	1
4547	1	1
4548	1	1
4549	1	1
4551	1	1
4552	1	1
4553	1	1
4554	1	1
4555	1	1
4556	1	1
4560	1	1
4561	1	1
4563	1	1
4564	1	1
4566	1	1
4568	1	1
4569	1	1
4570	1	1
4571	1	1
4572	1	1
4573	1	1
4576	1	1
4577	1	1
4578	1	1
4580	1	1
4581	1	1
4582	1	1
4583	1	1
4585	1	1
4586	1	1
4587	1	1
4588	1	1
4589	1	1
4590	1	1
4593	1	1
4594	1	1
4595	1	1
4597	1	1
4598	1	1
4599	1	1
4602	1	1
4603	1	1
4604	1	1
4605	1	1
4606	1	1
4610	1	1
4611	1	1
4612	1	1
4613	1	1
4615	1	1
4616	1	1
4617	1	1
4618	1	1
4620	1	1
4621	1	1
4622	1	1
4623	1	1
4624	1	1
4626	1	1
4627	1	1
4628	1	1
4629	1	1
4630	1	1
4631	1	1
4632	1	1
4633	1	1
4634	1	1
4635	1	1
4636	1	1
4637	1	1
4638	1	1
4639	1	1
4640	1	1
4641	1	1
4642	1	1
4643	1	1
4644	1	1
4645	1	1
4647	1	1
4648	1	1
4649	1	1
4650	1	1
4652	1	1
4653	1	1
4654	1	1
4655	1	1
4656	1	1
4657	1	1
4658	1	1
4659	1	1
4660	1	1
4661	1	1
4662	1	1
4663	1	1
4664	1	1
4665	1	1
4666	1	1
4667	1	1
4669	1	1
4670	1	1
4671	1	1
4672	1	1
4673	1	1
4674	1	1
4675	1	1
4678	1	1
4679	1	1
4680	1	1
4681	1	1
4682	1	1
4683	1	1
4685	1	1
4686	1	1
4688	1	1
4689	1	1
4690	1	1
4691	1	1
4695	1	1
4696	1	1
4697	1	1
4698	1	1
4699	1	1
4700	1	1
4701	1	1
4702	1	1
4703	1	1
4704	1	1
4705	1	1
4706	1	1
4707	1	1
4708	1	1
4709	1	1
4711	1	1
4712	1	1
4713	1	1
4714	1	1
4715	1	1
4716	1	1
4718	1	1
4719	1	1
4721	1	1
4722	1	1
4723	1	1
4724	1	1
4725	1	1
4726	1	1
4727	1	1
4728	1	1
4729	1	1
4730	1	1
4731	1	1
4732	1	1
4733	1	1
4734	1	1
4735	1	1
4736	1	1
4737	1	1
4738	1	1
4739	1	1
4740	1	1
4741	1	1
4742	1	1
4743	1	1
4744	1	1
4745	1	1
4746	1	1
4748	1	1
4749	1	1
4750	1	1
4751	1	1
4753	1	1
4755	1	1
4757	1	1
4764	1	1
4765	1	1
4766	1	1
4767	1	1
4768	1	1
4769	1	1
4770	1	1
4771	1	1
4772	1	1
4773	1	1
4781	1	1
4782	1	1
4783	1	1
4784	1	1
4785	1	1
4786	1	1
4787	1	1
4788	1	1
4789	1	1
4790	1	1
4791	1	1
4792	1	1
4793	1	1
4799	1	1
4800	1	1
4801	1	1
4802	1	1
4803	1	1
4804	1	1
4805	1	1
4806	1	1
4807	1	1
4808	1	1
4809	1	1
4810	1	1
4816	1	1
4817	1	1
4818	1	1
4819	1	1
4821	1	1
4822	1	1
4823	1	1
4824	1	1
4833	1	1
4834	1	1
4835	1	1
4838	1	1
4839	1	1
4840	1	1
4852	1	1
4853	1	1
4857	1	1
4858	1	1
4869	1	1
4870	1	1
4874	1	1
4875	1	1
4877	1	1
4878	1	1
4882	1	1
4883	1	1
4884	1	1
4885	1	1
4886	1	1
4887	1	1
4888	1	1
4889	1	1
4890	1	1
4891	1	1
4892	1	1
4893	1	1
4894	1	1
4895	1	1
4896	1	1
4899	1	1
4900	1	1
4901	1	1
4902	1	1
4903	1	1
4905	1	1
4906	1	1
4907	1	1
4908	1	1
4909	1	1
4910	1	1
4912	1	1
4913	1	1
4917	1	1
4918	1	1
4919	1	1
4920	1	1
4921	1	1
4923	1	1
4924	1	1
4925	1	1
4926	1	1
4927	1	1
4934	1	1
4935	1	1
4936	1	1
4938	1	1
4939	1	1
4940	1	1
4941	1	1
4942	1	1
4943	1	1
4944	1	1
4945	1	1
4946	1	1
4947	1	1
4953	1	1
4955	1	1
4958	1	1
4959	1	1
4960	1	1
4961	1	1
4962	1	1
4963	1	1
4964	1	1
4965	1	1
4967	1	1
4968	1	1
4969	1	1
4971	1	1
4973	1	1
4974	1	1
4975	1	1
4976	1	1
4977	1	1
4978	1	1
4979	1	1
4980	1	1
4981	1	1
4982	1	1
4984	1	1
4986	1	1
4987	1	1
4988	1	1
4990	1	1
4991	1	1
4992	1	1
4993	1	1
4994	1	1
4995	1	1
4996	1	1
4997	1	1
4998	1	1
5002	1	1
5003	1	1
5004	1	1
5005	1	1
5006	1	1
5007	1	1
5008	1	1
5009	1	1
5010	1	1
5011	1	1
5012	1	1
5013	1	1
5014	1	1
5019	1	1
5020	1	1
5021	1	1
5022	1	1
5024	1	1
5026	1	1
5027	1	1
5028	1	1
5029	1	1
5030	1	1
5031	1	1
5032	1	1
5036	1	1
5037	1	1
5038	1	1
5039	1	1
5040	1	1
5041	1	1
5042	1	1
5043	1	1
5044	1	1
5045	1	1
5046	1	1
5047	1	1
5048	1	1
5049	1	1
5050	1	1
5053	1	1
5054	1	1
5055	1	1
5056	1	1
5058	1	1
5059	1	1
5060	1	1
5062	1	1
5063	1	1
5064	1	1
5066	1	1
5067	1	1
5071	1	1
5072	1	1
5073	1	1
5074	1	1
5076	1	1
5077	1	1
5078	1	1
5079	1	1
5081	1	1
5082	1	1
5088	1	1
5089	1	1
5094	1	1
5098	1	1
5099	1	1
5105	1	1
5106	1	1
5109	1	1
5110	1	1
5111	1	1
5112	1	1
5114	1	1
5115	1	1
5116	1	1
5122	1	1
5123	1	1
5124	1	1
5125	1	1
5126	1	1
5127	1	1
5128	1	1
5129	1	1
5130	1	1
5131	1	1
5132	1	1
5133	1	1
5140	1	1
5141	1	1
5142	1	1
5143	1	1
5145	1	1
5146	1	1
5147	1	1
5148	1	1
5157	1	1
5158	1	1
5162	1	1
5163	1	1
5174	1	1
5179	1	1
5180	1	1
5192	1	1
5193	1	1
5197	1	1
5198	1	1
5200	1	1
5201	1	1
5205	1	1
5206	1	1
5207	1	1
5208	1	1
5210	1	1
5211	1	1
5213	1	1
5214	1	1
5215	1	1
5216	1	1
5217	1	1
5218	1	1
5219	1	1
5222	1	1
5223	1	1
5224	1	1
5225	1	1
5226	1	1
5227	1	1
5228	1	1
5229	1	1
5230	1	1
5231	1	1
5232	1	1
5233	1	1
5234	1	1
5235	1	1
5236	1	1
5238	1	1
5239	1	1
5240	1	1
5241	1	1
5242	1	1
5243	1	1
5244	1	1
5245	1	1
5247	1	1
5248	1	1
5249	1	1
5250	1	1
5255	1	1
5256	1	1
5259	1	1
5260	1	1
5261	1	1
5262	1	1
5265	1	1
5266	1	1
5267	1	1
5276	1	1
5278	1	1
5279	1	1
5280	1	1
5281	1	1
5282	1	1
5283	1	1
5284	1	1
5285	1	1
5286	1	1
5290	1	1
5291	1	1
5292	1	1
5293	1	1
5294	1	1
5295	1	1
5296	1	1
5297	1	1
5298	1	1
5299	1	1
5300	1	1
5301	1	1
5302	1	1
5303	1	1
5304	1	1
5307	1	1
5308	1	1
5309	1	1
5310	1	1
5311	1	1
5312	1	1
5313	1	1
5314	1	1
5315	1	1
5316	1	1
5317	1	1
5318	1	1
5319	1	1
5320	1	1
5321	1	1
5323	1	1
5324	1	1
5325	1	1
5326	1	1
5327	1	1
5328	1	1
5329	1	1
5330	1	1
5331	1	1
5332	1	1
5333	1	1
5334	1	1
5335	1	1
5336	1	1
5337	1	1
5340	1	1
5341	1	1
5344	1	1
5345	1	1
5346	1	1
5347	1	1
5348	1	1
5349	1	1
5350	1	1
5351	1	1
5352	1	1
5353	1	1
5354	1	1
5361	1	1
5362	1	1
5364	1	1
5366	1	1
5367	1	1
5368	1	1
5369	1	1
5370	1	1
5371	1	1
5378	1	1
5379	1	1
5380	1	1
5381	1	1
5383	1	1
5384	1	1
5385	1	1
5386	1	1
5387	1	1
5394	1	1
5395	1	1
5396	1	1
5397	1	1
5399	1	1
5400	1	1
5401	1	1
5402	1	1
5403	1	1
5404	1	1
5405	1	1
5411	1	1
5412	1	1
5415	1	1
5417	1	1
5419	1	1
5420	1	1
5421	1	1
5422	1	1
5429	1	1
5430	1	1
5432	1	1
5433	1	1
5434	1	1
5435	1	1
5436	1	1
5437	1	1
5438	1	1
5439	1	1
5446	1	1
5447	1	1
5448	1	1
5449	1	1
5450	1	1
5451	1	1
5453	1	1
5454	1	1
5455	1	1
5456	1	1
5465	1	1
5466	1	1
5470	1	1
5471	1	1
5480	1	1
5481	1	1
5485	1	1
5486	1	1
5496	1	1
5497	1	1
5498	1	1
5501	1	1
5502	1	1
5503	1	1
5513	1	1
5514	1	1
5515	1	1
5519	1	1
5520	1	1
5521	1	1
5529	1	1
5530	1	1
5531	1	1
5532	1	1
5533	1	1
5534	1	1
5535	1	1
5536	1	1
5537	1	1
5538	1	1
5539	1	1
5540	1	1
5543	1	1
5544	1	1
5545	1	1
5546	1	1
5547	1	1
5548	1	1
5549	1	1
5550	1	1
5551	1	1
5553	1	1
5554	1	1
5555	1	1
5556	1	1
5557	1	1
5560	1	1
5561	1	1
5562	1	1
5563	1	1
5564	1	1
5565	1	1
5566	1	1
5567	1	1
5568	1	1
5569	1	1
5570	1	1
5571	1	1
5572	1	1
5577	1	1
5578	1	1
5579	1	1
5580	1	1
5581	1	1
5582	1	1
5583	1	1
5584	1	1
5585	1	1
5586	1	1
5587	1	1
5588	1	1
5589	1	1
5594	1	1
5595	1	1
5598	1	1
5599	1	1
5600	1	1
5601	1	1
5602	1	1
5603	1	1
5604	1	1
5605	1	1
5606	1	1
5607	1	1
5608	1	1
5614	1	1
5615	1	1
5616	1	1
5618	1	1
5619	1	1
5620	1	1
5621	1	1
5622	1	1
5623	1	1
5624	1	1
5625	1	1
5628	1	1
5629	1	1
5630	1	1
5631	1	1
5632	1	1
5633	1	1
5634	1	1
5635	1	1
5636	1	1
5637	1	1
5638	1	1
5639	1	1
5640	1	1
5641	1	1
5642	1	1
5645	1	1
5646	1	1
5647	1	1
5648	1	1
5649	1	1
5650	1	1
5651	1	1
5652	1	1
5653	1	1
5654	1	1
5655	1	1
5656	1	1
5657	1	1
5658	1	1
5659	1	1
5662	1	1
5663	1	1
5664	1	1
5665	1	1
5666	1	1
5667	1	1
5668	1	1
5670	1	1
5671	1	1
5672	1	1
5673	1	1
5674	1	1
5675	1	1
5676	1	1
5677	1	1
5679	1	1
5680	1	1
5683	1	1
5684	1	1
5685	1	1
5686	1	1
5687	1	1
5688	1	1
5689	1	1
5690	1	1
5691	1	1
5692	1	1
5693	1	1
5694	1	1
5699	1	1
5700	1	1
5701	1	1
5702	1	1
5703	1	1
5704	1	1
5705	1	1
5706	1	1
5707	1	1
5708	1	1
5709	1	1
5710	1	1
5716	1	1
5717	1	1
5718	1	1
5719	1	1
5720	1	1
5722	1	1
5723	1	1
5726	1	1
5734	1	1
5735	1	1
5737	1	1
5738	1	1
5739	1	1
5740	1	1
5742	1	1
5743	1	1
5744	1	1
5751	1	1
5752	1	1
5753	1	1
5754	1	1
5756	1	1
5757	1	1
5758	1	1
5759	1	1
5760	1	1
5761	1	1
5762	1	1
5769	1	1
5770	1	1
5771	1	1
5772	1	1
5773	1	1
5775	1	1
5776	1	1
5777	1	1
5778	1	1
5779	1	1
5784	1	1
5785	1	1
5786	1	1
5787	1	1
5790	1	1
5791	1	1
5792	1	1
5793	1	1
5801	1	1
5802	1	1
5803	1	1
5804	1	1
5805	1	1
5806	1	1
5807	1	1
5808	1	1
5809	1	1
5810	1	1
5818	1	1
5819	1	1
5820	1	1
5821	1	1
5822	1	1
5823	1	1
5824	1	1
5825	1	1
5826	1	1
5827	1	1
5836	1	1
5837	1	1
5838	1	1
5841	1	1
5842	1	1
5843	1	1
5852	1	1
5853	1	1
5854	1	1
5855	1	1
5856	1	1
5857	1	1
5858	1	1
5859	1	1
5860	1	1
5861	1	1
5862	1	1
5866	1	1
5867	1	1
5868	1	1
5869	1	1
5870	1	1
5871	1	1
5872	1	1
5873	1	1
5874	1	1
5875	1	1
5876	1	1
5877	1	1
5878	1	1
5879	1	1
5883	1	1
5884	1	1
5885	1	1
5886	1	1
5887	1	1
5888	1	1
5889	1	1
5890	1	1
5891	1	1
5892	1	1
5893	1	1
5894	1	1
5895	1	1
5900	1	1
5901	1	1
5902	1	1
5903	1	1
5904	1	1
5905	1	1
5906	1	1
5907	1	1
5908	1	1
5909	1	1
5910	1	1
5911	1	1
5912	1	1
5917	1	1
5918	1	1
5921	1	1
5922	1	1
5923	1	1
5926	1	1
5927	1	1
5928	1	1
5937	1	1
5938	1	1
5939	1	1
5940	1	1
5941	1	1
5942	1	1
5943	1	1
5944	1	1
5945	1	1
5946	1	1
5947	1	1
5951	1	1
5952	1	1
5953	1	1
5954	1	1
5955	1	1
5956	1	1
5957	1	1
5958	1	1
5959	1	1
5960	1	1
5961	1	1
5962	1	1
5963	1	1
5964	1	1
5968	1	1
5969	1	1
5970	1	1
5971	1	1
5972	1	1
5973	1	1
5974	1	1
5975	1	1
5976	1	1
5977	1	1
5978	1	1
5979	1	1
5980	1	1
5981	1	1
5982	1	1
5985	1	1
5986	1	1
5987	1	1
5988	1	1
5989	1	1
5990	1	1
5991	1	1
5992	1	1
5993	1	1
5994	1	1
5995	1	1
5996	1	1
5997	1	1
5998	1	1
5999	1	1
6002	1	1
6003	1	1
6006	1	1
6007	1	1
6008	1	1
6009	1	1
6011	1	1
6012	1	1
6013	1	1
6014	1	1
6022	1	1
6023	1	1
6024	1	1
6025	1	1
6026	1	1
6027	1	1
6028	1	1
6029	1	1
6030	1	1
6031	1	1
6039	1	1
6040	1	1
6041	1	1
6042	1	1
6043	1	1
6044	1	1
6045	1	1
6046	1	1
6047	1	1
6057	1	1
6058	1	1
6059	1	1
6060	1	1
6061	1	1
6062	1	1
6064	1	1
6065	1	1
6066	1	1
6067	1	1
6074	1	1
6075	1	1
6076	1	1
6077	1	1
6078	1	1
6079	1	1
6080	1	1
6081	1	1
6082	1	1
6083	1	1
6084	1	1
6091	1	1
6092	1	1
6093	1	1
6096	1	1
6097	1	1
6098	1	1
6099	1	1
6107	1	1
6108	1	1
6109	1	1
6110	1	1
6111	1	1
6112	1	1
6113	1	1
6114	1	1
6115	1	1
6116	1	1
6124	1	1
6125	1	1
6126	1	1
6127	1	1
6128	1	1
6129	1	1
6130	1	1
6131	1	1
6132	1	1
6133	1	1
6141	1	1
6142	1	1
6144	1	1
6145	1	1
6146	1	1
6147	1	1
6149	1	1
6150	1	1
6161	1	1
6162	1	1
6166	1	1
6167	1	1
6179	1	1
6180	1	1
6184	1	1
6185	1	1
6192	1	1
6193	1	1
6196	1	1
6197	1	1
6198	1	1
6201	1	1
6202	1	1
6209	1	1
6210	1	1
6212	1	1
6213	1	1
6214	1	1
6215	1	1
6217	1	1
6218	1	1
6226	1	1
6227	1	1
6229	1	1
6230	1	1
6231	1	1
6232	1	1
6234	1	1
6235	1	1
6246	1	1
6247	1	1
6251	1	1
6252	1	1
6261	1	1
6262	1	1
6264	1	1
6265	1	1
6266	1	1
6267	1	1
6269	1	1
6270	1	1
6277	1	1
6278	1	1
6279	1	1
6280	1	1
6281	1	1
6282	1	1
6283	1	1
6284	1	1
6285	1	1
6286	1	1
6287	1	1
6294	1	1
6295	1	1
6296	1	1
6297	1	1
6298	1	1
6299	1	1
6300	1	1
6301	1	1
6302	1	1
6303	1	1
6311	1	1
6312	1	1
6313	1	1
6314	1	1
6315	1	1
6316	1	1
6317	1	1
6318	1	1
6319	1	1
6320	1	1
6321	1	1
6322	1	1
6323	1	1
6329	1	1
6330	1	1
6331	1	1
6332	1	1
6333	1	1
6334	1	1
6335	1	1
6336	1	1
6337	1	1
6338	1	1
6339	1	1
6340	1	1
6346	1	1
6347	1	1
6348	1	1
6349	1	1
6351	1	1
6352	1	1
6354	1	1
6363	1	1
6364	1	1
6365	1	1
6366	1	1
6368	1	1
6369	1	1
6370	1	1
6371	1	1
6380	1	1
6381	1	1
6382	1	1
6383	1	1
6385	1	1
6386	1	1
6387	1	1
6398	1	1
6399	1	1
6400	1	1
6401	1	1
6402	1	1
6403	1	1
6404	1	1
6406	1	1
6407	1	1
6408	1	1
6414	1	1
6415	1	1
6416	1	1
6417	1	1
6418	1	1
6419	1	1
6420	1	1
6422	1	1
6423	1	1
6424	1	1
6425	1	1
6431	1	1
6432	1	1
6433	1	1
6434	1	1
6438	1	1
6439	1	1
6448	1	1
6449	1	1
6450	1	1
6453	1	1
6454	1	1
6455	1	1
6467	1	1
6468	1	1
6472	1	1
6473	1	1
6484	1	1
6485	1	1
6489	1	1
6490	1	1
6532	1	1
6533	1	1
6537	1	1
6538	1	1
6549	1	1
6550	1	1
6552	1	1
6553	1	1
6554	1	1
6555	1	1
6557	1	1
6558	1	1
6569	1	1
6570	1	1
6574	1	1
6575	1	1
6584	1	1
6585	1	1
6589	1	1
6590	1	1
6601	1	1
6602	1	1
6606	1	1
6607	1	1
6617	1	1
6618	1	1
6622	1	1
6623	1	1
6634	1	1
6635	1	1
6636	1	1
6637	1	1
6639	1	1
6640	1	1
6641	1	1
6642	1	1
6644	1	1
6645	1	1
6646	1	1
6653	1	1
6654	1	1
6655	1	1
6656	1	1
6657	1	1
6658	1	1
6659	1	1
6660	1	1
6662	1	1
6663	1	1
6669	1	1
6670	1	1
6671	1	1
6672	1	1
6673	1	1
6674	1	1
6675	1	1
6676	1	1
6678	1	1
6686	1	1
6687	1	1
6688	1	1
6691	1	1
6693	1	1
6721	1	1
6722	1	1
6724	1	1
6725	1	1
6726	1	1
6727	1	1
6729	1	1
6730	1	1
6731	1	1
6738	1	1
6739	1	1
6740	1	1
6741	1	1
6743	1	1
6744	1	1
6745	1	1
6746	1	1
6747	1	1
6748	1	1
6755	1	1
6756	1	1
6757	1	1
6758	1	1
6760	1	1
6761	1	1
6762	1	1
6763	1	1
6772	1	1
6773	1	1
6777	1	1
6778	1	1
6978	1	1
6979	1	1
6983	1	1
6984	1	1
6995	1	1
6996	1	1
7000	1	1
7001	1	1
7063	1	1
7064	1	1
7068	1	1
7069	1	1
7080	1	1
7081	1	1
7085	1	1
7086	1	1
